<?xml version="1.0" encoding="UTF-8" standalone="no"?>
<!DOCTYPE log SYSTEM "logger.dtd">
<log>
<record>
  <date>2018-09-25T15:03:17</date>
  <millis>1537880597836</millis>
  <sequence>0</sequence>
  <level>START</level>
  <class>com.kms.katalon.core.logging.KeywordLogger</class>
  <method>startSuite</method>
  <thread>1</thread>
  <message>Start Test Suite : Test Suites/Home/Add addresses</message>
  <nestedLevel>0</nestedLevel>
  <property name="name">Add addresses</property>
  <property name="description"></property>
  <property name="id">Test Suites/Home/Add addresses</property>
</record>
<record>
  <date>2018-09-25T15:03:17</date>
  <millis>1537880597865</millis>
  <sequence>1</sequence>
  <level>RUN_DATA</level>
  <class>com.kms.katalon.core.logging.KeywordLogger</class>
  <method>logMessage</method>
  <thread>1</thread>
  <message>Logging run data &amp;apos;hostName&amp;apos; with value &amp;apos;WINIB-PPSA45UJK$ - WINIB-PPSA45UJK&amp;apos;</message>
  <nestedLevel>0</nestedLevel>
  <property name="hostName">WINIB-PPSA45UJK$ - WINIB-PPSA45UJK</property>
</record>
<record>
  <date>2018-09-25T15:03:17</date>
  <millis>1537880597866</millis>
  <sequence>2</sequence>
  <level>RUN_DATA</level>
  <class>com.kms.katalon.core.logging.KeywordLogger</class>
  <method>logMessage</method>
  <thread>1</thread>
  <message>Logging run data &amp;apos;os&amp;apos; with value &amp;apos;Windows 10 64bit&amp;apos;</message>
  <nestedLevel>0</nestedLevel>
  <property name="os">Windows 10 64bit</property>
</record>
<record>
  <date>2018-09-25T15:03:17</date>
  <millis>1537880597866</millis>
  <sequence>3</sequence>
  <level>RUN_DATA</level>
  <class>com.kms.katalon.core.logging.KeywordLogger</class>
  <method>logMessage</method>
  <thread>1</thread>
  <message>Logging run data &amp;apos;hostAddress&amp;apos; with value &amp;apos;192.168.56.1&amp;apos;</message>
  <nestedLevel>0</nestedLevel>
  <property name="hostAddress">192.168.56.1</property>
</record>
<record>
  <date>2018-09-25T15:03:17</date>
  <millis>1537880597867</millis>
  <sequence>4</sequence>
  <level>RUN_DATA</level>
  <class>com.kms.katalon.core.logging.KeywordLogger</class>
  <method>logMessage</method>
  <thread>1</thread>
  <message>Logging run data &amp;apos;katalonVersion&amp;apos; with value &amp;apos;5.7.1.1&amp;apos;</message>
  <nestedLevel>0</nestedLevel>
  <property name="katalonVersion">5.7.1.1</property>
</record>
<record>
  <date>2018-09-25T15:03:18</date>
  <millis>1537880598074</millis>
  <sequence>5</sequence>
  <level>START</level>
  <class>com.kms.katalon.core.logging.KeywordLogger</class>
  <method>startTest</method>
  <thread>1</thread>
  <message>Start Test Case : Test Cases/Home/Add address</message>
  <nestedLevel>1</nestedLevel>
  <property name="name">Test Cases/Home/Add address</property>
  <property name="description">Add an address. It uses the common function GoToUrl to go to the page you want in an efficient way.</property>
  <property name="id">Test Cases/Home/Add address</property>
  <property name="source">C:\\Users\\stagiaire\\git\\katalon-exam-answers\\Test Cases\\Home\\Add address.tc</property>
  <property name="isOptional">false</property>
</record>
<record>
  <date>2018-09-25T15:03:18</date>
  <millis>1537880598089</millis>
  <sequence>6</sequence>
  <level>INFO</level>
  <class>com.kms.katalon.core.logging.KeywordLogger</class>
  <method>logMessage</method>
  <thread>1</thread>
  <message>Evaluating variables for test case</message>
  <nestedLevel>1</nestedLevel>
</record>
<record>
  <date>2018-09-25T15:03:18</date>
  <millis>1537880598090</millis>
  <sequence>7</sequence>
  <level>INFO</level>
  <class>com.kms.katalon.core.logging.KeywordLogger</class>
  <method>logMessage</method>
  <thread>1</thread>
  <message>Variable &amp;apos;firstName&amp;apos; is set to Gert-Jan</message>
  <nestedLevel>1</nestedLevel>
</record>
<record>
  <date>2018-09-25T15:03:18</date>
  <millis>1537880598091</millis>
  <sequence>8</sequence>
  <level>INFO</level>
  <class>com.kms.katalon.core.logging.KeywordLogger</class>
  <method>logMessage</method>
  <thread>1</thread>
  <message>Variable &amp;apos;lastName&amp;apos; is set to Paulissen</message>
  <nestedLevel>1</nestedLevel>
</record>
<record>
  <date>2018-09-25T15:03:18</date>
  <millis>1537880598091</millis>
  <sequence>9</sequence>
  <level>INFO</level>
  <class>com.kms.katalon.core.logging.KeywordLogger</class>
  <method>logMessage</method>
  <thread>1</thread>
  <message>Variable &amp;apos;address1&amp;apos; is set to 20 Rue de Cantaranne</message>
  <nestedLevel>1</nestedLevel>
</record>
<record>
  <date>2018-09-25T15:03:18</date>
  <millis>1537880598092</millis>
  <sequence>10</sequence>
  <level>INFO</level>
  <class>com.kms.katalon.core.logging.KeywordLogger</class>
  <method>logMessage</method>
  <thread>1</thread>
  <message>Variable &amp;apos;city&amp;apos; is set to Gradignan</message>
  <nestedLevel>1</nestedLevel>
</record>
<record>
  <date>2018-09-25T15:03:18</date>
  <millis>1537880598092</millis>
  <sequence>11</sequence>
  <level>INFO</level>
  <class>com.kms.katalon.core.logging.KeywordLogger</class>
  <method>logMessage</method>
  <thread>1</thread>
  <message>Variable &amp;apos;state&amp;apos; is set to Alabama</message>
  <nestedLevel>1</nestedLevel>
</record>
<record>
  <date>2018-09-25T15:03:18</date>
  <millis>1537880598093</millis>
  <sequence>12</sequence>
  <level>INFO</level>
  <class>com.kms.katalon.core.logging.KeywordLogger</class>
  <method>logMessage</method>
  <thread>1</thread>
  <message>Variable &amp;apos;postCode&amp;apos; is set to 33170</message>
  <nestedLevel>1</nestedLevel>
</record>
<record>
  <date>2018-09-25T15:03:18</date>
  <millis>1537880598093</millis>
  <sequence>13</sequence>
  <level>INFO</level>
  <class>com.kms.katalon.core.logging.KeywordLogger</class>
  <method>logMessage</method>
  <thread>1</thread>
  <message>Variable &amp;apos;phone&amp;apos; is set to +337635956952</message>
  <nestedLevel>1</nestedLevel>
</record>
<record>
  <date>2018-09-25T15:03:18</date>
  <millis>1537880598094</millis>
  <sequence>14</sequence>
  <level>INFO</level>
  <class>com.kms.katalon.core.logging.KeywordLogger</class>
  <method>logMessage</method>
  <thread>1</thread>
  <message>Variable &amp;apos;alias&amp;apos; is set to Home</message>
  <nestedLevel>1</nestedLevel>
</record>
<record>
  <date>2018-09-25T15:03:18</date>
  <millis>1537880598436</millis>
  <sequence>15</sequence>
  <level>START</level>
  <class>com.kms.katalon.core.logging.KeywordLogger</class>
  <method>startKeyword</method>
  <thread>1</thread>
  <message>Start action : Statement - If (!(com.kms.katalon.core.webui.keyword.WebUiBuiltInKeywords.callTestCase(com.kms.katalon.core.testcase.TestCaseFactory.findTestCase(Common/FindAddress), [\&amp;quot;alias\&amp;quot;:alias])))</message>
  <nestedLevel>1</nestedLevel>
  <property name="startLine">22</property>
  <property name="stepIndex">1</property>
</record>
<record>
  <date>2018-09-25T15:03:18</date>
  <millis>1537880598491</millis>
  <sequence>16</sequence>
  <level>INFO</level>
  <class>com.kms.katalon.core.logging.KeywordLogger</class>
  <method>logMessage</method>
  <thread>1</thread>
  <message>Checking called Test Case</message>
  <nestedLevel>1</nestedLevel>
</record>
<record>
  <date>2018-09-25T15:03:18</date>
  <millis>1537880598491</millis>
  <sequence>17</sequence>
  <level>INFO</level>
  <class>com.kms.katalon.core.logging.KeywordLogger</class>
  <method>logMessage</method>
  <thread>1</thread>
  <message>Starting to call Test Case &amp;apos;Test Cases/Common/FindAddress&amp;apos;</message>
  <nestedLevel>1</nestedLevel>
</record>
<record>
  <date>2018-09-25T15:03:18</date>
  <millis>1537880598544</millis>
  <sequence>18</sequence>
  <level>START</level>
  <class>com.kms.katalon.core.logging.KeywordLogger</class>
  <method>startTest</method>
  <thread>1</thread>
  <message>Start Test Case : Test Cases/Common/FindAddress</message>
  <nestedLevel>2</nestedLevel>
  <property name="name">Test Cases/Common/FindAddress</property>
  <property name="description">Add an address. It uses the common function GoToUrl to go to the page you want in an efficient way.</property>
  <property name="id">Test Cases/Common/FindAddress</property>
  <property name="source">C:\\Users\\stagiaire\\git\\katalon-exam-answers\\Test Cases\\Common\\FindAddress.tc</property>
  <property name="isOptional">false</property>
</record>
<record>
  <date>2018-09-25T15:03:18</date>
  <millis>1537880598551</millis>
  <sequence>19</sequence>
  <level>INFO</level>
  <class>com.kms.katalon.core.logging.KeywordLogger</class>
  <method>logMessage</method>
  <thread>1</thread>
  <message>Evaluating variables for test case</message>
  <nestedLevel>2</nestedLevel>
</record>
<record>
  <date>2018-09-25T15:03:18</date>
  <millis>1537880598552</millis>
  <sequence>20</sequence>
  <level>INFO</level>
  <class>com.kms.katalon.core.logging.KeywordLogger</class>
  <method>logMessage</method>
  <thread>1</thread>
  <message>Variable &amp;apos;alias&amp;apos; is set to Home</message>
  <nestedLevel>2</nestedLevel>
</record>
<record>
  <date>2018-09-25T15:03:18</date>
  <millis>1537880598651</millis>
  <sequence>21</sequence>
  <level>START</level>
  <class>com.kms.katalon.core.logging.KeywordLogger</class>
  <method>startKeyword</method>
  <thread>1</thread>
  <message>Start action : callTestCase</message>
  <nestedLevel>1</nestedLevel>
  <property name="startLine">22</property>
  <property name="stepIndex">1</property>
</record>
<record>
  <date>2018-09-25T15:03:18</date>
  <millis>1537880598664</millis>
  <sequence>22</sequence>
  <level>INFO</level>
  <class>com.kms.katalon.core.logging.KeywordLogger</class>
  <method>logMessage</method>
  <thread>1</thread>
  <message>Checking called Test Case</message>
  <nestedLevel>2</nestedLevel>
</record>
<record>
  <date>2018-09-25T15:03:18</date>
  <millis>1537880598665</millis>
  <sequence>23</sequence>
  <level>INFO</level>
  <class>com.kms.katalon.core.logging.KeywordLogger</class>
  <method>logMessage</method>
  <thread>1</thread>
  <message>Starting to call Test Case &amp;apos;Test Cases/Common/GoToUrl&amp;apos;</message>
  <nestedLevel>2</nestedLevel>
</record>
<record>
  <date>2018-09-25T15:03:18</date>
  <millis>1537880598717</millis>
  <sequence>24</sequence>
  <level>START</level>
  <class>com.kms.katalon.core.logging.KeywordLogger</class>
  <method>startTest</method>
  <thread>1</thread>
  <message>Start Test Case : Test Cases/Common/GoToUrl</message>
  <nestedLevel>3</nestedLevel>
  <property name="name">Test Cases/Common/GoToUrl</property>
  <property name="description">Go to an URL. This test case is actually just a function that will open the browser only once, when needed. It also checks whether you have signed in and if not, it will sign in. Finally it wil go to the url supplied as a parameter.</property>
  <property name="id">Test Cases/Common/GoToUrl</property>
  <property name="source">C:\\Users\\stagiaire\\git\\katalon-exam-answers\\Test Cases\\Common\\GoToUrl.tc</property>
  <property name="isOptional">false</property>
</record>
<record>
  <date>2018-09-25T15:03:18</date>
  <millis>1537880598725</millis>
  <sequence>25</sequence>
  <level>INFO</level>
  <class>com.kms.katalon.core.logging.KeywordLogger</class>
  <method>logMessage</method>
  <thread>1</thread>
  <message>Evaluating variables for test case</message>
  <nestedLevel>3</nestedLevel>
</record>
<record>
  <date>2018-09-25T15:03:18</date>
  <millis>1537880598726</millis>
  <sequence>26</sequence>
  <level>INFO</level>
  <class>com.kms.katalon.core.logging.KeywordLogger</class>
  <method>logMessage</method>
  <thread>1</thread>
  <message>Variable &amp;apos;url&amp;apos; is set to http://automationpractice.com/index.php?controller=addresses</message>
  <nestedLevel>3</nestedLevel>
</record>
<record>
  <date>2018-09-25T15:03:18</date>
  <millis>1537880598850</millis>
  <sequence>27</sequence>
  <level>START</level>
  <class>com.kms.katalon.core.logging.KeywordLogger</class>
  <method>startKeyword</method>
  <thread>1</thread>
  <message>Start action : Statement - currentUrl = \&amp;quot;\&amp;quot;</message>
  <nestedLevel>1</nestedLevel>
  <property name="startLine">16</property>
  <property name="stepIndex">1</property>
</record>
<record>
  <date>2018-09-25T15:03:18</date>
  <millis>1537880598855</millis>
  <sequence>28</sequence>
  <level>END</level>
  <class>com.kms.katalon.core.logging.KeywordLogger</class>
  <method>endKeyword</method>
  <thread>1</thread>
  <message>End action : Statement - currentUrl = \&amp;quot;\&amp;quot;</message>
  <nestedLevel>1</nestedLevel>
</record>
<record>
  <date>2018-09-25T15:03:18</date>
  <millis>1537880598856</millis>
  <sequence>29</sequence>
  <level>START</level>
  <class>com.kms.katalon.core.logging.KeywordLogger</class>
  <method>startKeyword</method>
  <thread>1</thread>
  <message>Start action : Statement - Try</message>
  <nestedLevel>1</nestedLevel>
  <property name="startLine">18</property>
  <property name="stepIndex">2</property>
</record>
<record>
  <date>2018-09-25T15:03:18</date>
  <millis>1537880598860</millis>
  <sequence>30</sequence>
  <level>START</level>
  <class>com.kms.katalon.core.logging.KeywordLogger</class>
  <method>startKeyword</method>
  <thread>1</thread>
  <message>Start action : Statement - currentUrl = com.kms.katalon.core.webui.keyword.WebUiBuiltInKeywords.getUrl()</message>
  <nestedLevel>2</nestedLevel>
  <property name="startLine">19</property>
  <property name="stepIndex">1</property>
</record>
<record>
  <date>2018-09-25T15:03:18</date>
  <millis>1537880598982</millis>
  <sequence>31</sequence>
  <level>INFO</level>
  <class>com.kms.katalon.core.logging.KeywordLogger</class>
  <method>logMessage</method>
  <thread>1</thread>
  <message>Getting current window&amp;apos;s url</message>
  <nestedLevel>3</nestedLevel>
</record>
<record>
  <date>2018-09-25T15:03:18</date>
  <millis>1537880598996</millis>
  <sequence>32</sequence>
  <level>WARNING</level>
  <class>com.kms.katalon.core.logging.KeywordLogger</class>
  <method>logMessage</method>
  <thread>1</thread>
  <message>Cannot take screenshot</message>
  <nestedLevel>3</nestedLevel>
</record>
<record>
  <date>2018-09-25T15:03:18</date>
  <millis>1537880598998</millis>
  <sequence>33</sequence>
  <level>FAILED</level>
  <class>com.kms.katalon.core.logging.KeywordLogger</class>
  <method>logMessage</method>
  <thread>1</thread>
  <message>Unable to get the url of the current window (Root cause: com.kms.katalon.core.webui.exception.BrowserNotOpenedException: Browser is not opened\nBuild info: version: &amp;apos;3.7.1&amp;apos;, revision: &amp;apos;8a0099a&amp;apos;, time: &amp;apos;2017-11-06T21:07:36.161Z&amp;apos;\nSystem info: host: &amp;apos;WINIB-PPSA45UJK&amp;apos;, ip: &amp;apos;192.168.56.1&amp;apos;, os.name: &amp;apos;Windows 10&amp;apos;, os.arch: &amp;apos;amd64&amp;apos;, os.version: &amp;apos;10.0&amp;apos;, java.version: &amp;apos;1.8.0_181&amp;apos;\nDriver info: driver.version: unknown)</message>
  <nestedLevel>3</nestedLevel>
</record>
<record>
  <date>2018-09-25T15:03:18</date>
  <millis>1537880598999</millis>
  <sequence>34</sequence>
  <level>END</level>
  <class>com.kms.katalon.core.logging.KeywordLogger</class>
  <method>endKeyword</method>
  <thread>1</thread>
  <message>End action : Statement - currentUrl = com.kms.katalon.core.webui.keyword.WebUiBuiltInKeywords.getUrl()</message>
  <nestedLevel>2</nestedLevel>
</record>
<record>
  <date>2018-09-25T15:03:18</date>
  <millis>1537880598999</millis>
  <sequence>35</sequence>
  <level>END</level>
  <class>com.kms.katalon.core.logging.KeywordLogger</class>
  <method>endKeyword</method>
  <thread>1</thread>
  <message>End action : Statement - Try</message>
  <nestedLevel>1</nestedLevel>
</record>
<record>
  <date>2018-09-25T15:03:19</date>
  <millis>1537880599000</millis>
  <sequence>36</sequence>
  <level>START</level>
  <class>com.kms.katalon.core.logging.KeywordLogger</class>
  <method>startKeyword</method>
  <thread>1</thread>
  <message>Start action : Statement - Catch (com.kms.katalon.core.exception.StepFailedException e)</message>
  <nestedLevel>1</nestedLevel>
  <property name="startLine">21</property>
  <property name="stepIndex">3</property>
</record>
<record>
  <date>2018-09-25T15:03:19</date>
  <millis>1537880599000</millis>
  <sequence>37</sequence>
  <level>START</level>
  <class>com.kms.katalon.core.logging.KeywordLogger</class>
  <method>startKeyword</method>
  <thread>1</thread>
  <message>Start action : openBrowser</message>
  <nestedLevel>2</nestedLevel>
  <property name="startLine">23</property>
  <property name="stepIndex">1</property>
</record>
<record>
  <date>2018-09-25T15:03:19</date>
  <millis>1537880599013</millis>
  <sequence>38</sequence>
  <level>INFO</level>
  <class>com.kms.katalon.core.logging.KeywordLogger</class>
  <method>logMessage</method>
  <thread>1</thread>
  <message>Opening browser</message>
  <nestedLevel>3</nestedLevel>
</record>
<record>
  <date>2018-09-25T15:03:19</date>
  <millis>1537880599014</millis>
  <sequence>39</sequence>
  <level>INFO</level>
  <class>com.kms.katalon.core.logging.KeywordLogger</class>
  <method>logMessage</method>
  <thread>1</thread>
  <message>Starting &amp;apos;Chrome&amp;apos; driver</message>
  <nestedLevel>3</nestedLevel>
</record>
<record>
  <date>2018-09-25T15:03:19</date>
  <millis>1537880599034</millis>
  <sequence>40</sequence>
  <level>INFO</level>
  <class>com.kms.katalon.core.logging.KeywordLogger</class>
  <method>logMessage</method>
  <thread>1</thread>
  <message>Action delay is set to 0 seconds</message>
  <nestedLevel>3</nestedLevel>
</record>
<record>
  <date>2018-09-25T15:03:21</date>
  <millis>1537880601473</millis>
  <sequence>42</sequence>
  <level>RUN_DATA</level>
  <class>com.kms.katalon.core.logging.KeywordLogger</class>
  <method>logMessage</method>
  <thread>1</thread>
  <message>Logging run data &amp;apos;sessionId&amp;apos; with value &amp;apos;785f3c2d7faad6d1e899977e2b35d631&amp;apos;</message>
  <nestedLevel>3</nestedLevel>
  <property name="sessionId">785f3c2d7faad6d1e899977e2b35d631</property>
</record>
<record>
  <date>2018-09-25T15:03:21</date>
  <millis>1537880601506</millis>
  <sequence>43</sequence>
  <level>RUN_DATA</level>
  <class>com.kms.katalon.core.logging.KeywordLogger</class>
  <method>logMessage</method>
  <thread>1</thread>
  <message>Logging run data &amp;apos;browser&amp;apos; with value &amp;apos;Chrome 69.0.3497.100&amp;apos;</message>
  <nestedLevel>3</nestedLevel>
  <property name="browser">Chrome 69.0.3497.100</property>
</record>
<record>
  <date>2018-09-25T15:03:21</date>
  <millis>1537880601507</millis>
  <sequence>44</sequence>
  <level>RUN_DATA</level>
  <class>com.kms.katalon.core.logging.KeywordLogger</class>
  <method>logMessage</method>
  <thread>1</thread>
  <message>Logging run data &amp;apos;platform&amp;apos; with value &amp;apos;Windows 10&amp;apos;</message>
  <nestedLevel>3</nestedLevel>
  <property name="platform">Windows 10</property>
</record>
<record>
  <date>2018-09-25T15:03:21</date>
  <millis>1537880601507</millis>
  <sequence>45</sequence>
  <level>RUN_DATA</level>
  <class>com.kms.katalon.core.logging.KeywordLogger</class>
  <method>logMessage</method>
  <thread>1</thread>
  <message>Logging run data &amp;apos;seleniumVersion&amp;apos; with value &amp;apos;3.7.1&amp;apos;</message>
  <nestedLevel>3</nestedLevel>
  <property name="seleniumVersion">3.7.1</property>
</record>
<record>
  <date>2018-09-25T15:03:21</date>
  <millis>1537880601507</millis>
  <sequence>46</sequence>
  <level>RUN_DATA</level>
  <class>com.kms.katalon.core.logging.KeywordLogger</class>
  <method>logMessage</method>
  <thread>1</thread>
  <message>Logging run data &amp;apos;proxyInformation&amp;apos; with value &amp;apos;ProxyInformation{proxyOption=NO_PROXY, proxyServerType=HTTP, password=, proxyServerAddress=, proxyServerPort=0}&amp;apos;</message>
  <nestedLevel>3</nestedLevel>
  <property name="proxyInformation">ProxyInformation{proxyOption=NO_PROXY, proxyServerType=HTTP, password=, proxyServerAddress=, proxyServerPort=0}</property>
</record>
<record>
  <date>2018-09-25T15:03:21</date>
  <millis>1537880601509</millis>
  <sequence>47</sequence>
  <level>INFO</level>
  <class>com.kms.katalon.core.logging.KeywordLogger</class>
  <method>logMessage</method>
  <thread>1</thread>
  <message>Navigating browser to: &amp;apos;http://automationpractice.com/index.php?controller=addresses&amp;apos;</message>
  <nestedLevel>3</nestedLevel>
</record>
<record>
  <date>2018-09-25T15:03:24</date>
  <millis>1537880604930</millis>
  <sequence>48</sequence>
  <level>PASSED</level>
  <class>com.kms.katalon.core.logging.KeywordLogger</class>
  <method>logMessage</method>
  <thread>1</thread>
  <message>Browser is opened with url: &amp;apos;http://automationpractice.com/index.php?controller=addresses&amp;apos;</message>
  <nestedLevel>3</nestedLevel>
</record>
<record>
  <date>2018-09-25T15:03:24</date>
  <millis>1537880604930</millis>
  <sequence>49</sequence>
  <level>END</level>
  <class>com.kms.katalon.core.logging.KeywordLogger</class>
  <method>endKeyword</method>
  <thread>1</thread>
  <message>End action : openBrowser</message>
  <nestedLevel>2</nestedLevel>
</record>
<record>
  <date>2018-09-25T15:03:24</date>
  <millis>1537880604931</millis>
  <sequence>50</sequence>
  <level>START</level>
  <class>com.kms.katalon.core.logging.KeywordLogger</class>
  <method>startKeyword</method>
  <thread>1</thread>
  <message>Start action : maximizeWindow</message>
  <nestedLevel>2</nestedLevel>
  <property name="startLine">25</property>
  <property name="stepIndex">2</property>
</record>
<record>
  <date>2018-09-25T15:03:24</date>
  <millis>1537880604946</millis>
  <sequence>51</sequence>
  <level>INFO</level>
  <class>com.kms.katalon.core.logging.KeywordLogger</class>
  <method>logMessage</method>
  <thread>1</thread>
  <message>Maximizing current window</message>
  <nestedLevel>3</nestedLevel>
</record>
<record>
  <date>2018-09-25T15:03:26</date>
  <millis>1537880606062</millis>
  <sequence>52</sequence>
  <level>PASSED</level>
  <class>com.kms.katalon.core.logging.KeywordLogger</class>
  <method>logMessage</method>
  <thread>1</thread>
  <message>Current window maximized</message>
  <nestedLevel>3</nestedLevel>
</record>
<record>
  <date>2018-09-25T15:03:26</date>
  <millis>1537880606063</millis>
  <sequence>53</sequence>
  <level>END</level>
  <class>com.kms.katalon.core.logging.KeywordLogger</class>
  <method>endKeyword</method>
  <thread>1</thread>
  <message>End action : maximizeWindow</message>
  <nestedLevel>2</nestedLevel>
</record>
<record>
  <date>2018-09-25T15:03:26</date>
  <millis>1537880606064</millis>
  <sequence>54</sequence>
  <level>START</level>
  <class>com.kms.katalon.core.logging.KeywordLogger</class>
  <method>startKeyword</method>
  <thread>1</thread>
  <message>Start action : Statement - currentUrl = com.kms.katalon.core.webui.keyword.WebUiBuiltInKeywords.getUrl()</message>
  <nestedLevel>2</nestedLevel>
  <property name="startLine">27</property>
  <property name="stepIndex">3</property>
</record>
<record>
  <date>2018-09-25T15:03:26</date>
  <millis>1537880606071</millis>
  <sequence>55</sequence>
  <level>INFO</level>
  <class>com.kms.katalon.core.logging.KeywordLogger</class>
  <method>logMessage</method>
  <thread>1</thread>
  <message>Getting current window&amp;apos;s url</message>
  <nestedLevel>3</nestedLevel>
</record>
<record>
  <date>2018-09-25T15:03:26</date>
  <millis>1537880606079</millis>
  <sequence>56</sequence>
  <level>PASSED</level>
  <class>com.kms.katalon.core.logging.KeywordLogger</class>
  <method>logMessage</method>
  <thread>1</thread>
  <message>Current window&amp;apos;s url is: &amp;apos;http://automationpractice.com/index.php?controller=authentication&amp;amp;back=addresses&amp;apos;</message>
  <nestedLevel>3</nestedLevel>
</record>
<record>
  <date>2018-09-25T15:03:26</date>
  <millis>1537880606080</millis>
  <sequence>57</sequence>
  <level>END</level>
  <class>com.kms.katalon.core.logging.KeywordLogger</class>
  <method>endKeyword</method>
  <thread>1</thread>
  <message>End action : Statement - currentUrl = com.kms.katalon.core.webui.keyword.WebUiBuiltInKeywords.getUrl()</message>
  <nestedLevel>2</nestedLevel>
</record>
<record>
  <date>2018-09-25T15:03:26</date>
  <millis>1537880606080</millis>
  <sequence>58</sequence>
  <level>END</level>
  <class>com.kms.katalon.core.logging.KeywordLogger</class>
  <method>endKeyword</method>
  <thread>1</thread>
  <message>End action : Statement - Catch (com.kms.katalon.core.exception.StepFailedException e)</message>
  <nestedLevel>1</nestedLevel>
</record>
<record>
  <date>2018-09-25T15:03:26</date>
  <millis>1537880606081</millis>
  <sequence>59</sequence>
  <level>START</level>
  <class>com.kms.katalon.core.logging.KeywordLogger</class>
  <method>startKeyword</method>
  <thread>1</thread>
  <message>Start action : Statement - If (!(currentUrl.equals(url)))</message>
  <nestedLevel>1</nestedLevel>
  <property name="startLine">30</property>
  <property name="stepIndex">5</property>
</record>
<record>
  <date>2018-09-25T15:03:26</date>
  <millis>1537880606087</millis>
  <sequence>60</sequence>
  <level>START</level>
  <class>com.kms.katalon.core.logging.KeywordLogger</class>
  <method>startKeyword</method>
  <thread>1</thread>
  <message>Start action : navigateToUrl</message>
  <nestedLevel>2</nestedLevel>
  <property name="startLine">31</property>
  <property name="stepIndex">1</property>
</record>
<record>
  <date>2018-09-25T15:03:26</date>
  <millis>1537880606101</millis>
  <sequence>61</sequence>
  <level>INFO</level>
  <class>com.kms.katalon.core.logging.KeywordLogger</class>
  <method>logMessage</method>
  <thread>1</thread>
  <message>Checking url</message>
  <nestedLevel>3</nestedLevel>
</record>
<record>
  <date>2018-09-25T15:03:26</date>
  <millis>1537880606102</millis>
  <sequence>62</sequence>
  <level>INFO</level>
  <class>com.kms.katalon.core.logging.KeywordLogger</class>
  <method>logMessage</method>
  <thread>1</thread>
  <message>Navigating to &amp;apos;http://automationpractice.com/index.php?controller=addresses&amp;apos;</message>
  <nestedLevel>3</nestedLevel>
</record>
<record>
  <date>2018-09-25T15:03:27</date>
  <millis>1537880607098</millis>
  <sequence>63</sequence>
  <level>PASSED</level>
  <class>com.kms.katalon.core.logging.KeywordLogger</class>
  <method>logMessage</method>
  <thread>1</thread>
  <message>Navigate to &amp;apos;http://automationpractice.com/index.php?controller=addresses&amp;apos; successfully</message>
  <nestedLevel>3</nestedLevel>
</record>
<record>
  <date>2018-09-25T15:03:27</date>
  <millis>1537880607099</millis>
  <sequence>64</sequence>
  <level>END</level>
  <class>com.kms.katalon.core.logging.KeywordLogger</class>
  <method>endKeyword</method>
  <thread>1</thread>
  <message>End action : navigateToUrl</message>
  <nestedLevel>2</nestedLevel>
</record>
<record>
  <date>2018-09-25T15:03:27</date>
  <millis>1537880607099</millis>
  <sequence>65</sequence>
  <level>START</level>
  <class>com.kms.katalon.core.logging.KeywordLogger</class>
  <method>startKeyword</method>
  <thread>1</thread>
  <message>Start action : waitForPageLoad</message>
  <nestedLevel>2</nestedLevel>
  <property name="startLine">33</property>
  <property name="stepIndex">2</property>
</record>
<record>
  <date>2018-09-25T15:03:27</date>
  <millis>1537880607110</millis>
  <sequence>66</sequence>
  <level>INFO</level>
  <class>com.kms.katalon.core.logging.KeywordLogger</class>
  <method>logMessage</method>
  <thread>1</thread>
  <message>Checking timeout</message>
  <nestedLevel>3</nestedLevel>
</record>
<record>
  <date>2018-09-25T15:03:27</date>
  <millis>1537880607134</millis>
  <sequence>67</sequence>
  <level>PASSED</level>
  <class>com.kms.katalon.core.logging.KeywordLogger</class>
  <method>logMessage</method>
  <thread>1</thread>
  <message>Wait for page load successfully</message>
  <nestedLevel>3</nestedLevel>
</record>
<record>
  <date>2018-09-25T15:03:27</date>
  <millis>1537880607134</millis>
  <sequence>68</sequence>
  <level>END</level>
  <class>com.kms.katalon.core.logging.KeywordLogger</class>
  <method>endKeyword</method>
  <thread>1</thread>
  <message>End action : waitForPageLoad</message>
  <nestedLevel>2</nestedLevel>
</record>
<record>
  <date>2018-09-25T15:03:27</date>
  <millis>1537880607134</millis>
  <sequence>69</sequence>
  <level>END</level>
  <class>com.kms.katalon.core.logging.KeywordLogger</class>
  <method>endKeyword</method>
  <thread>1</thread>
  <message>End action : Statement - If (!(currentUrl.equals(url)))</message>
  <nestedLevel>1</nestedLevel>
</record>
<record>
  <date>2018-09-25T15:03:27</date>
  <millis>1537880607135</millis>
  <sequence>70</sequence>
  <level>START</level>
  <class>com.kms.katalon.core.logging.KeywordLogger</class>
  <method>startKeyword</method>
  <thread>1</thread>
  <message>Start action : Statement - Try</message>
  <nestedLevel>1</nestedLevel>
  <property name="startLine">36</property>
  <property name="stepIndex">6</property>
</record>
<record>
  <date>2018-09-25T15:03:27</date>
  <millis>1537880607140</millis>
  <sequence>71</sequence>
  <level>START</level>
  <class>com.kms.katalon.core.logging.KeywordLogger</class>
  <method>startKeyword</method>
  <thread>1</thread>
  <message>Start action : verifyTextPresent</message>
  <nestedLevel>2</nestedLevel>
  <property name="startLine">38</property>
  <property name="stepIndex">1</property>
</record>
<record>
  <date>2018-09-25T15:03:27</date>
  <millis>1537880607150</millis>
  <sequence>72</sequence>
  <level>INFO</level>
  <class>com.kms.katalon.core.logging.KeywordLogger</class>
  <method>logMessage</method>
  <thread>1</thread>
  <message>Checking text present </message>
  <nestedLevel>3</nestedLevel>
</record>
<record>
  <date>2018-09-25T15:03:27</date>
  <millis>1537880607248</millis>
  <sequence>73</sequence>
  <level>INFO</level>
  <class>com.kms.katalon.core.logging.KeywordLogger</class>
  <method>logMessage</method>
  <thread>1</thread>
  <message>Finding text &amp;apos;Sign in&amp;apos; on page </message>
  <nestedLevel>3</nestedLevel>
</record>
<record>
  <date>2018-09-25T15:03:27</date>
  <millis>1537880607248</millis>
  <sequence>74</sequence>
  <level>PASSED</level>
  <class>com.kms.katalon.core.logging.KeywordLogger</class>
  <method>logMessage</method>
  <thread>1</thread>
  <message>Text &amp;apos;Sign in&amp;apos; is present on page </message>
  <nestedLevel>3</nestedLevel>
</record>
<record>
  <date>2018-09-25T15:03:27</date>
  <millis>1537880607249</millis>
  <sequence>75</sequence>
  <level>END</level>
  <class>com.kms.katalon.core.logging.KeywordLogger</class>
  <method>endKeyword</method>
  <thread>1</thread>
  <message>End action : verifyTextPresent</message>
  <nestedLevel>2</nestedLevel>
</record>
<record>
  <date>2018-09-25T15:03:27</date>
  <millis>1537880607249</millis>
  <sequence>76</sequence>
  <level>START</level>
  <class>com.kms.katalon.core.logging.KeywordLogger</class>
  <method>startKeyword</method>
  <thread>1</thread>
  <message>Start action : click</message>
  <nestedLevel>2</nestedLevel>
  <property name="startLine">40</property>
  <property name="stepIndex">2</property>
</record>
<record>
  <date>2018-09-25T15:03:27</date>
  <millis>1537880607259</millis>
  <sequence>77</sequence>
  <level>INFO</level>
  <class>com.kms.katalon.core.logging.KeywordLogger</class>
  <method>logMessage</method>
  <thread>1</thread>
  <message>Finding Test Object with id &amp;apos;Object Repository/Login/a_Sign in&amp;apos;</message>
  <nestedLevel>3</nestedLevel>
</record>
<record>
  <date>2018-09-25T15:03:27</date>
  <millis>1537880607273</millis>
  <sequence>78</sequence>
  <level>INFO</level>
  <class>com.kms.katalon.core.logging.KeywordLogger</class>
  <method>logMessage</method>
  <thread>1</thread>
  <message>Checking object</message>
  <nestedLevel>3</nestedLevel>
</record>
<record>
  <date>2018-09-25T15:03:27</date>
  <millis>1537880607274</millis>
  <sequence>79</sequence>
  <level>INFO</level>
  <class>com.kms.katalon.core.logging.KeywordLogger</class>
  <method>logMessage</method>
  <thread>1</thread>
  <message>Checking timeout</message>
  <nestedLevel>3</nestedLevel>
</record>
<record>
  <date>2018-09-25T15:03:27</date>
  <millis>1537880607278</millis>
  <sequence>80</sequence>
  <level>INFO</level>
  <class>com.kms.katalon.core.logging.KeywordLogger</class>
  <method>logMessage</method>
  <thread>1</thread>
  <message>Finding web element with id: &amp;apos;Object Repository/Login/a_Sign in&amp;apos; located by &amp;apos;By.xpath: //a[@href = &amp;apos;http://automationpractice.com/index.php?controller=my-account&amp;apos; and @title = &amp;apos;Log in to your customer account&amp;apos; and (text() = &amp;apos;\n\t\t\tSign in\n\t\t&amp;apos; or . = &amp;apos;\n\t\t\tSign in\n\t\t&amp;apos;)]&amp;apos; in &amp;apos;10&amp;apos; second(s)</message>
  <nestedLevel>3</nestedLevel>
</record>
<record>
  <date>2018-09-25T15:03:27</date>
  <millis>1537880607295</millis>
  <sequence>81</sequence>
  <level>INFO</level>
  <class>com.kms.katalon.core.logging.KeywordLogger</class>
  <method>logMessage</method>
  <thread>1</thread>
  <message>Found 1 web elements with id: &amp;apos;Object Repository/Login/a_Sign in&amp;apos; located by &amp;apos;By.xpath: //a[@href = &amp;apos;http://automationpractice.com/index.php?controller=my-account&amp;apos; and @title = &amp;apos;Log in to your customer account&amp;apos; and (text() = &amp;apos;\n\t\t\tSign in\n\t\t&amp;apos; or . = &amp;apos;\n\t\t\tSign in\n\t\t&amp;apos;)]&amp;apos; in &amp;apos;10&amp;apos; second(s)</message>
  <nestedLevel>3</nestedLevel>
</record>
<record>
  <date>2018-09-25T15:03:27</date>
  <millis>1537880607295</millis>
  <sequence>82</sequence>
  <level>INFO</level>
  <class>com.kms.katalon.core.logging.KeywordLogger</class>
  <method>logMessage</method>
  <thread>1</thread>
  <message>Clicking on object: &amp;apos;Object Repository/Login/a_Sign in&amp;apos;</message>
  <nestedLevel>3</nestedLevel>
</record>
<record>
  <date>2018-09-25T15:03:28</date>
  <millis>1537880608686</millis>
  <sequence>83</sequence>
  <level>PASSED</level>
  <class>com.kms.katalon.core.logging.KeywordLogger</class>
  <method>logMessage</method>
  <thread>1</thread>
  <message>Object: &amp;apos;Object Repository/Login/a_Sign in&amp;apos; is clicked on</message>
  <nestedLevel>3</nestedLevel>
</record>
<record>
  <date>2018-09-25T15:03:28</date>
  <millis>1537880608687</millis>
  <sequence>84</sequence>
  <level>END</level>
  <class>com.kms.katalon.core.logging.KeywordLogger</class>
  <method>endKeyword</method>
  <thread>1</thread>
  <message>End action : click</message>
  <nestedLevel>2</nestedLevel>
</record>
<record>
  <date>2018-09-25T15:03:28</date>
  <millis>1537880608687</millis>
  <sequence>85</sequence>
  <level>START</level>
  <class>com.kms.katalon.core.logging.KeywordLogger</class>
  <method>startKeyword</method>
  <thread>1</thread>
  <message>Start action : setText</message>
  <nestedLevel>2</nestedLevel>
  <property name="startLine">42</property>
  <property name="stepIndex">3</property>
</record>
<record>
  <date>2018-09-25T15:03:28</date>
  <millis>1537880608691</millis>
  <sequence>86</sequence>
  <level>INFO</level>
  <class>com.kms.katalon.core.logging.KeywordLogger</class>
  <method>logMessage</method>
  <thread>1</thread>
  <message>Finding Test Object with id &amp;apos;Object Repository/Login/input_email&amp;apos;</message>
  <nestedLevel>3</nestedLevel>
</record>
<record>
  <date>2018-09-25T15:03:28</date>
  <millis>1537880608701</millis>
  <sequence>87</sequence>
  <level>INFO</level>
  <class>com.kms.katalon.core.logging.KeywordLogger</class>
  <method>logMessage</method>
  <thread>1</thread>
  <message>Checking object</message>
  <nestedLevel>3</nestedLevel>
</record>
<record>
  <date>2018-09-25T15:03:28</date>
  <millis>1537880608702</millis>
  <sequence>88</sequence>
  <level>INFO</level>
  <class>com.kms.katalon.core.logging.KeywordLogger</class>
  <method>logMessage</method>
  <thread>1</thread>
  <message>Checking text</message>
  <nestedLevel>3</nestedLevel>
</record>
<record>
  <date>2018-09-25T15:03:28</date>
  <millis>1537880608702</millis>
  <sequence>89</sequence>
  <level>INFO</level>
  <class>com.kms.katalon.core.logging.KeywordLogger</class>
  <method>logMessage</method>
  <thread>1</thread>
  <message>Checking timeout</message>
  <nestedLevel>3</nestedLevel>
</record>
<record>
  <date>2018-09-25T15:03:28</date>
  <millis>1537880608702</millis>
  <sequence>90</sequence>
  <level>INFO</level>
  <class>com.kms.katalon.core.logging.KeywordLogger</class>
  <method>logMessage</method>
  <thread>1</thread>
  <message>Finding web element with id: &amp;apos;Object Repository/Login/input_email&amp;apos; located by &amp;apos;By.xpath: //input[@type = &amp;apos;text&amp;apos; and @id = &amp;apos;email&amp;apos; and @name = &amp;apos;email&amp;apos;]&amp;apos; in &amp;apos;10&amp;apos; second(s)</message>
  <nestedLevel>3</nestedLevel>
</record>
<record>
  <date>2018-09-25T15:03:28</date>
  <millis>1537880608718</millis>
  <sequence>91</sequence>
  <level>INFO</level>
  <class>com.kms.katalon.core.logging.KeywordLogger</class>
  <method>logMessage</method>
  <thread>1</thread>
  <message>Found 1 web elements with id: &amp;apos;Object Repository/Login/input_email&amp;apos; located by &amp;apos;By.xpath: //input[@type = &amp;apos;text&amp;apos; and @id = &amp;apos;email&amp;apos; and @name = &amp;apos;email&amp;apos;]&amp;apos; in &amp;apos;10&amp;apos; second(s)</message>
  <nestedLevel>3</nestedLevel>
</record>
<record>
  <date>2018-09-25T15:03:28</date>
  <millis>1537880608719</millis>
  <sequence>92</sequence>
  <level>INFO</level>
  <class>com.kms.katalon.core.logging.KeywordLogger</class>
  <method>logMessage</method>
  <thread>1</thread>
  <message>Clearing text of object &amp;apos;Object Repository/Login/input_email&amp;apos;</message>
  <nestedLevel>3</nestedLevel>
</record>
<record>
  <date>2018-09-25T15:03:28</date>
  <millis>1537880608738</millis>
  <sequence>93</sequence>
  <level>INFO</level>
  <class>com.kms.katalon.core.logging.KeywordLogger</class>
  <method>logMessage</method>
  <thread>1</thread>
  <message>Checking timeout</message>
  <nestedLevel>3</nestedLevel>
</record>
<record>
  <date>2018-09-25T15:03:28</date>
  <millis>1537880608739</millis>
  <sequence>94</sequence>
  <level>INFO</level>
  <class>com.kms.katalon.core.logging.KeywordLogger</class>
  <method>logMessage</method>
  <thread>1</thread>
  <message>Finding web element with id: &amp;apos;Object Repository/Login/input_email&amp;apos; located by &amp;apos;By.xpath: //input[@type = &amp;apos;text&amp;apos; and @id = &amp;apos;email&amp;apos; and @name = &amp;apos;email&amp;apos;]&amp;apos; in &amp;apos;10&amp;apos; second(s)</message>
  <nestedLevel>3</nestedLevel>
</record>
<record>
  <date>2018-09-25T15:03:28</date>
  <millis>1537880608747</millis>
  <sequence>95</sequence>
  <level>INFO</level>
  <class>com.kms.katalon.core.logging.KeywordLogger</class>
  <method>logMessage</method>
  <thread>1</thread>
  <message>Found 1 web elements with id: &amp;apos;Object Repository/Login/input_email&amp;apos; located by &amp;apos;By.xpath: //input[@type = &amp;apos;text&amp;apos; and @id = &amp;apos;email&amp;apos; and @name = &amp;apos;email&amp;apos;]&amp;apos; in &amp;apos;10&amp;apos; second(s)</message>
  <nestedLevel>3</nestedLevel>
</record>
<record>
  <date>2018-09-25T15:03:28</date>
  <millis>1537880608752</millis>
  <sequence>96</sequence>
  <level>INFO</level>
  <class>com.kms.katalon.core.logging.KeywordLogger</class>
  <method>logMessage</method>
  <thread>1</thread>
  <message>Setting text of object &amp;apos;Object Repository/Login/input_email&amp;apos; to value &amp;apos;gert-jan.paulissen@sogeti.com&amp;apos;</message>
  <nestedLevel>3</nestedLevel>
</record>
<record>
  <date>2018-09-25T15:03:28</date>
  <millis>1537880608841</millis>
  <sequence>97</sequence>
  <level>PASSED</level>
  <class>com.kms.katalon.core.logging.KeywordLogger</class>
  <method>logMessage</method>
  <thread>1</thread>
  <message>Text &amp;apos;gert-jan.paulissen@sogeti.com&amp;apos; is set on object &amp;apos;Object Repository/Login/input_email&amp;apos;</message>
  <nestedLevel>3</nestedLevel>
</record>
<record>
  <date>2018-09-25T15:03:28</date>
  <millis>1537880608842</millis>
  <sequence>98</sequence>
  <level>END</level>
  <class>com.kms.katalon.core.logging.KeywordLogger</class>
  <method>endKeyword</method>
  <thread>1</thread>
  <message>End action : setText</message>
  <nestedLevel>2</nestedLevel>
</record>
<record>
  <date>2018-09-25T15:03:28</date>
  <millis>1537880608842</millis>
  <sequence>99</sequence>
  <level>START</level>
  <class>com.kms.katalon.core.logging.KeywordLogger</class>
  <method>startKeyword</method>
  <thread>1</thread>
  <message>Start action : setText</message>
  <nestedLevel>2</nestedLevel>
  <property name="startLine">44</property>
  <property name="stepIndex">4</property>
</record>
<record>
  <date>2018-09-25T15:03:28</date>
  <millis>1537880608846</millis>
  <sequence>100</sequence>
  <level>INFO</level>
  <class>com.kms.katalon.core.logging.KeywordLogger</class>
  <method>logMessage</method>
  <thread>1</thread>
  <message>Finding Test Object with id &amp;apos;Object Repository/Login/input_passwd&amp;apos;</message>
  <nestedLevel>3</nestedLevel>
</record>
<record>
  <date>2018-09-25T15:03:28</date>
  <millis>1537880608849</millis>
  <sequence>101</sequence>
  <level>INFO</level>
  <class>com.kms.katalon.core.logging.KeywordLogger</class>
  <method>logMessage</method>
  <thread>1</thread>
  <message>Checking object</message>
  <nestedLevel>3</nestedLevel>
</record>
<record>
  <date>2018-09-25T15:03:28</date>
  <millis>1537880608850</millis>
  <sequence>102</sequence>
  <level>INFO</level>
  <class>com.kms.katalon.core.logging.KeywordLogger</class>
  <method>logMessage</method>
  <thread>1</thread>
  <message>Checking text</message>
  <nestedLevel>3</nestedLevel>
</record>
<record>
  <date>2018-09-25T15:03:28</date>
  <millis>1537880608850</millis>
  <sequence>103</sequence>
  <level>INFO</level>
  <class>com.kms.katalon.core.logging.KeywordLogger</class>
  <method>logMessage</method>
  <thread>1</thread>
  <message>Checking timeout</message>
  <nestedLevel>3</nestedLevel>
</record>
<record>
  <date>2018-09-25T15:03:28</date>
  <millis>1537880608851</millis>
  <sequence>104</sequence>
  <level>INFO</level>
  <class>com.kms.katalon.core.logging.KeywordLogger</class>
  <method>logMessage</method>
  <thread>1</thread>
  <message>Finding web element with id: &amp;apos;Object Repository/Login/input_passwd&amp;apos; located by &amp;apos;By.xpath: //input[@type = &amp;apos;password&amp;apos; and @id = &amp;apos;passwd&amp;apos; and @name = &amp;apos;passwd&amp;apos;]&amp;apos; in &amp;apos;10&amp;apos; second(s)</message>
  <nestedLevel>3</nestedLevel>
</record>
<record>
  <date>2018-09-25T15:03:28</date>
  <millis>1537880608867</millis>
  <sequence>105</sequence>
  <level>INFO</level>
  <class>com.kms.katalon.core.logging.KeywordLogger</class>
  <method>logMessage</method>
  <thread>1</thread>
  <message>Found 1 web elements with id: &amp;apos;Object Repository/Login/input_passwd&amp;apos; located by &amp;apos;By.xpath: //input[@type = &amp;apos;password&amp;apos; and @id = &amp;apos;passwd&amp;apos; and @name = &amp;apos;passwd&amp;apos;]&amp;apos; in &amp;apos;10&amp;apos; second(s)</message>
  <nestedLevel>3</nestedLevel>
</record>
<record>
  <date>2018-09-25T15:03:28</date>
  <millis>1537880608867</millis>
  <sequence>106</sequence>
  <level>INFO</level>
  <class>com.kms.katalon.core.logging.KeywordLogger</class>
  <method>logMessage</method>
  <thread>1</thread>
  <message>Clearing text of object &amp;apos;Object Repository/Login/input_passwd&amp;apos;</message>
  <nestedLevel>3</nestedLevel>
</record>
<record>
  <date>2018-09-25T15:03:28</date>
  <millis>1537880608895</millis>
  <sequence>107</sequence>
  <level>INFO</level>
  <class>com.kms.katalon.core.logging.KeywordLogger</class>
  <method>logMessage</method>
  <thread>1</thread>
  <message>Checking timeout</message>
  <nestedLevel>3</nestedLevel>
</record>
<record>
  <date>2018-09-25T15:03:28</date>
  <millis>1537880608896</millis>
  <sequence>108</sequence>
  <level>INFO</level>
  <class>com.kms.katalon.core.logging.KeywordLogger</class>
  <method>logMessage</method>
  <thread>1</thread>
  <message>Finding web element with id: &amp;apos;Object Repository/Login/input_passwd&amp;apos; located by &amp;apos;By.xpath: //input[@type = &amp;apos;password&amp;apos; and @id = &amp;apos;passwd&amp;apos; and @name = &amp;apos;passwd&amp;apos;]&amp;apos; in &amp;apos;10&amp;apos; second(s)</message>
  <nestedLevel>3</nestedLevel>
</record>
<record>
  <date>2018-09-25T15:03:28</date>
  <millis>1537880608905</millis>
  <sequence>109</sequence>
  <level>INFO</level>
  <class>com.kms.katalon.core.logging.KeywordLogger</class>
  <method>logMessage</method>
  <thread>1</thread>
  <message>Found 1 web elements with id: &amp;apos;Object Repository/Login/input_passwd&amp;apos; located by &amp;apos;By.xpath: //input[@type = &amp;apos;password&amp;apos; and @id = &amp;apos;passwd&amp;apos; and @name = &amp;apos;passwd&amp;apos;]&amp;apos; in &amp;apos;10&amp;apos; second(s)</message>
  <nestedLevel>3</nestedLevel>
</record>
<record>
  <date>2018-09-25T15:03:28</date>
  <millis>1537880608906</millis>
  <sequence>110</sequence>
  <level>INFO</level>
  <class>com.kms.katalon.core.logging.KeywordLogger</class>
  <method>logMessage</method>
  <thread>1</thread>
  <message>Setting text of object &amp;apos;Object Repository/Login/input_passwd&amp;apos; to value &amp;apos;g1j2p3&amp;apos;</message>
  <nestedLevel>3</nestedLevel>
</record>
<record>
  <date>2018-09-25T15:03:28</date>
  <millis>1537880608964</millis>
  <sequence>111</sequence>
  <level>PASSED</level>
  <class>com.kms.katalon.core.logging.KeywordLogger</class>
  <method>logMessage</method>
  <thread>1</thread>
  <message>Text &amp;apos;g1j2p3&amp;apos; is set on object &amp;apos;Object Repository/Login/input_passwd&amp;apos;</message>
  <nestedLevel>3</nestedLevel>
</record>
<record>
  <date>2018-09-25T15:03:28</date>
  <millis>1537880608964</millis>
  <sequence>112</sequence>
  <level>END</level>
  <class>com.kms.katalon.core.logging.KeywordLogger</class>
  <method>endKeyword</method>
  <thread>1</thread>
  <message>End action : setText</message>
  <nestedLevel>2</nestedLevel>
</record>
<record>
  <date>2018-09-25T15:03:28</date>
  <millis>1537880608964</millis>
  <sequence>113</sequence>
  <level>START</level>
  <class>com.kms.katalon.core.logging.KeywordLogger</class>
  <method>startKeyword</method>
  <thread>1</thread>
  <message>Start action : click</message>
  <nestedLevel>2</nestedLevel>
  <property name="startLine">46</property>
  <property name="stepIndex">5</property>
</record>
<record>
  <date>2018-09-25T15:03:28</date>
  <millis>1537880608968</millis>
  <sequence>114</sequence>
  <level>INFO</level>
  <class>com.kms.katalon.core.logging.KeywordLogger</class>
  <method>logMessage</method>
  <thread>1</thread>
  <message>Finding Test Object with id &amp;apos;Object Repository/Login/span_Sign in&amp;apos;</message>
  <nestedLevel>3</nestedLevel>
</record>
<record>
  <date>2018-09-25T15:03:28</date>
  <millis>1537880608971</millis>
  <sequence>115</sequence>
  <level>INFO</level>
  <class>com.kms.katalon.core.logging.KeywordLogger</class>
  <method>logMessage</method>
  <thread>1</thread>
  <message>Checking object</message>
  <nestedLevel>3</nestedLevel>
</record>
<record>
  <date>2018-09-25T15:03:28</date>
  <millis>1537880608971</millis>
  <sequence>116</sequence>
  <level>INFO</level>
  <class>com.kms.katalon.core.logging.KeywordLogger</class>
  <method>logMessage</method>
  <thread>1</thread>
  <message>Checking timeout</message>
  <nestedLevel>3</nestedLevel>
</record>
<record>
  <date>2018-09-25T15:03:28</date>
  <millis>1537880608973</millis>
  <sequence>117</sequence>
  <level>INFO</level>
  <class>com.kms.katalon.core.logging.KeywordLogger</class>
  <method>logMessage</method>
  <thread>1</thread>
  <message>Finding web element with id: &amp;apos;Object Repository/Login/span_Sign in&amp;apos; located by &amp;apos;By.xpath: //span[(text() = &amp;apos;\n\t\t\t\t\t\t\t\t\n\t\t\t\t\t\t\t\tSign in\n\t\t\t\t\t\t\t&amp;apos; or . = &amp;apos;\n\t\t\t\t\t\t\t\t\n\t\t\t\t\t\t\t\tSign in\n\t\t\t\t\t\t\t&amp;apos;)]&amp;apos; in &amp;apos;10&amp;apos; second(s)</message>
  <nestedLevel>3</nestedLevel>
</record>
<record>
  <date>2018-09-25T15:03:28</date>
  <millis>1537880608990</millis>
  <sequence>118</sequence>
  <level>INFO</level>
  <class>com.kms.katalon.core.logging.KeywordLogger</class>
  <method>logMessage</method>
  <thread>1</thread>
  <message>Found 1 web elements with id: &amp;apos;Object Repository/Login/span_Sign in&amp;apos; located by &amp;apos;By.xpath: //span[(text() = &amp;apos;\n\t\t\t\t\t\t\t\t\n\t\t\t\t\t\t\t\tSign in\n\t\t\t\t\t\t\t&amp;apos; or . = &amp;apos;\n\t\t\t\t\t\t\t\t\n\t\t\t\t\t\t\t\tSign in\n\t\t\t\t\t\t\t&amp;apos;)]&amp;apos; in &amp;apos;10&amp;apos; second(s)</message>
  <nestedLevel>3</nestedLevel>
</record>
<record>
  <date>2018-09-25T15:03:28</date>
  <millis>1537880608990</millis>
  <sequence>119</sequence>
  <level>INFO</level>
  <class>com.kms.katalon.core.logging.KeywordLogger</class>
  <method>logMessage</method>
  <thread>1</thread>
  <message>Clicking on object: &amp;apos;Object Repository/Login/span_Sign in&amp;apos;</message>
  <nestedLevel>3</nestedLevel>
</record>
<record>
  <date>2018-09-25T15:03:32</date>
  <millis>1537880612338</millis>
  <sequence>120</sequence>
  <level>PASSED</level>
  <class>com.kms.katalon.core.logging.KeywordLogger</class>
  <method>logMessage</method>
  <thread>1</thread>
  <message>Object: &amp;apos;Object Repository/Login/span_Sign in&amp;apos; is clicked on</message>
  <nestedLevel>3</nestedLevel>
</record>
<record>
  <date>2018-09-25T15:03:32</date>
  <millis>1537880612339</millis>
  <sequence>121</sequence>
  <level>END</level>
  <class>com.kms.katalon.core.logging.KeywordLogger</class>
  <method>endKeyword</method>
  <thread>1</thread>
  <message>End action : click</message>
  <nestedLevel>2</nestedLevel>
</record>
<record>
  <date>2018-09-25T15:03:32</date>
  <millis>1537880612339</millis>
  <sequence>122</sequence>
  <level>START</level>
  <class>com.kms.katalon.core.logging.KeywordLogger</class>
  <method>startKeyword</method>
  <thread>1</thread>
  <message>Start action : navigateToUrl</message>
  <nestedLevel>2</nestedLevel>
  <property name="startLine">48</property>
  <property name="stepIndex">6</property>
</record>
<record>
  <date>2018-09-25T15:03:32</date>
  <millis>1537880612344</millis>
  <sequence>123</sequence>
  <level>INFO</level>
  <class>com.kms.katalon.core.logging.KeywordLogger</class>
  <method>logMessage</method>
  <thread>1</thread>
  <message>Checking url</message>
  <nestedLevel>3</nestedLevel>
</record>
<record>
  <date>2018-09-25T15:03:32</date>
  <millis>1537880612344</millis>
  <sequence>124</sequence>
  <level>INFO</level>
  <class>com.kms.katalon.core.logging.KeywordLogger</class>
  <method>logMessage</method>
  <thread>1</thread>
  <message>Navigating to &amp;apos;http://automationpractice.com/index.php?controller=addresses&amp;apos;</message>
  <nestedLevel>3</nestedLevel>
</record>
<record>
  <date>2018-09-25T15:03:33</date>
  <millis>1537880613052</millis>
  <sequence>125</sequence>
  <level>PASSED</level>
  <class>com.kms.katalon.core.logging.KeywordLogger</class>
  <method>logMessage</method>
  <thread>1</thread>
  <message>Navigate to &amp;apos;http://automationpractice.com/index.php?controller=addresses&amp;apos; successfully</message>
  <nestedLevel>3</nestedLevel>
</record>
<record>
  <date>2018-09-25T15:03:33</date>
  <millis>1537880613052</millis>
  <sequence>126</sequence>
  <level>END</level>
  <class>com.kms.katalon.core.logging.KeywordLogger</class>
  <method>endKeyword</method>
  <thread>1</thread>
  <message>End action : navigateToUrl</message>
  <nestedLevel>2</nestedLevel>
</record>
<record>
  <date>2018-09-25T15:03:33</date>
  <millis>1537880613052</millis>
  <sequence>127</sequence>
  <level>START</level>
  <class>com.kms.katalon.core.logging.KeywordLogger</class>
  <method>startKeyword</method>
  <thread>1</thread>
  <message>Start action : waitForPageLoad</message>
  <nestedLevel>2</nestedLevel>
  <property name="startLine">50</property>
  <property name="stepIndex">7</property>
</record>
<record>
  <date>2018-09-25T15:03:33</date>
  <millis>1537880613059</millis>
  <sequence>128</sequence>
  <level>INFO</level>
  <class>com.kms.katalon.core.logging.KeywordLogger</class>
  <method>logMessage</method>
  <thread>1</thread>
  <message>Checking timeout</message>
  <nestedLevel>3</nestedLevel>
</record>
<record>
  <date>2018-09-25T15:03:33</date>
  <millis>1537880613065</millis>
  <sequence>129</sequence>
  <level>PASSED</level>
  <class>com.kms.katalon.core.logging.KeywordLogger</class>
  <method>logMessage</method>
  <thread>1</thread>
  <message>Wait for page load successfully</message>
  <nestedLevel>3</nestedLevel>
</record>
<record>
  <date>2018-09-25T15:03:33</date>
  <millis>1537880613066</millis>
  <sequence>130</sequence>
  <level>END</level>
  <class>com.kms.katalon.core.logging.KeywordLogger</class>
  <method>endKeyword</method>
  <thread>1</thread>
  <message>End action : waitForPageLoad</message>
  <nestedLevel>2</nestedLevel>
</record>
<record>
  <date>2018-09-25T15:03:33</date>
  <millis>1537880613066</millis>
  <sequence>131</sequence>
  <level>END</level>
  <class>com.kms.katalon.core.logging.KeywordLogger</class>
  <method>endKeyword</method>
  <thread>1</thread>
  <message>End action : Statement - Try</message>
  <nestedLevel>1</nestedLevel>
</record>
<record>
  <date>2018-09-25T15:03:33</date>
  <millis>1537880613066</millis>
  <sequence>132</sequence>
  <level>START</level>
  <class>com.kms.katalon.core.logging.KeywordLogger</class>
  <method>startKeyword</method>
  <thread>1</thread>
  <message>Start action : verifyTextPresent</message>
  <nestedLevel>1</nestedLevel>
  <property name="startLine">55</property>
  <property name="stepIndex">9</property>
</record>
<record>
  <date>2018-09-25T15:03:33</date>
  <millis>1537880613072</millis>
  <sequence>133</sequence>
  <level>INFO</level>
  <class>com.kms.katalon.core.logging.KeywordLogger</class>
  <method>logMessage</method>
  <thread>1</thread>
  <message>Checking text present </message>
  <nestedLevel>3</nestedLevel>
</record>
<record>
  <date>2018-09-25T15:03:33</date>
  <millis>1537880613162</millis>
  <sequence>134</sequence>
  <level>INFO</level>
  <class>com.kms.katalon.core.logging.KeywordLogger</class>
  <method>logMessage</method>
  <thread>1</thread>
  <message>Finding text &amp;apos;Sign out&amp;apos; on page </message>
  <nestedLevel>3</nestedLevel>
</record>
<record>
  <date>2018-09-25T15:03:33</date>
  <millis>1537880613162</millis>
  <sequence>135</sequence>
  <level>PASSED</level>
  <class>com.kms.katalon.core.logging.KeywordLogger</class>
  <method>logMessage</method>
  <thread>1</thread>
  <message>Text &amp;apos;Sign out&amp;apos; is present on page </message>
  <nestedLevel>3</nestedLevel>
</record>
<record>
  <date>2018-09-25T15:03:33</date>
  <millis>1537880613162</millis>
  <sequence>136</sequence>
  <level>END</level>
  <class>com.kms.katalon.core.logging.KeywordLogger</class>
  <method>endKeyword</method>
  <thread>1</thread>
  <message>End action : verifyTextPresent</message>
  <nestedLevel>1</nestedLevel>
</record>
<record>
  <date>2018-09-25T15:03:33</date>
  <millis>1537880613163</millis>
  <sequence>137</sequence>
  <level>PASSED</level>
  <class>com.kms.katalon.core.logging.KeywordLogger</class>
  <method>logMessage</method>
  <thread>1</thread>
  <message>Test Cases/Common/GoToUrl</message>
  <nestedLevel>3</nestedLevel>
</record>
<record>
  <date>2018-09-25T15:03:33</date>
  <millis>1537880613163</millis>
  <sequence>138</sequence>
  <level>END</level>
  <class>com.kms.katalon.core.logging.KeywordLogger</class>
  <method>endTest</method>
  <thread>1</thread>
  <message>End Test Case : Test Cases/Common/GoToUrl</message>
  <nestedLevel>2</nestedLevel>
</record>
<record>
  <date>2018-09-25T15:03:33</date>
  <millis>1537880613165</millis>
  <sequence>139</sequence>
  <level>PASSED</level>
  <class>com.kms.katalon.core.logging.KeywordLogger</class>
  <method>logMessage</method>
  <thread>1</thread>
  <message>Call Test Case &amp;apos;Test Cases/Common/GoToUrl&amp;apos; successfully</message>
  <nestedLevel>2</nestedLevel>
</record>
<record>
  <date>2018-09-25T15:03:33</date>
  <millis>1537880613166</millis>
  <sequence>140</sequence>
  <level>END</level>
  <class>com.kms.katalon.core.logging.KeywordLogger</class>
  <method>endKeyword</method>
  <thread>1</thread>
  <message>End action : callTestCase</message>
  <nestedLevel>1</nestedLevel>
</record>
<record>
  <date>2018-09-25T15:03:33</date>
  <millis>1537880613166</millis>
  <sequence>141</sequence>
  <level>START</level>
  <class>com.kms.katalon.core.logging.KeywordLogger</class>
  <method>startKeyword</method>
  <thread>1</thread>
  <message>Start action : Statement - deleteButton = com.kms.katalon.core.webui.keyword.WebUiBuiltInKeywords.modifyObjectProperty(com.kms.katalon.core.testobject.ObjectRepository.findTestObject(Object Repository/Page_Addresses - My Store/span_Delete), \&amp;quot;xpath\&amp;quot;, \&amp;quot;equals\&amp;quot;, \&amp;quot;//a[@title=&amp;apos;Delete&amp;apos; and ../../li[1]/h3/text()=&amp;apos;\&amp;quot; + alias + \&amp;quot;&amp;apos;]\&amp;quot;, true)</message>
  <nestedLevel>1</nestedLevel>
  <property name="startLine">24</property>
  <property name="stepIndex">2</property>
</record>
<record>
  <date>2018-09-25T15:03:33</date>
  <millis>1537880613170</millis>
  <sequence>142</sequence>
  <level>INFO</level>
  <class>com.kms.katalon.core.logging.KeywordLogger</class>
  <method>logMessage</method>
  <thread>1</thread>
  <message>Finding Test Object with id &amp;apos;Object Repository/Page_Addresses - My Store/span_Delete&amp;apos;</message>
  <nestedLevel>2</nestedLevel>
</record>
<record>
  <date>2018-09-25T15:03:33</date>
  <millis>1537880613181</millis>
  <sequence>143</sequence>
  <level>INFO</level>
  <class>com.kms.katalon.core.logging.KeywordLogger</class>
  <method>logMessage</method>
  <thread>1</thread>
  <message>Check Test Object</message>
  <nestedLevel>2</nestedLevel>
</record>
<record>
  <date>2018-09-25T15:03:33</date>
  <millis>1537880613181</millis>
  <sequence>144</sequence>
  <level>INFO</level>
  <class>com.kms.katalon.core.logging.KeywordLogger</class>
  <method>logMessage</method>
  <thread>1</thread>
  <message>Check property name</message>
  <nestedLevel>2</nestedLevel>
</record>
<record>
  <date>2018-09-25T15:03:33</date>
  <millis>1537880613181</millis>
  <sequence>145</sequence>
  <level>INFO</level>
  <class>com.kms.katalon.core.logging.KeywordLogger</class>
  <method>logMessage</method>
  <thread>1</thread>
  <message>Check modify value</message>
  <nestedLevel>2</nestedLevel>
</record>
<record>
  <date>2018-09-25T15:03:33</date>
  <millis>1537880613181</millis>
  <sequence>146</sequence>
  <level>INFO</level>
  <class>com.kms.katalon.core.logging.KeywordLogger</class>
  <method>logMessage</method>
  <thread>1</thread>
  <message>Check match condition</message>
  <nestedLevel>2</nestedLevel>
</record>
<record>
  <date>2018-09-25T15:03:33</date>
  <millis>1537880613182</millis>
  <sequence>147</sequence>
  <level>PASSED</level>
  <class>com.kms.katalon.core.logging.KeywordLogger</class>
  <method>logMessage</method>
  <thread>1</thread>
  <message>Modify property of object successfully</message>
  <nestedLevel>2</nestedLevel>
</record>
<record>
  <date>2018-09-25T15:03:33</date>
  <millis>1537880613182</millis>
  <sequence>148</sequence>
  <level>END</level>
  <class>com.kms.katalon.core.logging.KeywordLogger</class>
  <method>endKeyword</method>
  <thread>1</thread>
  <message>End action : Statement - deleteButton = com.kms.katalon.core.webui.keyword.WebUiBuiltInKeywords.modifyObjectProperty(com.kms.katalon.core.testobject.ObjectRepository.findTestObject(Object Repository/Page_Addresses - My Store/span_Delete), \&amp;quot;xpath\&amp;quot;, \&amp;quot;equals\&amp;quot;, \&amp;quot;//a[@title=&amp;apos;Delete&amp;apos; and ../../li[1]/h3/text()=&amp;apos;\&amp;quot; + alias + \&amp;quot;&amp;apos;]\&amp;quot;, true)</message>
  <nestedLevel>1</nestedLevel>
</record>
<record>
  <date>2018-09-25T15:03:33</date>
  <millis>1537880613182</millis>
  <sequence>149</sequence>
  <level>START</level>
  <class>com.kms.katalon.core.logging.KeywordLogger</class>
  <method>startKeyword</method>
  <thread>1</thread>
  <message>Start action : Statement - If (com.kms.katalon.core.webui.keyword.WebUiBuiltInKeywords.waitForElementPresent(deleteButton, 1))</message>
  <nestedLevel>1</nestedLevel>
  <property name="startLine">27</property>
  <property name="stepIndex">3</property>
</record>
<record>
  <date>2018-09-25T15:03:33</date>
  <millis>1537880613196</millis>
  <sequence>150</sequence>
  <level>INFO</level>
  <class>com.kms.katalon.core.logging.KeywordLogger</class>
  <method>logMessage</method>
  <thread>1</thread>
  <message>Checking object</message>
  <nestedLevel>2</nestedLevel>
</record>
<record>
  <date>2018-09-25T15:03:33</date>
  <millis>1537880613197</millis>
  <sequence>151</sequence>
  <level>INFO</level>
  <class>com.kms.katalon.core.logging.KeywordLogger</class>
  <method>logMessage</method>
  <thread>1</thread>
  <message>Checking timeout</message>
  <nestedLevel>2</nestedLevel>
</record>
<record>
  <date>2018-09-25T15:03:33</date>
  <millis>1537880613197</millis>
  <sequence>152</sequence>
  <level>INFO</level>
  <class>com.kms.katalon.core.logging.KeywordLogger</class>
  <method>logMessage</method>
  <thread>1</thread>
  <message>Finding web element with id: &amp;apos;Object Repository/Page_Addresses - My Store/span_Delete&amp;apos; located by &amp;apos;By.xpath: //a[@title=&amp;apos;Delete&amp;apos; and ../../li[1]/h3/text()=&amp;apos;Home&amp;apos;]&amp;apos; in &amp;apos;1&amp;apos; second(s)</message>
  <nestedLevel>2</nestedLevel>
</record>
<record>
  <date>2018-09-25T15:03:33</date>
  <millis>1537880613217</millis>
  <sequence>153</sequence>
  <level>INFO</level>
  <class>com.kms.katalon.core.logging.KeywordLogger</class>
  <method>logMessage</method>
  <thread>1</thread>
  <message>Found 1 web elements with id: &amp;apos;Object Repository/Page_Addresses - My Store/span_Delete&amp;apos; located by &amp;apos;By.xpath: //a[@title=&amp;apos;Delete&amp;apos; and ../../li[1]/h3/text()=&amp;apos;Home&amp;apos;]&amp;apos; in &amp;apos;1&amp;apos; second(s)</message>
  <nestedLevel>2</nestedLevel>
</record>
<record>
  <date>2018-09-25T15:03:33</date>
  <millis>1537880613217</millis>
  <sequence>154</sequence>
  <level>PASSED</level>
  <class>com.kms.katalon.core.logging.KeywordLogger</class>
  <method>logMessage</method>
  <thread>1</thread>
  <message>Object &amp;apos;Object Repository/Page_Addresses - My Store/span_Delete&amp;apos; is present</message>
  <nestedLevel>2</nestedLevel>
</record>
<record>
  <date>2018-09-25T15:03:33</date>
  <millis>1537880613218</millis>
  <sequence>155</sequence>
  <level>START</level>
  <class>com.kms.katalon.core.logging.KeywordLogger</class>
  <method>startKeyword</method>
  <thread>1</thread>
  <message>Start action : Statement - return deleteButton</message>
  <nestedLevel>2</nestedLevel>
  <property name="startLine">28</property>
  <property name="stepIndex">1</property>
</record>
<record>
  <date>2018-09-25T15:03:33</date>
  <millis>1537880613222</millis>
  <sequence>156</sequence>
  <level>END</level>
  <class>com.kms.katalon.core.logging.KeywordLogger</class>
  <method>endKeyword</method>
  <thread>1</thread>
  <message>End action : Statement - return deleteButton</message>
  <nestedLevel>2</nestedLevel>
</record>
<record>
  <date>2018-09-25T15:03:33</date>
  <millis>1537880613222</millis>
  <sequence>157</sequence>
  <level>END</level>
  <class>com.kms.katalon.core.logging.KeywordLogger</class>
  <method>endKeyword</method>
  <thread>1</thread>
  <message>End action : Statement - If (com.kms.katalon.core.webui.keyword.WebUiBuiltInKeywords.waitForElementPresent(deleteButton, 1))</message>
  <nestedLevel>1</nestedLevel>
</record>
<record>
  <date>2018-09-25T15:03:33</date>
  <millis>1537880613223</millis>
  <sequence>158</sequence>
  <level>PASSED</level>
  <class>com.kms.katalon.core.logging.KeywordLogger</class>
  <method>logMessage</method>
  <thread>1</thread>
  <message>Test Cases/Common/FindAddress</message>
  <nestedLevel>2</nestedLevel>
</record>
<record>
  <date>2018-09-25T15:03:33</date>
  <millis>1537880613223</millis>
  <sequence>159</sequence>
  <level>END</level>
  <class>com.kms.katalon.core.logging.KeywordLogger</class>
  <method>endTest</method>
  <thread>1</thread>
  <message>End Test Case : Test Cases/Common/FindAddress</message>
  <nestedLevel>1</nestedLevel>
</record>
<record>
  <date>2018-09-25T15:03:33</date>
  <millis>1537880613223</millis>
  <sequence>160</sequence>
  <level>PASSED</level>
  <class>com.kms.katalon.core.logging.KeywordLogger</class>
  <method>logMessage</method>
  <thread>1</thread>
  <message>Call Test Case &amp;apos;Test Cases/Common/FindAddress&amp;apos; successfully</message>
  <nestedLevel>1</nestedLevel>
</record>
<record>
  <date>2018-09-25T15:03:33</date>
  <millis>1537880613227</millis>
  <sequence>161</sequence>
  <level>END</level>
  <class>com.kms.katalon.core.logging.KeywordLogger</class>
  <method>endKeyword</method>
  <thread>1</thread>
  <message>End action : Statement - If (!(com.kms.katalon.core.webui.keyword.WebUiBuiltInKeywords.callTestCase(com.kms.katalon.core.testcase.TestCaseFactory.findTestCase(Common/FindAddress), [\&amp;quot;alias\&amp;quot;:alias])))</message>
  <nestedLevel>1</nestedLevel>
</record>
<record>
  <date>2018-09-25T15:03:33</date>
  <millis>1537880613227</millis>
  <sequence>162</sequence>
  <level>PASSED</level>
  <class>com.kms.katalon.core.logging.KeywordLogger</class>
  <method>logMessage</method>
  <thread>1</thread>
  <message>Test Cases/Home/Add address</message>
  <nestedLevel>1</nestedLevel>
</record>
<record>
  <date>2018-09-25T15:03:35</date>
  <millis>1537880615242</millis>
  <sequence>163</sequence>
  <level>END</level>
  <class>com.kms.katalon.core.logging.KeywordLogger</class>
  <method>endTest</method>
  <thread>1</thread>
  <message>End Test Case : Test Cases/Home/Add address</message>
  <nestedLevel>0</nestedLevel>
</record>
<record>
  <date>2018-09-25T15:03:35</date>
  <millis>1537880615246</millis>
  <sequence>164</sequence>
  <level>START</level>
  <class>com.kms.katalon.core.logging.KeywordLogger</class>
  <method>startTest</method>
  <thread>1</thread>
  <message>Start Test Case : Test Cases/Home/Add address</message>
  <nestedLevel>1</nestedLevel>
  <property name="name">Test Cases/Home/Add address</property>
  <property name="description">Add an address. It uses the common function GoToUrl to go to the page you want in an efficient way.</property>
  <property name="id">Test Cases/Home/Add address</property>
  <property name="source">C:\\Users\\stagiaire\\git\\katalon-exam-answers\\Test Cases\\Home\\Add address.tc</property>
  <property name="isOptional">false</property>
</record>
<record>
  <date>2018-09-25T15:03:35</date>
  <millis>1537880615253</millis>
  <sequence>165</sequence>
  <level>INFO</level>
  <class>com.kms.katalon.core.logging.KeywordLogger</class>
  <method>logMessage</method>
  <thread>1</thread>
  <message>Evaluating variables for test case</message>
  <nestedLevel>1</nestedLevel>
</record>
<record>
  <date>2018-09-25T15:03:35</date>
  <millis>1537880615253</millis>
  <sequence>166</sequence>
  <level>INFO</level>
  <class>com.kms.katalon.core.logging.KeywordLogger</class>
  <method>logMessage</method>
  <thread>1</thread>
  <message>Variable &amp;apos;firstName&amp;apos; is set to Gert-Jan </message>
  <nestedLevel>1</nestedLevel>
</record>
<record>
  <date>2018-09-25T15:03:35</date>
  <millis>1537880615253</millis>
  <sequence>167</sequence>
  <level>INFO</level>
  <class>com.kms.katalon.core.logging.KeywordLogger</class>
  <method>logMessage</method>
  <thread>1</thread>
  <message>Variable &amp;apos;lastName&amp;apos; is set to Paulissen</message>
  <nestedLevel>1</nestedLevel>
</record>
<record>
  <date>2018-09-25T15:03:35</date>
  <millis>1537880615253</millis>
  <sequence>168</sequence>
  <level>INFO</level>
  <class>com.kms.katalon.core.logging.KeywordLogger</class>
  <method>logMessage</method>
  <thread>1</thread>
  <message>Variable &amp;apos;address1&amp;apos; is set to 31 Rue Thomas Edison</message>
  <nestedLevel>1</nestedLevel>
</record>
<record>
  <date>2018-09-25T15:03:35</date>
  <millis>1537880615254</millis>
  <sequence>169</sequence>
  <level>INFO</level>
  <class>com.kms.katalon.core.logging.KeywordLogger</class>
  <method>logMessage</method>
  <thread>1</thread>
  <message>Variable &amp;apos;city&amp;apos; is set to Canejan</message>
  <nestedLevel>1</nestedLevel>
</record>
<record>
  <date>2018-09-25T15:03:35</date>
  <millis>1537880615254</millis>
  <sequence>170</sequence>
  <level>INFO</level>
  <class>com.kms.katalon.core.logging.KeywordLogger</class>
  <method>logMessage</method>
  <thread>1</thread>
  <message>Variable &amp;apos;state&amp;apos; is set to Hawaii</message>
  <nestedLevel>1</nestedLevel>
</record>
<record>
  <date>2018-09-25T15:03:35</date>
  <millis>1537880615254</millis>
  <sequence>171</sequence>
  <level>INFO</level>
  <class>com.kms.katalon.core.logging.KeywordLogger</class>
  <method>logMessage</method>
  <thread>1</thread>
  <message>Variable &amp;apos;postCode&amp;apos; is set to 33160</message>
  <nestedLevel>1</nestedLevel>
</record>
<record>
  <date>2018-09-25T15:03:35</date>
  <millis>1537880615254</millis>
  <sequence>172</sequence>
  <level>INFO</level>
  <class>com.kms.katalon.core.logging.KeywordLogger</class>
  <method>logMessage</method>
  <thread>1</thread>
  <message>Variable &amp;apos;phone&amp;apos; is set to +0123456789</message>
  <nestedLevel>1</nestedLevel>
</record>
<record>
  <date>2018-09-25T15:03:35</date>
  <millis>1537880615254</millis>
  <sequence>173</sequence>
  <level>INFO</level>
  <class>com.kms.katalon.core.logging.KeywordLogger</class>
  <method>logMessage</method>
  <thread>1</thread>
  <message>Variable &amp;apos;alias&amp;apos; is set to Work</message>
  <nestedLevel>1</nestedLevel>
</record>
<record>
  <date>2018-09-25T15:03:35</date>
  <millis>1537880615256</millis>
  <sequence>174</sequence>
  <level>START</level>
  <class>com.kms.katalon.core.logging.KeywordLogger</class>
  <method>startKeyword</method>
  <thread>1</thread>
  <message>Start action : Statement - If (!(com.kms.katalon.core.webui.keyword.WebUiBuiltInKeywords.callTestCase(com.kms.katalon.core.testcase.TestCaseFactory.findTestCase(Common/FindAddress), [\&amp;quot;alias\&amp;quot;:alias])))</message>
  <nestedLevel>1</nestedLevel>
  <property name="startLine">22</property>
  <property name="stepIndex">1</property>
</record>
<record>
  <date>2018-09-25T15:03:35</date>
  <millis>1537880615261</millis>
  <sequence>175</sequence>
  <level>INFO</level>
  <class>com.kms.katalon.core.logging.KeywordLogger</class>
  <method>logMessage</method>
  <thread>1</thread>
  <message>Checking called Test Case</message>
  <nestedLevel>1</nestedLevel>
</record>
<record>
  <date>2018-09-25T15:03:35</date>
  <millis>1537880615261</millis>
  <sequence>176</sequence>
  <level>INFO</level>
  <class>com.kms.katalon.core.logging.KeywordLogger</class>
  <method>logMessage</method>
  <thread>1</thread>
  <message>Starting to call Test Case &amp;apos;Test Cases/Common/FindAddress&amp;apos;</message>
  <nestedLevel>1</nestedLevel>
</record>
<record>
  <date>2018-09-25T15:03:35</date>
  <millis>1537880615314</millis>
  <sequence>177</sequence>
  <level>START</level>
  <class>com.kms.katalon.core.logging.KeywordLogger</class>
  <method>startTest</method>
  <thread>1</thread>
  <message>Start Test Case : Test Cases/Common/FindAddress</message>
  <nestedLevel>2</nestedLevel>
  <property name="name">Test Cases/Common/FindAddress</property>
  <property name="description">Add an address. It uses the common function GoToUrl to go to the page you want in an efficient way.</property>
  <property name="id">Test Cases/Common/FindAddress</property>
  <property name="source">C:\\Users\\stagiaire\\git\\katalon-exam-answers\\Test Cases\\Common\\FindAddress.tc</property>
  <property name="isOptional">false</property>
</record>
<record>
  <date>2018-09-25T15:03:35</date>
  <millis>1537880615318</millis>
  <sequence>178</sequence>
  <level>INFO</level>
  <class>com.kms.katalon.core.logging.KeywordLogger</class>
  <method>logMessage</method>
  <thread>1</thread>
  <message>Evaluating variables for test case</message>
  <nestedLevel>2</nestedLevel>
</record>
<record>
  <date>2018-09-25T15:03:35</date>
  <millis>1537880615319</millis>
  <sequence>179</sequence>
  <level>INFO</level>
  <class>com.kms.katalon.core.logging.KeywordLogger</class>
  <method>logMessage</method>
  <thread>1</thread>
  <message>Variable &amp;apos;alias&amp;apos; is set to Work</message>
  <nestedLevel>2</nestedLevel>
</record>
<record>
  <date>2018-09-25T15:03:35</date>
  <millis>1537880615320</millis>
  <sequence>180</sequence>
  <level>START</level>
  <class>com.kms.katalon.core.logging.KeywordLogger</class>
  <method>startKeyword</method>
  <thread>1</thread>
  <message>Start action : callTestCase</message>
  <nestedLevel>1</nestedLevel>
  <property name="startLine">22</property>
  <property name="stepIndex">1</property>
</record>
<record>
  <date>2018-09-25T15:03:35</date>
  <millis>1537880615328</millis>
  <sequence>181</sequence>
  <level>INFO</level>
  <class>com.kms.katalon.core.logging.KeywordLogger</class>
  <method>logMessage</method>
  <thread>1</thread>
  <message>Checking called Test Case</message>
  <nestedLevel>2</nestedLevel>
</record>
<record>
  <date>2018-09-25T15:03:35</date>
  <millis>1537880615329</millis>
  <sequence>182</sequence>
  <level>INFO</level>
  <class>com.kms.katalon.core.logging.KeywordLogger</class>
  <method>logMessage</method>
  <thread>1</thread>
  <message>Starting to call Test Case &amp;apos;Test Cases/Common/GoToUrl&amp;apos;</message>
  <nestedLevel>2</nestedLevel>
</record>
<record>
  <date>2018-09-25T15:03:35</date>
  <millis>1537880615381</millis>
  <sequence>183</sequence>
  <level>START</level>
  <class>com.kms.katalon.core.logging.KeywordLogger</class>
  <method>startTest</method>
  <thread>1</thread>
  <message>Start Test Case : Test Cases/Common/GoToUrl</message>
  <nestedLevel>3</nestedLevel>
  <property name="name">Test Cases/Common/GoToUrl</property>
  <property name="description">Go to an URL. This test case is actually just a function that will open the browser only once, when needed. It also checks whether you have signed in and if not, it will sign in. Finally it wil go to the url supplied as a parameter.</property>
  <property name="id">Test Cases/Common/GoToUrl</property>
  <property name="source">C:\\Users\\stagiaire\\git\\katalon-exam-answers\\Test Cases\\Common\\GoToUrl.tc</property>
  <property name="isOptional">false</property>
</record>
<record>
  <date>2018-09-25T15:03:35</date>
  <millis>1537880615390</millis>
  <sequence>184</sequence>
  <level>INFO</level>
  <class>com.kms.katalon.core.logging.KeywordLogger</class>
  <method>logMessage</method>
  <thread>1</thread>
  <message>Evaluating variables for test case</message>
  <nestedLevel>3</nestedLevel>
</record>
<record>
  <date>2018-09-25T15:03:35</date>
  <millis>1537880615390</millis>
  <sequence>185</sequence>
  <level>INFO</level>
  <class>com.kms.katalon.core.logging.KeywordLogger</class>
  <method>logMessage</method>
  <thread>1</thread>
  <message>Variable &amp;apos;url&amp;apos; is set to http://automationpractice.com/index.php?controller=addresses</message>
  <nestedLevel>3</nestedLevel>
</record>
<record>
  <date>2018-09-25T15:03:35</date>
  <millis>1537880615393</millis>
  <sequence>186</sequence>
  <level>START</level>
  <class>com.kms.katalon.core.logging.KeywordLogger</class>
  <method>startKeyword</method>
  <thread>1</thread>
  <message>Start action : Statement - currentUrl = \&amp;quot;\&amp;quot;</message>
  <nestedLevel>1</nestedLevel>
  <property name="startLine">16</property>
  <property name="stepIndex">1</property>
</record>
<record>
  <date>2018-09-25T15:03:35</date>
  <millis>1537880615401</millis>
  <sequence>187</sequence>
  <level>END</level>
  <class>com.kms.katalon.core.logging.KeywordLogger</class>
  <method>endKeyword</method>
  <thread>1</thread>
  <message>End action : Statement - currentUrl = \&amp;quot;\&amp;quot;</message>
  <nestedLevel>1</nestedLevel>
</record>
<record>
  <date>2018-09-25T15:03:35</date>
  <millis>1537880615401</millis>
  <sequence>188</sequence>
  <level>START</level>
  <class>com.kms.katalon.core.logging.KeywordLogger</class>
  <method>startKeyword</method>
  <thread>1</thread>
  <message>Start action : Statement - Try</message>
  <nestedLevel>1</nestedLevel>
  <property name="startLine">18</property>
  <property name="stepIndex">2</property>
</record>
<record>
  <date>2018-09-25T15:03:35</date>
  <millis>1537880615409</millis>
  <sequence>189</sequence>
  <level>START</level>
  <class>com.kms.katalon.core.logging.KeywordLogger</class>
  <method>startKeyword</method>
  <thread>1</thread>
  <message>Start action : Statement - currentUrl = com.kms.katalon.core.webui.keyword.WebUiBuiltInKeywords.getUrl()</message>
  <nestedLevel>2</nestedLevel>
  <property name="startLine">19</property>
  <property name="stepIndex">1</property>
</record>
<record>
  <date>2018-09-25T15:03:35</date>
  <millis>1537880615415</millis>
  <sequence>190</sequence>
  <level>INFO</level>
  <class>com.kms.katalon.core.logging.KeywordLogger</class>
  <method>logMessage</method>
  <thread>1</thread>
  <message>Getting current window&amp;apos;s url</message>
  <nestedLevel>3</nestedLevel>
</record>
<record>
  <date>2018-09-25T15:03:35</date>
  <millis>1537880615422</millis>
  <sequence>191</sequence>
  <level>PASSED</level>
  <class>com.kms.katalon.core.logging.KeywordLogger</class>
  <method>logMessage</method>
  <thread>1</thread>
  <message>Current window&amp;apos;s url is: &amp;apos;http://automationpractice.com/index.php?controller=addresses&amp;apos;</message>
  <nestedLevel>3</nestedLevel>
</record>
<record>
  <date>2018-09-25T15:03:35</date>
  <millis>1537880615422</millis>
  <sequence>192</sequence>
  <level>END</level>
  <class>com.kms.katalon.core.logging.KeywordLogger</class>
  <method>endKeyword</method>
  <thread>1</thread>
  <message>End action : Statement - currentUrl = com.kms.katalon.core.webui.keyword.WebUiBuiltInKeywords.getUrl()</message>
  <nestedLevel>2</nestedLevel>
</record>
<record>
  <date>2018-09-25T15:03:35</date>
  <millis>1537880615423</millis>
  <sequence>193</sequence>
  <level>END</level>
  <class>com.kms.katalon.core.logging.KeywordLogger</class>
  <method>endKeyword</method>
  <thread>1</thread>
  <message>End action : Statement - Try</message>
  <nestedLevel>1</nestedLevel>
</record>
<record>
  <date>2018-09-25T15:03:35</date>
  <millis>1537880615423</millis>
  <sequence>194</sequence>
  <level>START</level>
  <class>com.kms.katalon.core.logging.KeywordLogger</class>
  <method>startKeyword</method>
  <thread>1</thread>
  <message>Start action : Statement - If (!(currentUrl.equals(url)))</message>
  <nestedLevel>1</nestedLevel>
  <property name="startLine">30</property>
  <property name="stepIndex">5</property>
</record>
<record>
  <date>2018-09-25T15:03:35</date>
  <millis>1537880615429</millis>
  <sequence>195</sequence>
  <level>END</level>
  <class>com.kms.katalon.core.logging.KeywordLogger</class>
  <method>endKeyword</method>
  <thread>1</thread>
  <message>End action : Statement - If (!(currentUrl.equals(url)))</message>
  <nestedLevel>1</nestedLevel>
</record>
<record>
  <date>2018-09-25T15:03:35</date>
  <millis>1537880615429</millis>
  <sequence>196</sequence>
  <level>START</level>
  <class>com.kms.katalon.core.logging.KeywordLogger</class>
  <method>startKeyword</method>
  <thread>1</thread>
  <message>Start action : Statement - Try</message>
  <nestedLevel>1</nestedLevel>
  <property name="startLine">36</property>
  <property name="stepIndex">6</property>
</record>
<record>
  <date>2018-09-25T15:03:35</date>
  <millis>1537880615435</millis>
  <sequence>197</sequence>
  <level>START</level>
  <class>com.kms.katalon.core.logging.KeywordLogger</class>
  <method>startKeyword</method>
  <thread>1</thread>
  <message>Start action : verifyTextPresent</message>
  <nestedLevel>2</nestedLevel>
  <property name="startLine">38</property>
  <property name="stepIndex">1</property>
</record>
<record>
  <date>2018-09-25T15:03:35</date>
  <millis>1537880615441</millis>
  <sequence>198</sequence>
  <level>INFO</level>
  <class>com.kms.katalon.core.logging.KeywordLogger</class>
  <method>logMessage</method>
  <thread>1</thread>
  <message>Checking text present </message>
  <nestedLevel>3</nestedLevel>
</record>
<record>
  <date>2018-09-25T15:03:35</date>
  <millis>1537880615527</millis>
  <sequence>199</sequence>
  <level>INFO</level>
  <class>com.kms.katalon.core.logging.KeywordLogger</class>
  <method>logMessage</method>
  <thread>1</thread>
  <message>Finding text &amp;apos;Sign in&amp;apos; on page </message>
  <nestedLevel>3</nestedLevel>
</record>
<record>
  <date>2018-09-25T15:03:35</date>
  <millis>1537880615527</millis>
  <sequence>200</sequence>
  <level>FAILED</level>
  <class>com.kms.katalon.core.logging.KeywordLogger</class>
  <method>logMessage</method>
  <thread>1</thread>
  <message>Text &amp;apos;Sign in&amp;apos; is not present on page </message>
  <nestedLevel>3</nestedLevel>
</record>
<record>
  <date>2018-09-25T15:03:35</date>
  <millis>1537880615777</millis>
  <sequence>201</sequence>
  <level>FAILED</level>
  <class>com.kms.katalon.core.logging.KeywordLogger</class>
  <method>logMessage</method>
  <thread>1</thread>
  <message>Unable to verify text &amp;apos;Sign in&amp;apos; is present  (Root cause: Text &amp;apos;Sign in&amp;apos; is not present on page )</message>
  <nestedLevel>3</nestedLevel>
  <property name="attachment">1537880615527.png</property>
</record>
<record>
  <date>2018-09-25T15:03:35</date>
  <millis>1537880615777</millis>
  <sequence>202</sequence>
  <level>END</level>
  <class>com.kms.katalon.core.logging.KeywordLogger</class>
  <method>endKeyword</method>
  <thread>1</thread>
  <message>End action : verifyTextPresent</message>
  <nestedLevel>2</nestedLevel>
</record>
<record>
  <date>2018-09-25T15:03:35</date>
  <millis>1537880615777</millis>
  <sequence>203</sequence>
  <level>END</level>
  <class>com.kms.katalon.core.logging.KeywordLogger</class>
  <method>endKeyword</method>
  <thread>1</thread>
  <message>End action : Statement - Try</message>
  <nestedLevel>1</nestedLevel>
</record>
<record>
  <date>2018-09-25T15:03:35</date>
  <millis>1537880615777</millis>
  <sequence>204</sequence>
  <level>START</level>
  <class>com.kms.katalon.core.logging.KeywordLogger</class>
  <method>startKeyword</method>
  <thread>1</thread>
  <message>Start action : Statement - Catch (Exception e)</message>
  <nestedLevel>1</nestedLevel>
  <property name="startLine">51</property>
  <property name="stepIndex">7</property>
</record>
<record>
  <date>2018-09-25T15:03:35</date>
  <millis>1537880615778</millis>
  <sequence>205</sequence>
  <level>END</level>
  <class>com.kms.katalon.core.logging.KeywordLogger</class>
  <method>endKeyword</method>
  <thread>1</thread>
  <message>End action : Statement - Catch (Exception e)</message>
  <nestedLevel>1</nestedLevel>
</record>
<record>
  <date>2018-09-25T15:03:35</date>
  <millis>1537880615778</millis>
  <sequence>206</sequence>
  <level>START</level>
  <class>com.kms.katalon.core.logging.KeywordLogger</class>
  <method>startKeyword</method>
  <thread>1</thread>
  <message>Start action : verifyTextPresent</message>
  <nestedLevel>1</nestedLevel>
  <property name="startLine">55</property>
  <property name="stepIndex">9</property>
</record>
<record>
  <date>2018-09-25T15:03:35</date>
  <millis>1537880615785</millis>
  <sequence>207</sequence>
  <level>INFO</level>
  <class>com.kms.katalon.core.logging.KeywordLogger</class>
  <method>logMessage</method>
  <thread>1</thread>
  <message>Checking text present </message>
  <nestedLevel>3</nestedLevel>
</record>
<record>
  <date>2018-09-25T15:03:35</date>
  <millis>1537880615855</millis>
  <sequence>208</sequence>
  <level>INFO</level>
  <class>com.kms.katalon.core.logging.KeywordLogger</class>
  <method>logMessage</method>
  <thread>1</thread>
  <message>Finding text &amp;apos;Sign out&amp;apos; on page </message>
  <nestedLevel>3</nestedLevel>
</record>
<record>
  <date>2018-09-25T15:03:35</date>
  <millis>1537880615856</millis>
  <sequence>209</sequence>
  <level>PASSED</level>
  <class>com.kms.katalon.core.logging.KeywordLogger</class>
  <method>logMessage</method>
  <thread>1</thread>
  <message>Text &amp;apos;Sign out&amp;apos; is present on page </message>
  <nestedLevel>3</nestedLevel>
</record>
<record>
  <date>2018-09-25T15:03:35</date>
  <millis>1537880615856</millis>
  <sequence>210</sequence>
  <level>END</level>
  <class>com.kms.katalon.core.logging.KeywordLogger</class>
  <method>endKeyword</method>
  <thread>1</thread>
  <message>End action : verifyTextPresent</message>
  <nestedLevel>1</nestedLevel>
</record>
<record>
  <date>2018-09-25T15:03:35</date>
  <millis>1537880615856</millis>
  <sequence>211</sequence>
  <level>PASSED</level>
  <class>com.kms.katalon.core.logging.KeywordLogger</class>
  <method>logMessage</method>
  <thread>1</thread>
  <message>Test Cases/Common/GoToUrl</message>
  <nestedLevel>3</nestedLevel>
</record>
<record>
  <date>2018-09-25T15:03:35</date>
  <millis>1537880615856</millis>
  <sequence>212</sequence>
  <level>END</level>
  <class>com.kms.katalon.core.logging.KeywordLogger</class>
  <method>endTest</method>
  <thread>1</thread>
  <message>End Test Case : Test Cases/Common/GoToUrl</message>
  <nestedLevel>2</nestedLevel>
</record>
<record>
  <date>2018-09-25T15:03:35</date>
  <millis>1537880615856</millis>
  <sequence>213</sequence>
  <level>PASSED</level>
  <class>com.kms.katalon.core.logging.KeywordLogger</class>
  <method>logMessage</method>
  <thread>1</thread>
  <message>Call Test Case &amp;apos;Test Cases/Common/GoToUrl&amp;apos; successfully</message>
  <nestedLevel>2</nestedLevel>
</record>
<record>
  <date>2018-09-25T15:03:35</date>
  <millis>1537880615857</millis>
  <sequence>214</sequence>
  <level>END</level>
  <class>com.kms.katalon.core.logging.KeywordLogger</class>
  <method>endKeyword</method>
  <thread>1</thread>
  <message>End action : callTestCase</message>
  <nestedLevel>1</nestedLevel>
</record>
<record>
  <date>2018-09-25T15:03:35</date>
  <millis>1537880615857</millis>
  <sequence>215</sequence>
  <level>START</level>
  <class>com.kms.katalon.core.logging.KeywordLogger</class>
  <method>startKeyword</method>
  <thread>1</thread>
  <message>Start action : Statement - deleteButton = com.kms.katalon.core.webui.keyword.WebUiBuiltInKeywords.modifyObjectProperty(com.kms.katalon.core.testobject.ObjectRepository.findTestObject(Object Repository/Page_Addresses - My Store/span_Delete), \&amp;quot;xpath\&amp;quot;, \&amp;quot;equals\&amp;quot;, \&amp;quot;//a[@title=&amp;apos;Delete&amp;apos; and ../../li[1]/h3/text()=&amp;apos;\&amp;quot; + alias + \&amp;quot;&amp;apos;]\&amp;quot;, true)</message>
  <nestedLevel>1</nestedLevel>
  <property name="startLine">24</property>
  <property name="stepIndex">2</property>
</record>
<record>
  <date>2018-09-25T15:03:35</date>
  <millis>1537880615861</millis>
  <sequence>216</sequence>
  <level>INFO</level>
  <class>com.kms.katalon.core.logging.KeywordLogger</class>
  <method>logMessage</method>
  <thread>1</thread>
  <message>Finding Test Object with id &amp;apos;Object Repository/Page_Addresses - My Store/span_Delete&amp;apos;</message>
  <nestedLevel>2</nestedLevel>
</record>
<record>
  <date>2018-09-25T15:03:35</date>
  <millis>1537880615864</millis>
  <sequence>217</sequence>
  <level>INFO</level>
  <class>com.kms.katalon.core.logging.KeywordLogger</class>
  <method>logMessage</method>
  <thread>1</thread>
  <message>Check Test Object</message>
  <nestedLevel>2</nestedLevel>
</record>
<record>
  <date>2018-09-25T15:03:35</date>
  <millis>1537880615865</millis>
  <sequence>218</sequence>
  <level>INFO</level>
  <class>com.kms.katalon.core.logging.KeywordLogger</class>
  <method>logMessage</method>
  <thread>1</thread>
  <message>Check property name</message>
  <nestedLevel>2</nestedLevel>
</record>
<record>
  <date>2018-09-25T15:03:35</date>
  <millis>1537880615865</millis>
  <sequence>219</sequence>
  <level>INFO</level>
  <class>com.kms.katalon.core.logging.KeywordLogger</class>
  <method>logMessage</method>
  <thread>1</thread>
  <message>Check modify value</message>
  <nestedLevel>2</nestedLevel>
</record>
<record>
  <date>2018-09-25T15:03:35</date>
  <millis>1537880615865</millis>
  <sequence>220</sequence>
  <level>INFO</level>
  <class>com.kms.katalon.core.logging.KeywordLogger</class>
  <method>logMessage</method>
  <thread>1</thread>
  <message>Check match condition</message>
  <nestedLevel>2</nestedLevel>
</record>
<record>
  <date>2018-09-25T15:03:35</date>
  <millis>1537880615865</millis>
  <sequence>221</sequence>
  <level>PASSED</level>
  <class>com.kms.katalon.core.logging.KeywordLogger</class>
  <method>logMessage</method>
  <thread>1</thread>
  <message>Modify property of object successfully</message>
  <nestedLevel>2</nestedLevel>
</record>
<record>
  <date>2018-09-25T15:03:35</date>
  <millis>1537880615866</millis>
  <sequence>222</sequence>
  <level>END</level>
  <class>com.kms.katalon.core.logging.KeywordLogger</class>
  <method>endKeyword</method>
  <thread>1</thread>
  <message>End action : Statement - deleteButton = com.kms.katalon.core.webui.keyword.WebUiBuiltInKeywords.modifyObjectProperty(com.kms.katalon.core.testobject.ObjectRepository.findTestObject(Object Repository/Page_Addresses - My Store/span_Delete), \&amp;quot;xpath\&amp;quot;, \&amp;quot;equals\&amp;quot;, \&amp;quot;//a[@title=&amp;apos;Delete&amp;apos; and ../../li[1]/h3/text()=&amp;apos;\&amp;quot; + alias + \&amp;quot;&amp;apos;]\&amp;quot;, true)</message>
  <nestedLevel>1</nestedLevel>
</record>
<record>
  <date>2018-09-25T15:03:35</date>
  <millis>1537880615866</millis>
  <sequence>223</sequence>
  <level>START</level>
  <class>com.kms.katalon.core.logging.KeywordLogger</class>
  <method>startKeyword</method>
  <thread>1</thread>
  <message>Start action : Statement - If (com.kms.katalon.core.webui.keyword.WebUiBuiltInKeywords.waitForElementPresent(deleteButton, 1))</message>
  <nestedLevel>1</nestedLevel>
  <property name="startLine">27</property>
  <property name="stepIndex">3</property>
</record>
<record>
  <date>2018-09-25T15:03:35</date>
  <millis>1537880615870</millis>
  <sequence>224</sequence>
  <level>INFO</level>
  <class>com.kms.katalon.core.logging.KeywordLogger</class>
  <method>logMessage</method>
  <thread>1</thread>
  <message>Checking object</message>
  <nestedLevel>2</nestedLevel>
</record>
<record>
  <date>2018-09-25T15:03:35</date>
  <millis>1537880615871</millis>
  <sequence>225</sequence>
  <level>INFO</level>
  <class>com.kms.katalon.core.logging.KeywordLogger</class>
  <method>logMessage</method>
  <thread>1</thread>
  <message>Checking timeout</message>
  <nestedLevel>2</nestedLevel>
</record>
<record>
  <date>2018-09-25T15:03:35</date>
  <millis>1537880615871</millis>
  <sequence>226</sequence>
  <level>INFO</level>
  <class>com.kms.katalon.core.logging.KeywordLogger</class>
  <method>logMessage</method>
  <thread>1</thread>
  <message>Finding web element with id: &amp;apos;Object Repository/Page_Addresses - My Store/span_Delete&amp;apos; located by &amp;apos;By.xpath: //a[@title=&amp;apos;Delete&amp;apos; and ../../li[1]/h3/text()=&amp;apos;Work&amp;apos;]&amp;apos; in &amp;apos;1&amp;apos; second(s)</message>
  <nestedLevel>2</nestedLevel>
</record>
<record>
  <date>2018-09-25T15:03:35</date>
  <millis>1537880615886</millis>
  <sequence>227</sequence>
  <level>INFO</level>
  <class>com.kms.katalon.core.logging.KeywordLogger</class>
  <method>logMessage</method>
  <thread>1</thread>
  <message>Found 1 web elements with id: &amp;apos;Object Repository/Page_Addresses - My Store/span_Delete&amp;apos; located by &amp;apos;By.xpath: //a[@title=&amp;apos;Delete&amp;apos; and ../../li[1]/h3/text()=&amp;apos;Work&amp;apos;]&amp;apos; in &amp;apos;1&amp;apos; second(s)</message>
  <nestedLevel>2</nestedLevel>
</record>
<record>
  <date>2018-09-25T15:03:35</date>
  <millis>1537880615886</millis>
  <sequence>228</sequence>
  <level>PASSED</level>
  <class>com.kms.katalon.core.logging.KeywordLogger</class>
  <method>logMessage</method>
  <thread>1</thread>
  <message>Object &amp;apos;Object Repository/Page_Addresses - My Store/span_Delete&amp;apos; is present</message>
  <nestedLevel>2</nestedLevel>
</record>
<record>
  <date>2018-09-25T15:03:35</date>
  <millis>1537880615887</millis>
  <sequence>229</sequence>
  <level>START</level>
  <class>com.kms.katalon.core.logging.KeywordLogger</class>
  <method>startKeyword</method>
  <thread>1</thread>
  <message>Start action : Statement - return deleteButton</message>
  <nestedLevel>2</nestedLevel>
  <property name="startLine">28</property>
  <property name="stepIndex">1</property>
</record>
<record>
  <date>2018-09-25T15:03:35</date>
  <millis>1537880615891</millis>
  <sequence>230</sequence>
  <level>END</level>
  <class>com.kms.katalon.core.logging.KeywordLogger</class>
  <method>endKeyword</method>
  <thread>1</thread>
  <message>End action : Statement - return deleteButton</message>
  <nestedLevel>2</nestedLevel>
</record>
<record>
  <date>2018-09-25T15:03:35</date>
  <millis>1537880615892</millis>
  <sequence>231</sequence>
  <level>END</level>
  <class>com.kms.katalon.core.logging.KeywordLogger</class>
  <method>endKeyword</method>
  <thread>1</thread>
  <message>End action : Statement - If (com.kms.katalon.core.webui.keyword.WebUiBuiltInKeywords.waitForElementPresent(deleteButton, 1))</message>
  <nestedLevel>1</nestedLevel>
</record>
<record>
  <date>2018-09-25T15:03:35</date>
  <millis>1537880615892</millis>
  <sequence>232</sequence>
  <level>PASSED</level>
  <class>com.kms.katalon.core.logging.KeywordLogger</class>
  <method>logMessage</method>
  <thread>1</thread>
  <message>Test Cases/Common/FindAddress</message>
  <nestedLevel>2</nestedLevel>
</record>
<record>
  <date>2018-09-25T15:03:35</date>
  <millis>1537880615892</millis>
  <sequence>233</sequence>
  <level>END</level>
  <class>com.kms.katalon.core.logging.KeywordLogger</class>
  <method>endTest</method>
  <thread>1</thread>
  <message>End Test Case : Test Cases/Common/FindAddress</message>
  <nestedLevel>1</nestedLevel>
</record>
<record>
  <date>2018-09-25T15:03:35</date>
  <millis>1537880615892</millis>
  <sequence>234</sequence>
  <level>PASSED</level>
  <class>com.kms.katalon.core.logging.KeywordLogger</class>
  <method>logMessage</method>
  <thread>1</thread>
  <message>Call Test Case &amp;apos;Test Cases/Common/FindAddress&amp;apos; successfully</message>
  <nestedLevel>1</nestedLevel>
</record>
<record>
  <date>2018-09-25T15:03:35</date>
  <millis>1537880615892</millis>
  <sequence>235</sequence>
  <level>END</level>
  <class>com.kms.katalon.core.logging.KeywordLogger</class>
  <method>endKeyword</method>
  <thread>1</thread>
  <message>End action : Statement - If (!(com.kms.katalon.core.webui.keyword.WebUiBuiltInKeywords.callTestCase(com.kms.katalon.core.testcase.TestCaseFactory.findTestCase(Common/FindAddress), [\&amp;quot;alias\&amp;quot;:alias])))</message>
  <nestedLevel>1</nestedLevel>
</record>
<record>
  <date>2018-09-25T15:03:35</date>
  <millis>1537880615893</millis>
  <sequence>236</sequence>
  <level>PASSED</level>
  <class>com.kms.katalon.core.logging.KeywordLogger</class>
  <method>logMessage</method>
  <thread>1</thread>
  <message>Test Cases/Home/Add address</message>
  <nestedLevel>1</nestedLevel>
</record>
<record>
  <date>2018-09-25T15:03:37</date>
  <millis>1537880617905</millis>
  <sequence>237</sequence>
  <level>END</level>
  <class>com.kms.katalon.core.logging.KeywordLogger</class>
  <method>endTest</method>
  <thread>1</thread>
  <message>End Test Case : Test Cases/Home/Add address</message>
  <nestedLevel>0</nestedLevel>
</record>
<record>
  <date>2018-09-25T15:03:38</date>
  <millis>1537880618558</millis>
  <sequence>238</sequence>
  <level>END</level>
  <class>com.kms.katalon.core.logging.KeywordLogger</class>
  <method>endSuite</method>
  <thread>1</thread>
  <message>End Test Suite : Test Suites/Home/Add addresses</message>
  <nestedLevel>0</nestedLevel>
</record>
</log>