<?xml version="1.0" encoding="UTF-8" standalone="no"?>
<!DOCTYPE log SYSTEM "logger.dtd">
<log>
<record>
  <date>2018-09-25T15:00:12</date>
  <millis>1537880412829</millis>
  <sequence>0</sequence>
  <level>START</level>
  <class>com.kms.katalon.core.logging.KeywordLogger</class>
  <method>startSuite</method>
  <thread>1</thread>
  <message>Start Test Suite : Test Suites/Home/Add addresses</message>
  <nestedLevel>0</nestedLevel>
  <property name="name">Add addresses</property>
  <property name="description"></property>
  <property name="id">Test Suites/Home/Add addresses</property>
</record>
<record>
  <date>2018-09-25T15:00:12</date>
  <millis>1537880412859</millis>
  <sequence>1</sequence>
  <level>RUN_DATA</level>
  <class>com.kms.katalon.core.logging.KeywordLogger</class>
  <method>logMessage</method>
  <thread>1</thread>
  <message>Logging run data &amp;apos;hostName&amp;apos; with value &amp;apos;WINIB-PPSA45UJK$ - WINIB-PPSA45UJK&amp;apos;</message>
  <nestedLevel>0</nestedLevel>
  <property name="hostName">WINIB-PPSA45UJK$ - WINIB-PPSA45UJK</property>
</record>
<record>
  <date>2018-09-25T15:00:12</date>
  <millis>1537880412860</millis>
  <sequence>2</sequence>
  <level>RUN_DATA</level>
  <class>com.kms.katalon.core.logging.KeywordLogger</class>
  <method>logMessage</method>
  <thread>1</thread>
  <message>Logging run data &amp;apos;os&amp;apos; with value &amp;apos;Windows 10 64bit&amp;apos;</message>
  <nestedLevel>0</nestedLevel>
  <property name="os">Windows 10 64bit</property>
</record>
<record>
  <date>2018-09-25T15:00:12</date>
  <millis>1537880412860</millis>
  <sequence>3</sequence>
  <level>RUN_DATA</level>
  <class>com.kms.katalon.core.logging.KeywordLogger</class>
  <method>logMessage</method>
  <thread>1</thread>
  <message>Logging run data &amp;apos;hostAddress&amp;apos; with value &amp;apos;192.168.56.1&amp;apos;</message>
  <nestedLevel>0</nestedLevel>
  <property name="hostAddress">192.168.56.1</property>
</record>
<record>
  <date>2018-09-25T15:00:12</date>
  <millis>1537880412861</millis>
  <sequence>4</sequence>
  <level>RUN_DATA</level>
  <class>com.kms.katalon.core.logging.KeywordLogger</class>
  <method>logMessage</method>
  <thread>1</thread>
  <message>Logging run data &amp;apos;katalonVersion&amp;apos; with value &amp;apos;5.7.1.1&amp;apos;</message>
  <nestedLevel>0</nestedLevel>
  <property name="katalonVersion">5.7.1.1</property>
</record>
<record>
  <date>2018-09-25T15:00:13</date>
  <millis>1537880413079</millis>
  <sequence>5</sequence>
  <level>START</level>
  <class>com.kms.katalon.core.logging.KeywordLogger</class>
  <method>startTest</method>
  <thread>1</thread>
  <message>Start Test Case : Test Cases/Home/Add address</message>
  <nestedLevel>1</nestedLevel>
  <property name="name">Test Cases/Home/Add address</property>
  <property name="description">Add an address. It uses the common function GoToUrl to go to the page you want in an efficient way.</property>
  <property name="id">Test Cases/Home/Add address</property>
  <property name="source">C:\\Users\\stagiaire\\git\\katalon-exam-answers\\Test Cases\\Home\\Add address.tc</property>
  <property name="isOptional">false</property>
</record>
<record>
  <date>2018-09-25T15:00:13</date>
  <millis>1537880413096</millis>
  <sequence>6</sequence>
  <level>INFO</level>
  <class>com.kms.katalon.core.logging.KeywordLogger</class>
  <method>logMessage</method>
  <thread>1</thread>
  <message>Evaluating variables for test case</message>
  <nestedLevel>1</nestedLevel>
</record>
<record>
  <date>2018-09-25T15:00:13</date>
  <millis>1537880413097</millis>
  <sequence>7</sequence>
  <level>INFO</level>
  <class>com.kms.katalon.core.logging.KeywordLogger</class>
  <method>logMessage</method>
  <thread>1</thread>
  <message>Variable &amp;apos;firstName&amp;apos; is set to Gert-Jan</message>
  <nestedLevel>1</nestedLevel>
</record>
<record>
  <date>2018-09-25T15:00:13</date>
  <millis>1537880413098</millis>
  <sequence>8</sequence>
  <level>INFO</level>
  <class>com.kms.katalon.core.logging.KeywordLogger</class>
  <method>logMessage</method>
  <thread>1</thread>
  <message>Variable &amp;apos;lastName&amp;apos; is set to Paulissen</message>
  <nestedLevel>1</nestedLevel>
</record>
<record>
  <date>2018-09-25T15:00:13</date>
  <millis>1537880413098</millis>
  <sequence>9</sequence>
  <level>INFO</level>
  <class>com.kms.katalon.core.logging.KeywordLogger</class>
  <method>logMessage</method>
  <thread>1</thread>
  <message>Variable &amp;apos;address1&amp;apos; is set to 20 Rue de Cantaranne</message>
  <nestedLevel>1</nestedLevel>
</record>
<record>
  <date>2018-09-25T15:00:13</date>
  <millis>1537880413099</millis>
  <sequence>10</sequence>
  <level>INFO</level>
  <class>com.kms.katalon.core.logging.KeywordLogger</class>
  <method>logMessage</method>
  <thread>1</thread>
  <message>Variable &amp;apos;city&amp;apos; is set to Gradignan</message>
  <nestedLevel>1</nestedLevel>
</record>
<record>
  <date>2018-09-25T15:00:13</date>
  <millis>1537880413099</millis>
  <sequence>11</sequence>
  <level>INFO</level>
  <class>com.kms.katalon.core.logging.KeywordLogger</class>
  <method>logMessage</method>
  <thread>1</thread>
  <message>Variable &amp;apos;state&amp;apos; is set to Alabama</message>
  <nestedLevel>1</nestedLevel>
</record>
<record>
  <date>2018-09-25T15:00:13</date>
  <millis>1537880413100</millis>
  <sequence>12</sequence>
  <level>INFO</level>
  <class>com.kms.katalon.core.logging.KeywordLogger</class>
  <method>logMessage</method>
  <thread>1</thread>
  <message>Variable &amp;apos;postCode&amp;apos; is set to 33170</message>
  <nestedLevel>1</nestedLevel>
</record>
<record>
  <date>2018-09-25T15:00:13</date>
  <millis>1537880413100</millis>
  <sequence>13</sequence>
  <level>INFO</level>
  <class>com.kms.katalon.core.logging.KeywordLogger</class>
  <method>logMessage</method>
  <thread>1</thread>
  <message>Variable &amp;apos;phone&amp;apos; is set to +337635956952</message>
  <nestedLevel>1</nestedLevel>
</record>
<record>
  <date>2018-09-25T15:00:13</date>
  <millis>1537880413101</millis>
  <sequence>14</sequence>
  <level>INFO</level>
  <class>com.kms.katalon.core.logging.KeywordLogger</class>
  <method>logMessage</method>
  <thread>1</thread>
  <message>Variable &amp;apos;alias&amp;apos; is set to Home</message>
  <nestedLevel>1</nestedLevel>
</record>
<record>
  <date>2018-09-25T15:00:13</date>
  <millis>1537880413448</millis>
  <sequence>15</sequence>
  <level>START</level>
  <class>com.kms.katalon.core.logging.KeywordLogger</class>
  <method>startKeyword</method>
  <thread>1</thread>
  <message>Start action : Statement - If (!(com.kms.katalon.core.webui.keyword.WebUiBuiltInKeywords.callTestCase(com.kms.katalon.core.testcase.TestCaseFactory.findTestCase(Common/FindAddress), [\&amp;quot;alias\&amp;quot;:alias])))</message>
  <nestedLevel>1</nestedLevel>
  <property name="startLine">22</property>
  <property name="stepIndex">1</property>
</record>
<record>
  <date>2018-09-25T15:00:13</date>
  <millis>1537880413489</millis>
  <sequence>16</sequence>
  <level>INFO</level>
  <class>com.kms.katalon.core.logging.KeywordLogger</class>
  <method>logMessage</method>
  <thread>1</thread>
  <message>Checking called Test Case</message>
  <nestedLevel>1</nestedLevel>
</record>
<record>
  <date>2018-09-25T15:00:13</date>
  <millis>1537880413490</millis>
  <sequence>17</sequence>
  <level>INFO</level>
  <class>com.kms.katalon.core.logging.KeywordLogger</class>
  <method>logMessage</method>
  <thread>1</thread>
  <message>Starting to call Test Case &amp;apos;Test Cases/Common/FindAddress&amp;apos;</message>
  <nestedLevel>1</nestedLevel>
</record>
<record>
  <date>2018-09-25T15:00:13</date>
  <millis>1537880413543</millis>
  <sequence>18</sequence>
  <level>START</level>
  <class>com.kms.katalon.core.logging.KeywordLogger</class>
  <method>startTest</method>
  <thread>1</thread>
  <message>Start Test Case : Test Cases/Common/FindAddress</message>
  <nestedLevel>2</nestedLevel>
  <property name="name">Test Cases/Common/FindAddress</property>
  <property name="description">Add an address. It uses the common function GoToUrl to go to the page you want in an efficient way.</property>
  <property name="id">Test Cases/Common/FindAddress</property>
  <property name="source">C:\\Users\\stagiaire\\git\\katalon-exam-answers\\Test Cases\\Common\\FindAddress.tc</property>
  <property name="isOptional">false</property>
</record>
<record>
  <date>2018-09-25T15:00:13</date>
  <millis>1537880413554</millis>
  <sequence>19</sequence>
  <level>INFO</level>
  <class>com.kms.katalon.core.logging.KeywordLogger</class>
  <method>logMessage</method>
  <thread>1</thread>
  <message>Evaluating variables for test case</message>
  <nestedLevel>2</nestedLevel>
</record>
<record>
  <date>2018-09-25T15:00:13</date>
  <millis>1537880413554</millis>
  <sequence>20</sequence>
  <level>INFO</level>
  <class>com.kms.katalon.core.logging.KeywordLogger</class>
  <method>logMessage</method>
  <thread>1</thread>
  <message>Variable &amp;apos;alias&amp;apos; is set to Home</message>
  <nestedLevel>2</nestedLevel>
</record>
<record>
  <date>2018-09-25T15:00:13</date>
  <millis>1537880413641</millis>
  <sequence>21</sequence>
  <level>START</level>
  <class>com.kms.katalon.core.logging.KeywordLogger</class>
  <method>startKeyword</method>
  <thread>1</thread>
  <message>Start action : callTestCase</message>
  <nestedLevel>1</nestedLevel>
  <property name="startLine">22</property>
  <property name="stepIndex">1</property>
</record>
<record>
  <date>2018-09-25T15:00:13</date>
  <millis>1537880413654</millis>
  <sequence>22</sequence>
  <level>INFO</level>
  <class>com.kms.katalon.core.logging.KeywordLogger</class>
  <method>logMessage</method>
  <thread>1</thread>
  <message>Checking called Test Case</message>
  <nestedLevel>2</nestedLevel>
</record>
<record>
  <date>2018-09-25T15:00:13</date>
  <millis>1537880413655</millis>
  <sequence>23</sequence>
  <level>INFO</level>
  <class>com.kms.katalon.core.logging.KeywordLogger</class>
  <method>logMessage</method>
  <thread>1</thread>
  <message>Starting to call Test Case &amp;apos;Test Cases/Common/GoToUrl&amp;apos;</message>
  <nestedLevel>2</nestedLevel>
</record>
<record>
  <date>2018-09-25T15:00:13</date>
  <millis>1537880413707</millis>
  <sequence>24</sequence>
  <level>START</level>
  <class>com.kms.katalon.core.logging.KeywordLogger</class>
  <method>startTest</method>
  <thread>1</thread>
  <message>Start Test Case : Test Cases/Common/GoToUrl</message>
  <nestedLevel>3</nestedLevel>
  <property name="name">Test Cases/Common/GoToUrl</property>
  <property name="description">Go to an URL. This test case is actually just a function that will open the browser only once, when needed. It also checks whether you have signed in and if not, it will sign in. Finally it wil go to the url supplied as a parameter.</property>
  <property name="id">Test Cases/Common/GoToUrl</property>
  <property name="source">C:\\Users\\stagiaire\\git\\katalon-exam-answers\\Test Cases\\Common\\GoToUrl.tc</property>
  <property name="isOptional">false</property>
</record>
<record>
  <date>2018-09-25T15:00:13</date>
  <millis>1537880413716</millis>
  <sequence>25</sequence>
  <level>INFO</level>
  <class>com.kms.katalon.core.logging.KeywordLogger</class>
  <method>logMessage</method>
  <thread>1</thread>
  <message>Evaluating variables for test case</message>
  <nestedLevel>3</nestedLevel>
</record>
<record>
  <date>2018-09-25T15:00:13</date>
  <millis>1537880413716</millis>
  <sequence>26</sequence>
  <level>INFO</level>
  <class>com.kms.katalon.core.logging.KeywordLogger</class>
  <method>logMessage</method>
  <thread>1</thread>
  <message>Variable &amp;apos;url&amp;apos; is set to http://automationpractice.com/index.php?controller=addresses</message>
  <nestedLevel>3</nestedLevel>
</record>
<record>
  <date>2018-09-25T15:00:13</date>
  <millis>1537880413828</millis>
  <sequence>27</sequence>
  <level>START</level>
  <class>com.kms.katalon.core.logging.KeywordLogger</class>
  <method>startKeyword</method>
  <thread>1</thread>
  <message>Start action : Statement - currentUrl = \&amp;quot;\&amp;quot;</message>
  <nestedLevel>1</nestedLevel>
  <property name="startLine">16</property>
  <property name="stepIndex">1</property>
</record>
<record>
  <date>2018-09-25T15:00:13</date>
  <millis>1537880413834</millis>
  <sequence>28</sequence>
  <level>END</level>
  <class>com.kms.katalon.core.logging.KeywordLogger</class>
  <method>endKeyword</method>
  <thread>1</thread>
  <message>End action : Statement - currentUrl = \&amp;quot;\&amp;quot;</message>
  <nestedLevel>1</nestedLevel>
</record>
<record>
  <date>2018-09-25T15:00:13</date>
  <millis>1537880413835</millis>
  <sequence>29</sequence>
  <level>START</level>
  <class>com.kms.katalon.core.logging.KeywordLogger</class>
  <method>startKeyword</method>
  <thread>1</thread>
  <message>Start action : Statement - Try</message>
  <nestedLevel>1</nestedLevel>
  <property name="startLine">18</property>
  <property name="stepIndex">2</property>
</record>
<record>
  <date>2018-09-25T15:00:13</date>
  <millis>1537880413841</millis>
  <sequence>30</sequence>
  <level>START</level>
  <class>com.kms.katalon.core.logging.KeywordLogger</class>
  <method>startKeyword</method>
  <thread>1</thread>
  <message>Start action : Statement - currentUrl = com.kms.katalon.core.webui.keyword.WebUiBuiltInKeywords.getUrl()</message>
  <nestedLevel>2</nestedLevel>
  <property name="startLine">19</property>
  <property name="stepIndex">1</property>
</record>
<record>
  <date>2018-09-25T15:00:13</date>
  <millis>1537880413963</millis>
  <sequence>31</sequence>
  <level>INFO</level>
  <class>com.kms.katalon.core.logging.KeywordLogger</class>
  <method>logMessage</method>
  <thread>1</thread>
  <message>Getting current window&amp;apos;s url</message>
  <nestedLevel>3</nestedLevel>
</record>
<record>
  <date>2018-09-25T15:00:13</date>
  <millis>1537880413979</millis>
  <sequence>32</sequence>
  <level>WARNING</level>
  <class>com.kms.katalon.core.logging.KeywordLogger</class>
  <method>logMessage</method>
  <thread>1</thread>
  <message>Cannot take screenshot</message>
  <nestedLevel>3</nestedLevel>
</record>
<record>
  <date>2018-09-25T15:00:13</date>
  <millis>1537880413982</millis>
  <sequence>33</sequence>
  <level>FAILED</level>
  <class>com.kms.katalon.core.logging.KeywordLogger</class>
  <method>logMessage</method>
  <thread>1</thread>
  <message>Unable to get the url of the current window (Root cause: com.kms.katalon.core.webui.exception.BrowserNotOpenedException: Browser is not opened\nBuild info: version: &amp;apos;3.7.1&amp;apos;, revision: &amp;apos;8a0099a&amp;apos;, time: &amp;apos;2017-11-06T21:07:36.161Z&amp;apos;\nSystem info: host: &amp;apos;WINIB-PPSA45UJK&amp;apos;, ip: &amp;apos;192.168.56.1&amp;apos;, os.name: &amp;apos;Windows 10&amp;apos;, os.arch: &amp;apos;amd64&amp;apos;, os.version: &amp;apos;10.0&amp;apos;, java.version: &amp;apos;1.8.0_181&amp;apos;\nDriver info: driver.version: unknown)</message>
  <nestedLevel>3</nestedLevel>
</record>
<record>
  <date>2018-09-25T15:00:13</date>
  <millis>1537880413983</millis>
  <sequence>34</sequence>
  <level>END</level>
  <class>com.kms.katalon.core.logging.KeywordLogger</class>
  <method>endKeyword</method>
  <thread>1</thread>
  <message>End action : Statement - currentUrl = com.kms.katalon.core.webui.keyword.WebUiBuiltInKeywords.getUrl()</message>
  <nestedLevel>2</nestedLevel>
</record>
<record>
  <date>2018-09-25T15:00:13</date>
  <millis>1537880413983</millis>
  <sequence>35</sequence>
  <level>END</level>
  <class>com.kms.katalon.core.logging.KeywordLogger</class>
  <method>endKeyword</method>
  <thread>1</thread>
  <message>End action : Statement - Try</message>
  <nestedLevel>1</nestedLevel>
</record>
<record>
  <date>2018-09-25T15:00:13</date>
  <millis>1537880413984</millis>
  <sequence>36</sequence>
  <level>START</level>
  <class>com.kms.katalon.core.logging.KeywordLogger</class>
  <method>startKeyword</method>
  <thread>1</thread>
  <message>Start action : Statement - Catch (com.kms.katalon.core.exception.StepFailedException e)</message>
  <nestedLevel>1</nestedLevel>
  <property name="startLine">21</property>
  <property name="stepIndex">3</property>
</record>
<record>
  <date>2018-09-25T15:00:13</date>
  <millis>1537880413984</millis>
  <sequence>37</sequence>
  <level>START</level>
  <class>com.kms.katalon.core.logging.KeywordLogger</class>
  <method>startKeyword</method>
  <thread>1</thread>
  <message>Start action : openBrowser</message>
  <nestedLevel>2</nestedLevel>
  <property name="startLine">23</property>
  <property name="stepIndex">1</property>
</record>
<record>
  <date>2018-09-25T15:00:13</date>
  <millis>1537880413997</millis>
  <sequence>38</sequence>
  <level>INFO</level>
  <class>com.kms.katalon.core.logging.KeywordLogger</class>
  <method>logMessage</method>
  <thread>1</thread>
  <message>Opening browser</message>
  <nestedLevel>3</nestedLevel>
</record>
<record>
  <date>2018-09-25T15:00:13</date>
  <millis>1537880413998</millis>
  <sequence>39</sequence>
  <level>INFO</level>
  <class>com.kms.katalon.core.logging.KeywordLogger</class>
  <method>logMessage</method>
  <thread>1</thread>
  <message>Starting &amp;apos;Chrome&amp;apos; driver</message>
  <nestedLevel>3</nestedLevel>
</record>
<record>
  <date>2018-09-25T15:00:14</date>
  <millis>1537880414015</millis>
  <sequence>40</sequence>
  <level>INFO</level>
  <class>com.kms.katalon.core.logging.KeywordLogger</class>
  <method>logMessage</method>
  <thread>1</thread>
  <message>Action delay is set to 0 seconds</message>
  <nestedLevel>3</nestedLevel>
</record>
<record>
  <date>2018-09-25T15:00:16</date>
  <millis>1537880416457</millis>
  <sequence>42</sequence>
  <level>RUN_DATA</level>
  <class>com.kms.katalon.core.logging.KeywordLogger</class>
  <method>logMessage</method>
  <thread>1</thread>
  <message>Logging run data &amp;apos;sessionId&amp;apos; with value &amp;apos;38eaaeb6f27464390ad17ec313a7519d&amp;apos;</message>
  <nestedLevel>3</nestedLevel>
  <property name="sessionId">38eaaeb6f27464390ad17ec313a7519d</property>
</record>
<record>
  <date>2018-09-25T15:00:16</date>
  <millis>1537880416492</millis>
  <sequence>43</sequence>
  <level>RUN_DATA</level>
  <class>com.kms.katalon.core.logging.KeywordLogger</class>
  <method>logMessage</method>
  <thread>1</thread>
  <message>Logging run data &amp;apos;browser&amp;apos; with value &amp;apos;Chrome 69.0.3497.100&amp;apos;</message>
  <nestedLevel>3</nestedLevel>
  <property name="browser">Chrome 69.0.3497.100</property>
</record>
<record>
  <date>2018-09-25T15:00:16</date>
  <millis>1537880416492</millis>
  <sequence>44</sequence>
  <level>RUN_DATA</level>
  <class>com.kms.katalon.core.logging.KeywordLogger</class>
  <method>logMessage</method>
  <thread>1</thread>
  <message>Logging run data &amp;apos;platform&amp;apos; with value &amp;apos;Windows 10&amp;apos;</message>
  <nestedLevel>3</nestedLevel>
  <property name="platform">Windows 10</property>
</record>
<record>
  <date>2018-09-25T15:00:16</date>
  <millis>1537880416493</millis>
  <sequence>45</sequence>
  <level>RUN_DATA</level>
  <class>com.kms.katalon.core.logging.KeywordLogger</class>
  <method>logMessage</method>
  <thread>1</thread>
  <message>Logging run data &amp;apos;seleniumVersion&amp;apos; with value &amp;apos;3.7.1&amp;apos;</message>
  <nestedLevel>3</nestedLevel>
  <property name="seleniumVersion">3.7.1</property>
</record>
<record>
  <date>2018-09-25T15:00:16</date>
  <millis>1537880416493</millis>
  <sequence>46</sequence>
  <level>RUN_DATA</level>
  <class>com.kms.katalon.core.logging.KeywordLogger</class>
  <method>logMessage</method>
  <thread>1</thread>
  <message>Logging run data &amp;apos;proxyInformation&amp;apos; with value &amp;apos;ProxyInformation{proxyOption=NO_PROXY, proxyServerType=HTTP, password=, proxyServerAddress=, proxyServerPort=0}&amp;apos;</message>
  <nestedLevel>3</nestedLevel>
  <property name="proxyInformation">ProxyInformation{proxyOption=NO_PROXY, proxyServerType=HTTP, password=, proxyServerAddress=, proxyServerPort=0}</property>
</record>
<record>
  <date>2018-09-25T15:00:16</date>
  <millis>1537880416495</millis>
  <sequence>47</sequence>
  <level>INFO</level>
  <class>com.kms.katalon.core.logging.KeywordLogger</class>
  <method>logMessage</method>
  <thread>1</thread>
  <message>Navigating browser to: &amp;apos;http://automationpractice.com/index.php?controller=addresses&amp;apos;</message>
  <nestedLevel>3</nestedLevel>
</record>
<record>
  <date>2018-09-25T15:00:19</date>
  <millis>1537880419437</millis>
  <sequence>48</sequence>
  <level>PASSED</level>
  <class>com.kms.katalon.core.logging.KeywordLogger</class>
  <method>logMessage</method>
  <thread>1</thread>
  <message>Browser is opened with url: &amp;apos;http://automationpractice.com/index.php?controller=addresses&amp;apos;</message>
  <nestedLevel>3</nestedLevel>
</record>
<record>
  <date>2018-09-25T15:00:19</date>
  <millis>1537880419438</millis>
  <sequence>49</sequence>
  <level>END</level>
  <class>com.kms.katalon.core.logging.KeywordLogger</class>
  <method>endKeyword</method>
  <thread>1</thread>
  <message>End action : openBrowser</message>
  <nestedLevel>2</nestedLevel>
</record>
<record>
  <date>2018-09-25T15:00:19</date>
  <millis>1537880419438</millis>
  <sequence>50</sequence>
  <level>START</level>
  <class>com.kms.katalon.core.logging.KeywordLogger</class>
  <method>startKeyword</method>
  <thread>1</thread>
  <message>Start action : maximizeWindow</message>
  <nestedLevel>2</nestedLevel>
  <property name="startLine">25</property>
  <property name="stepIndex">2</property>
</record>
<record>
  <date>2018-09-25T15:00:19</date>
  <millis>1537880419454</millis>
  <sequence>51</sequence>
  <level>INFO</level>
  <class>com.kms.katalon.core.logging.KeywordLogger</class>
  <method>logMessage</method>
  <thread>1</thread>
  <message>Maximizing current window</message>
  <nestedLevel>3</nestedLevel>
</record>
<record>
  <date>2018-09-25T15:00:20</date>
  <millis>1537880420570</millis>
  <sequence>52</sequence>
  <level>PASSED</level>
  <class>com.kms.katalon.core.logging.KeywordLogger</class>
  <method>logMessage</method>
  <thread>1</thread>
  <message>Current window maximized</message>
  <nestedLevel>3</nestedLevel>
</record>
<record>
  <date>2018-09-25T15:00:20</date>
  <millis>1537880420571</millis>
  <sequence>53</sequence>
  <level>END</level>
  <class>com.kms.katalon.core.logging.KeywordLogger</class>
  <method>endKeyword</method>
  <thread>1</thread>
  <message>End action : maximizeWindow</message>
  <nestedLevel>2</nestedLevel>
</record>
<record>
  <date>2018-09-25T15:00:20</date>
  <millis>1537880420571</millis>
  <sequence>54</sequence>
  <level>START</level>
  <class>com.kms.katalon.core.logging.KeywordLogger</class>
  <method>startKeyword</method>
  <thread>1</thread>
  <message>Start action : Statement - currentUrl = com.kms.katalon.core.webui.keyword.WebUiBuiltInKeywords.getUrl()</message>
  <nestedLevel>2</nestedLevel>
  <property name="startLine">27</property>
  <property name="stepIndex">3</property>
</record>
<record>
  <date>2018-09-25T15:00:20</date>
  <millis>1537880420581</millis>
  <sequence>55</sequence>
  <level>INFO</level>
  <class>com.kms.katalon.core.logging.KeywordLogger</class>
  <method>logMessage</method>
  <thread>1</thread>
  <message>Getting current window&amp;apos;s url</message>
  <nestedLevel>3</nestedLevel>
</record>
<record>
  <date>2018-09-25T15:00:20</date>
  <millis>1537880420591</millis>
  <sequence>56</sequence>
  <level>PASSED</level>
  <class>com.kms.katalon.core.logging.KeywordLogger</class>
  <method>logMessage</method>
  <thread>1</thread>
  <message>Current window&amp;apos;s url is: &amp;apos;http://automationpractice.com/index.php?controller=authentication&amp;amp;back=addresses&amp;apos;</message>
  <nestedLevel>3</nestedLevel>
</record>
<record>
  <date>2018-09-25T15:00:20</date>
  <millis>1537880420592</millis>
  <sequence>57</sequence>
  <level>END</level>
  <class>com.kms.katalon.core.logging.KeywordLogger</class>
  <method>endKeyword</method>
  <thread>1</thread>
  <message>End action : Statement - currentUrl = com.kms.katalon.core.webui.keyword.WebUiBuiltInKeywords.getUrl()</message>
  <nestedLevel>2</nestedLevel>
</record>
<record>
  <date>2018-09-25T15:00:20</date>
  <millis>1537880420592</millis>
  <sequence>58</sequence>
  <level>END</level>
  <class>com.kms.katalon.core.logging.KeywordLogger</class>
  <method>endKeyword</method>
  <thread>1</thread>
  <message>End action : Statement - Catch (com.kms.katalon.core.exception.StepFailedException e)</message>
  <nestedLevel>1</nestedLevel>
</record>
<record>
  <date>2018-09-25T15:00:20</date>
  <millis>1537880420593</millis>
  <sequence>59</sequence>
  <level>START</level>
  <class>com.kms.katalon.core.logging.KeywordLogger</class>
  <method>startKeyword</method>
  <thread>1</thread>
  <message>Start action : Statement - If (!(currentUrl.equals(url)))</message>
  <nestedLevel>1</nestedLevel>
  <property name="startLine">30</property>
  <property name="stepIndex">5</property>
</record>
<record>
  <date>2018-09-25T15:00:20</date>
  <millis>1537880420597</millis>
  <sequence>60</sequence>
  <level>START</level>
  <class>com.kms.katalon.core.logging.KeywordLogger</class>
  <method>startKeyword</method>
  <thread>1</thread>
  <message>Start action : navigateToUrl</message>
  <nestedLevel>2</nestedLevel>
  <property name="startLine">31</property>
  <property name="stepIndex">1</property>
</record>
<record>
  <date>2018-09-25T15:00:20</date>
  <millis>1537880420610</millis>
  <sequence>61</sequence>
  <level>INFO</level>
  <class>com.kms.katalon.core.logging.KeywordLogger</class>
  <method>logMessage</method>
  <thread>1</thread>
  <message>Checking url</message>
  <nestedLevel>3</nestedLevel>
</record>
<record>
  <date>2018-09-25T15:00:20</date>
  <millis>1537880420610</millis>
  <sequence>62</sequence>
  <level>INFO</level>
  <class>com.kms.katalon.core.logging.KeywordLogger</class>
  <method>logMessage</method>
  <thread>1</thread>
  <message>Navigating to &amp;apos;http://automationpractice.com/index.php?controller=addresses&amp;apos;</message>
  <nestedLevel>3</nestedLevel>
</record>
<record>
  <date>2018-09-25T15:00:22</date>
  <millis>1537880422723</millis>
  <sequence>63</sequence>
  <level>PASSED</level>
  <class>com.kms.katalon.core.logging.KeywordLogger</class>
  <method>logMessage</method>
  <thread>1</thread>
  <message>Navigate to &amp;apos;http://automationpractice.com/index.php?controller=addresses&amp;apos; successfully</message>
  <nestedLevel>3</nestedLevel>
</record>
<record>
  <date>2018-09-25T15:00:22</date>
  <millis>1537880422724</millis>
  <sequence>64</sequence>
  <level>END</level>
  <class>com.kms.katalon.core.logging.KeywordLogger</class>
  <method>endKeyword</method>
  <thread>1</thread>
  <message>End action : navigateToUrl</message>
  <nestedLevel>2</nestedLevel>
</record>
<record>
  <date>2018-09-25T15:00:22</date>
  <millis>1537880422724</millis>
  <sequence>65</sequence>
  <level>START</level>
  <class>com.kms.katalon.core.logging.KeywordLogger</class>
  <method>startKeyword</method>
  <thread>1</thread>
  <message>Start action : waitForPageLoad</message>
  <nestedLevel>2</nestedLevel>
  <property name="startLine">33</property>
  <property name="stepIndex">2</property>
</record>
<record>
  <date>2018-09-25T15:00:22</date>
  <millis>1537880422735</millis>
  <sequence>66</sequence>
  <level>INFO</level>
  <class>com.kms.katalon.core.logging.KeywordLogger</class>
  <method>logMessage</method>
  <thread>1</thread>
  <message>Checking timeout</message>
  <nestedLevel>3</nestedLevel>
</record>
<record>
  <date>2018-09-25T15:00:22</date>
  <millis>1537880422760</millis>
  <sequence>67</sequence>
  <level>PASSED</level>
  <class>com.kms.katalon.core.logging.KeywordLogger</class>
  <method>logMessage</method>
  <thread>1</thread>
  <message>Wait for page load successfully</message>
  <nestedLevel>3</nestedLevel>
</record>
<record>
  <date>2018-09-25T15:00:22</date>
  <millis>1537880422761</millis>
  <sequence>68</sequence>
  <level>END</level>
  <class>com.kms.katalon.core.logging.KeywordLogger</class>
  <method>endKeyword</method>
  <thread>1</thread>
  <message>End action : waitForPageLoad</message>
  <nestedLevel>2</nestedLevel>
</record>
<record>
  <date>2018-09-25T15:00:22</date>
  <millis>1537880422761</millis>
  <sequence>69</sequence>
  <level>END</level>
  <class>com.kms.katalon.core.logging.KeywordLogger</class>
  <method>endKeyword</method>
  <thread>1</thread>
  <message>End action : Statement - If (!(currentUrl.equals(url)))</message>
  <nestedLevel>1</nestedLevel>
</record>
<record>
  <date>2018-09-25T15:00:22</date>
  <millis>1537880422761</millis>
  <sequence>70</sequence>
  <level>START</level>
  <class>com.kms.katalon.core.logging.KeywordLogger</class>
  <method>startKeyword</method>
  <thread>1</thread>
  <message>Start action : Statement - Try</message>
  <nestedLevel>1</nestedLevel>
  <property name="startLine">36</property>
  <property name="stepIndex">6</property>
</record>
<record>
  <date>2018-09-25T15:00:22</date>
  <millis>1537880422766</millis>
  <sequence>71</sequence>
  <level>START</level>
  <class>com.kms.katalon.core.logging.KeywordLogger</class>
  <method>startKeyword</method>
  <thread>1</thread>
  <message>Start action : verifyTextPresent</message>
  <nestedLevel>2</nestedLevel>
  <property name="startLine">38</property>
  <property name="stepIndex">1</property>
</record>
<record>
  <date>2018-09-25T15:00:22</date>
  <millis>1537880422776</millis>
  <sequence>72</sequence>
  <level>INFO</level>
  <class>com.kms.katalon.core.logging.KeywordLogger</class>
  <method>logMessage</method>
  <thread>1</thread>
  <message>Checking text present </message>
  <nestedLevel>3</nestedLevel>
</record>
<record>
  <date>2018-09-25T15:00:22</date>
  <millis>1537880422864</millis>
  <sequence>73</sequence>
  <level>INFO</level>
  <class>com.kms.katalon.core.logging.KeywordLogger</class>
  <method>logMessage</method>
  <thread>1</thread>
  <message>Finding text &amp;apos;Sign in&amp;apos; on page </message>
  <nestedLevel>3</nestedLevel>
</record>
<record>
  <date>2018-09-25T15:00:22</date>
  <millis>1537880422865</millis>
  <sequence>74</sequence>
  <level>PASSED</level>
  <class>com.kms.katalon.core.logging.KeywordLogger</class>
  <method>logMessage</method>
  <thread>1</thread>
  <message>Text &amp;apos;Sign in&amp;apos; is present on page </message>
  <nestedLevel>3</nestedLevel>
</record>
<record>
  <date>2018-09-25T15:00:22</date>
  <millis>1537880422865</millis>
  <sequence>75</sequence>
  <level>END</level>
  <class>com.kms.katalon.core.logging.KeywordLogger</class>
  <method>endKeyword</method>
  <thread>1</thread>
  <message>End action : verifyTextPresent</message>
  <nestedLevel>2</nestedLevel>
</record>
<record>
  <date>2018-09-25T15:00:22</date>
  <millis>1537880422865</millis>
  <sequence>76</sequence>
  <level>START</level>
  <class>com.kms.katalon.core.logging.KeywordLogger</class>
  <method>startKeyword</method>
  <thread>1</thread>
  <message>Start action : click</message>
  <nestedLevel>2</nestedLevel>
  <property name="startLine">40</property>
  <property name="stepIndex">2</property>
</record>
<record>
  <date>2018-09-25T15:00:22</date>
  <millis>1537880422876</millis>
  <sequence>77</sequence>
  <level>INFO</level>
  <class>com.kms.katalon.core.logging.KeywordLogger</class>
  <method>logMessage</method>
  <thread>1</thread>
  <message>Finding Test Object with id &amp;apos;Object Repository/Login/a_Sign in&amp;apos;</message>
  <nestedLevel>3</nestedLevel>
</record>
<record>
  <date>2018-09-25T15:00:22</date>
  <millis>1537880422890</millis>
  <sequence>78</sequence>
  <level>INFO</level>
  <class>com.kms.katalon.core.logging.KeywordLogger</class>
  <method>logMessage</method>
  <thread>1</thread>
  <message>Checking object</message>
  <nestedLevel>3</nestedLevel>
</record>
<record>
  <date>2018-09-25T15:00:22</date>
  <millis>1537880422891</millis>
  <sequence>79</sequence>
  <level>INFO</level>
  <class>com.kms.katalon.core.logging.KeywordLogger</class>
  <method>logMessage</method>
  <thread>1</thread>
  <message>Checking timeout</message>
  <nestedLevel>3</nestedLevel>
</record>
<record>
  <date>2018-09-25T15:00:22</date>
  <millis>1537880422896</millis>
  <sequence>80</sequence>
  <level>INFO</level>
  <class>com.kms.katalon.core.logging.KeywordLogger</class>
  <method>logMessage</method>
  <thread>1</thread>
  <message>Finding web element with id: &amp;apos;Object Repository/Login/a_Sign in&amp;apos; located by &amp;apos;By.xpath: //a[@href = &amp;apos;http://automationpractice.com/index.php?controller=my-account&amp;apos; and @title = &amp;apos;Log in to your customer account&amp;apos; and (text() = &amp;apos;\n\t\t\tSign in\n\t\t&amp;apos; or . = &amp;apos;\n\t\t\tSign in\n\t\t&amp;apos;)]&amp;apos; in &amp;apos;10&amp;apos; second(s)</message>
  <nestedLevel>3</nestedLevel>
</record>
<record>
  <date>2018-09-25T15:00:22</date>
  <millis>1537880422913</millis>
  <sequence>81</sequence>
  <level>INFO</level>
  <class>com.kms.katalon.core.logging.KeywordLogger</class>
  <method>logMessage</method>
  <thread>1</thread>
  <message>Found 1 web elements with id: &amp;apos;Object Repository/Login/a_Sign in&amp;apos; located by &amp;apos;By.xpath: //a[@href = &amp;apos;http://automationpractice.com/index.php?controller=my-account&amp;apos; and @title = &amp;apos;Log in to your customer account&amp;apos; and (text() = &amp;apos;\n\t\t\tSign in\n\t\t&amp;apos; or . = &amp;apos;\n\t\t\tSign in\n\t\t&amp;apos;)]&amp;apos; in &amp;apos;10&amp;apos; second(s)</message>
  <nestedLevel>3</nestedLevel>
</record>
<record>
  <date>2018-09-25T15:00:22</date>
  <millis>1537880422913</millis>
  <sequence>82</sequence>
  <level>INFO</level>
  <class>com.kms.katalon.core.logging.KeywordLogger</class>
  <method>logMessage</method>
  <thread>1</thread>
  <message>Clicking on object: &amp;apos;Object Repository/Login/a_Sign in&amp;apos;</message>
  <nestedLevel>3</nestedLevel>
</record>
<record>
  <date>2018-09-25T15:00:23</date>
  <millis>1537880423830</millis>
  <sequence>83</sequence>
  <level>PASSED</level>
  <class>com.kms.katalon.core.logging.KeywordLogger</class>
  <method>logMessage</method>
  <thread>1</thread>
  <message>Object: &amp;apos;Object Repository/Login/a_Sign in&amp;apos; is clicked on</message>
  <nestedLevel>3</nestedLevel>
</record>
<record>
  <date>2018-09-25T15:00:23</date>
  <millis>1537880423831</millis>
  <sequence>84</sequence>
  <level>END</level>
  <class>com.kms.katalon.core.logging.KeywordLogger</class>
  <method>endKeyword</method>
  <thread>1</thread>
  <message>End action : click</message>
  <nestedLevel>2</nestedLevel>
</record>
<record>
  <date>2018-09-25T15:00:23</date>
  <millis>1537880423832</millis>
  <sequence>85</sequence>
  <level>START</level>
  <class>com.kms.katalon.core.logging.KeywordLogger</class>
  <method>startKeyword</method>
  <thread>1</thread>
  <message>Start action : setText</message>
  <nestedLevel>2</nestedLevel>
  <property name="startLine">42</property>
  <property name="stepIndex">3</property>
</record>
<record>
  <date>2018-09-25T15:00:23</date>
  <millis>1537880423836</millis>
  <sequence>86</sequence>
  <level>INFO</level>
  <class>com.kms.katalon.core.logging.KeywordLogger</class>
  <method>logMessage</method>
  <thread>1</thread>
  <message>Finding Test Object with id &amp;apos;Object Repository/Login/input_email&amp;apos;</message>
  <nestedLevel>3</nestedLevel>
</record>
<record>
  <date>2018-09-25T15:00:23</date>
  <millis>1537880423845</millis>
  <sequence>87</sequence>
  <level>INFO</level>
  <class>com.kms.katalon.core.logging.KeywordLogger</class>
  <method>logMessage</method>
  <thread>1</thread>
  <message>Checking object</message>
  <nestedLevel>3</nestedLevel>
</record>
<record>
  <date>2018-09-25T15:00:23</date>
  <millis>1537880423846</millis>
  <sequence>88</sequence>
  <level>INFO</level>
  <class>com.kms.katalon.core.logging.KeywordLogger</class>
  <method>logMessage</method>
  <thread>1</thread>
  <message>Checking text</message>
  <nestedLevel>3</nestedLevel>
</record>
<record>
  <date>2018-09-25T15:00:23</date>
  <millis>1537880423846</millis>
  <sequence>89</sequence>
  <level>INFO</level>
  <class>com.kms.katalon.core.logging.KeywordLogger</class>
  <method>logMessage</method>
  <thread>1</thread>
  <message>Checking timeout</message>
  <nestedLevel>3</nestedLevel>
</record>
<record>
  <date>2018-09-25T15:00:23</date>
  <millis>1537880423846</millis>
  <sequence>90</sequence>
  <level>INFO</level>
  <class>com.kms.katalon.core.logging.KeywordLogger</class>
  <method>logMessage</method>
  <thread>1</thread>
  <message>Finding web element with id: &amp;apos;Object Repository/Login/input_email&amp;apos; located by &amp;apos;By.xpath: //input[@type = &amp;apos;text&amp;apos; and @id = &amp;apos;email&amp;apos; and @name = &amp;apos;email&amp;apos;]&amp;apos; in &amp;apos;10&amp;apos; second(s)</message>
  <nestedLevel>3</nestedLevel>
</record>
<record>
  <date>2018-09-25T15:00:23</date>
  <millis>1537880423863</millis>
  <sequence>91</sequence>
  <level>INFO</level>
  <class>com.kms.katalon.core.logging.KeywordLogger</class>
  <method>logMessage</method>
  <thread>1</thread>
  <message>Found 1 web elements with id: &amp;apos;Object Repository/Login/input_email&amp;apos; located by &amp;apos;By.xpath: //input[@type = &amp;apos;text&amp;apos; and @id = &amp;apos;email&amp;apos; and @name = &amp;apos;email&amp;apos;]&amp;apos; in &amp;apos;10&amp;apos; second(s)</message>
  <nestedLevel>3</nestedLevel>
</record>
<record>
  <date>2018-09-25T15:00:23</date>
  <millis>1537880423863</millis>
  <sequence>92</sequence>
  <level>INFO</level>
  <class>com.kms.katalon.core.logging.KeywordLogger</class>
  <method>logMessage</method>
  <thread>1</thread>
  <message>Clearing text of object &amp;apos;Object Repository/Login/input_email&amp;apos;</message>
  <nestedLevel>3</nestedLevel>
</record>
<record>
  <date>2018-09-25T15:00:23</date>
  <millis>1537880423887</millis>
  <sequence>93</sequence>
  <level>INFO</level>
  <class>com.kms.katalon.core.logging.KeywordLogger</class>
  <method>logMessage</method>
  <thread>1</thread>
  <message>Checking timeout</message>
  <nestedLevel>3</nestedLevel>
</record>
<record>
  <date>2018-09-25T15:00:23</date>
  <millis>1537880423888</millis>
  <sequence>94</sequence>
  <level>INFO</level>
  <class>com.kms.katalon.core.logging.KeywordLogger</class>
  <method>logMessage</method>
  <thread>1</thread>
  <message>Finding web element with id: &amp;apos;Object Repository/Login/input_email&amp;apos; located by &amp;apos;By.xpath: //input[@type = &amp;apos;text&amp;apos; and @id = &amp;apos;email&amp;apos; and @name = &amp;apos;email&amp;apos;]&amp;apos; in &amp;apos;10&amp;apos; second(s)</message>
  <nestedLevel>3</nestedLevel>
</record>
<record>
  <date>2018-09-25T15:00:23</date>
  <millis>1537880423898</millis>
  <sequence>95</sequence>
  <level>INFO</level>
  <class>com.kms.katalon.core.logging.KeywordLogger</class>
  <method>logMessage</method>
  <thread>1</thread>
  <message>Found 1 web elements with id: &amp;apos;Object Repository/Login/input_email&amp;apos; located by &amp;apos;By.xpath: //input[@type = &amp;apos;text&amp;apos; and @id = &amp;apos;email&amp;apos; and @name = &amp;apos;email&amp;apos;]&amp;apos; in &amp;apos;10&amp;apos; second(s)</message>
  <nestedLevel>3</nestedLevel>
</record>
<record>
  <date>2018-09-25T15:00:23</date>
  <millis>1537880423904</millis>
  <sequence>96</sequence>
  <level>INFO</level>
  <class>com.kms.katalon.core.logging.KeywordLogger</class>
  <method>logMessage</method>
  <thread>1</thread>
  <message>Setting text of object &amp;apos;Object Repository/Login/input_email&amp;apos; to value &amp;apos;gert-jan.paulissen@sogeti.com&amp;apos;</message>
  <nestedLevel>3</nestedLevel>
</record>
<record>
  <date>2018-09-25T15:00:23</date>
  <millis>1537880423996</millis>
  <sequence>97</sequence>
  <level>PASSED</level>
  <class>com.kms.katalon.core.logging.KeywordLogger</class>
  <method>logMessage</method>
  <thread>1</thread>
  <message>Text &amp;apos;gert-jan.paulissen@sogeti.com&amp;apos; is set on object &amp;apos;Object Repository/Login/input_email&amp;apos;</message>
  <nestedLevel>3</nestedLevel>
</record>
<record>
  <date>2018-09-25T15:00:23</date>
  <millis>1537880423997</millis>
  <sequence>98</sequence>
  <level>END</level>
  <class>com.kms.katalon.core.logging.KeywordLogger</class>
  <method>endKeyword</method>
  <thread>1</thread>
  <message>End action : setText</message>
  <nestedLevel>2</nestedLevel>
</record>
<record>
  <date>2018-09-25T15:00:23</date>
  <millis>1537880423997</millis>
  <sequence>99</sequence>
  <level>START</level>
  <class>com.kms.katalon.core.logging.KeywordLogger</class>
  <method>startKeyword</method>
  <thread>1</thread>
  <message>Start action : setText</message>
  <nestedLevel>2</nestedLevel>
  <property name="startLine">44</property>
  <property name="stepIndex">4</property>
</record>
<record>
  <date>2018-09-25T15:00:24</date>
  <millis>1537880424003</millis>
  <sequence>100</sequence>
  <level>INFO</level>
  <class>com.kms.katalon.core.logging.KeywordLogger</class>
  <method>logMessage</method>
  <thread>1</thread>
  <message>Finding Test Object with id &amp;apos;Object Repository/Login/input_passwd&amp;apos;</message>
  <nestedLevel>3</nestedLevel>
</record>
<record>
  <date>2018-09-25T15:00:24</date>
  <millis>1537880424006</millis>
  <sequence>101</sequence>
  <level>INFO</level>
  <class>com.kms.katalon.core.logging.KeywordLogger</class>
  <method>logMessage</method>
  <thread>1</thread>
  <message>Checking object</message>
  <nestedLevel>3</nestedLevel>
</record>
<record>
  <date>2018-09-25T15:00:24</date>
  <millis>1537880424006</millis>
  <sequence>102</sequence>
  <level>INFO</level>
  <class>com.kms.katalon.core.logging.KeywordLogger</class>
  <method>logMessage</method>
  <thread>1</thread>
  <message>Checking text</message>
  <nestedLevel>3</nestedLevel>
</record>
<record>
  <date>2018-09-25T15:00:24</date>
  <millis>1537880424007</millis>
  <sequence>103</sequence>
  <level>INFO</level>
  <class>com.kms.katalon.core.logging.KeywordLogger</class>
  <method>logMessage</method>
  <thread>1</thread>
  <message>Checking timeout</message>
  <nestedLevel>3</nestedLevel>
</record>
<record>
  <date>2018-09-25T15:00:24</date>
  <millis>1537880424007</millis>
  <sequence>104</sequence>
  <level>INFO</level>
  <class>com.kms.katalon.core.logging.KeywordLogger</class>
  <method>logMessage</method>
  <thread>1</thread>
  <message>Finding web element with id: &amp;apos;Object Repository/Login/input_passwd&amp;apos; located by &amp;apos;By.xpath: //input[@type = &amp;apos;password&amp;apos; and @id = &amp;apos;passwd&amp;apos; and @name = &amp;apos;passwd&amp;apos;]&amp;apos; in &amp;apos;10&amp;apos; second(s)</message>
  <nestedLevel>3</nestedLevel>
</record>
<record>
  <date>2018-09-25T15:00:24</date>
  <millis>1537880424023</millis>
  <sequence>105</sequence>
  <level>INFO</level>
  <class>com.kms.katalon.core.logging.KeywordLogger</class>
  <method>logMessage</method>
  <thread>1</thread>
  <message>Found 1 web elements with id: &amp;apos;Object Repository/Login/input_passwd&amp;apos; located by &amp;apos;By.xpath: //input[@type = &amp;apos;password&amp;apos; and @id = &amp;apos;passwd&amp;apos; and @name = &amp;apos;passwd&amp;apos;]&amp;apos; in &amp;apos;10&amp;apos; second(s)</message>
  <nestedLevel>3</nestedLevel>
</record>
<record>
  <date>2018-09-25T15:00:24</date>
  <millis>1537880424024</millis>
  <sequence>106</sequence>
  <level>INFO</level>
  <class>com.kms.katalon.core.logging.KeywordLogger</class>
  <method>logMessage</method>
  <thread>1</thread>
  <message>Clearing text of object &amp;apos;Object Repository/Login/input_passwd&amp;apos;</message>
  <nestedLevel>3</nestedLevel>
</record>
<record>
  <date>2018-09-25T15:00:24</date>
  <millis>1537880424054</millis>
  <sequence>107</sequence>
  <level>INFO</level>
  <class>com.kms.katalon.core.logging.KeywordLogger</class>
  <method>logMessage</method>
  <thread>1</thread>
  <message>Checking timeout</message>
  <nestedLevel>3</nestedLevel>
</record>
<record>
  <date>2018-09-25T15:00:24</date>
  <millis>1537880424054</millis>
  <sequence>108</sequence>
  <level>INFO</level>
  <class>com.kms.katalon.core.logging.KeywordLogger</class>
  <method>logMessage</method>
  <thread>1</thread>
  <message>Finding web element with id: &amp;apos;Object Repository/Login/input_passwd&amp;apos; located by &amp;apos;By.xpath: //input[@type = &amp;apos;password&amp;apos; and @id = &amp;apos;passwd&amp;apos; and @name = &amp;apos;passwd&amp;apos;]&amp;apos; in &amp;apos;10&amp;apos; second(s)</message>
  <nestedLevel>3</nestedLevel>
</record>
<record>
  <date>2018-09-25T15:00:24</date>
  <millis>1537880424064</millis>
  <sequence>109</sequence>
  <level>INFO</level>
  <class>com.kms.katalon.core.logging.KeywordLogger</class>
  <method>logMessage</method>
  <thread>1</thread>
  <message>Found 1 web elements with id: &amp;apos;Object Repository/Login/input_passwd&amp;apos; located by &amp;apos;By.xpath: //input[@type = &amp;apos;password&amp;apos; and @id = &amp;apos;passwd&amp;apos; and @name = &amp;apos;passwd&amp;apos;]&amp;apos; in &amp;apos;10&amp;apos; second(s)</message>
  <nestedLevel>3</nestedLevel>
</record>
<record>
  <date>2018-09-25T15:00:24</date>
  <millis>1537880424064</millis>
  <sequence>110</sequence>
  <level>INFO</level>
  <class>com.kms.katalon.core.logging.KeywordLogger</class>
  <method>logMessage</method>
  <thread>1</thread>
  <message>Setting text of object &amp;apos;Object Repository/Login/input_passwd&amp;apos; to value &amp;apos;g1j2p3&amp;apos;</message>
  <nestedLevel>3</nestedLevel>
</record>
<record>
  <date>2018-09-25T15:00:24</date>
  <millis>1537880424116</millis>
  <sequence>111</sequence>
  <level>PASSED</level>
  <class>com.kms.katalon.core.logging.KeywordLogger</class>
  <method>logMessage</method>
  <thread>1</thread>
  <message>Text &amp;apos;g1j2p3&amp;apos; is set on object &amp;apos;Object Repository/Login/input_passwd&amp;apos;</message>
  <nestedLevel>3</nestedLevel>
</record>
<record>
  <date>2018-09-25T15:00:24</date>
  <millis>1537880424116</millis>
  <sequence>112</sequence>
  <level>END</level>
  <class>com.kms.katalon.core.logging.KeywordLogger</class>
  <method>endKeyword</method>
  <thread>1</thread>
  <message>End action : setText</message>
  <nestedLevel>2</nestedLevel>
</record>
<record>
  <date>2018-09-25T15:00:24</date>
  <millis>1537880424117</millis>
  <sequence>113</sequence>
  <level>START</level>
  <class>com.kms.katalon.core.logging.KeywordLogger</class>
  <method>startKeyword</method>
  <thread>1</thread>
  <message>Start action : click</message>
  <nestedLevel>2</nestedLevel>
  <property name="startLine">46</property>
  <property name="stepIndex">5</property>
</record>
<record>
  <date>2018-09-25T15:00:24</date>
  <millis>1537880424122</millis>
  <sequence>114</sequence>
  <level>INFO</level>
  <class>com.kms.katalon.core.logging.KeywordLogger</class>
  <method>logMessage</method>
  <thread>1</thread>
  <message>Finding Test Object with id &amp;apos;Object Repository/Login/span_Sign in&amp;apos;</message>
  <nestedLevel>3</nestedLevel>
</record>
<record>
  <date>2018-09-25T15:00:24</date>
  <millis>1537880424124</millis>
  <sequence>115</sequence>
  <level>INFO</level>
  <class>com.kms.katalon.core.logging.KeywordLogger</class>
  <method>logMessage</method>
  <thread>1</thread>
  <message>Checking object</message>
  <nestedLevel>3</nestedLevel>
</record>
<record>
  <date>2018-09-25T15:00:24</date>
  <millis>1537880424124</millis>
  <sequence>116</sequence>
  <level>INFO</level>
  <class>com.kms.katalon.core.logging.KeywordLogger</class>
  <method>logMessage</method>
  <thread>1</thread>
  <message>Checking timeout</message>
  <nestedLevel>3</nestedLevel>
</record>
<record>
  <date>2018-09-25T15:00:24</date>
  <millis>1537880424126</millis>
  <sequence>117</sequence>
  <level>INFO</level>
  <class>com.kms.katalon.core.logging.KeywordLogger</class>
  <method>logMessage</method>
  <thread>1</thread>
  <message>Finding web element with id: &amp;apos;Object Repository/Login/span_Sign in&amp;apos; located by &amp;apos;By.xpath: //span[(text() = &amp;apos;\n\t\t\t\t\t\t\t\t\n\t\t\t\t\t\t\t\tSign in\n\t\t\t\t\t\t\t&amp;apos; or . = &amp;apos;\n\t\t\t\t\t\t\t\t\n\t\t\t\t\t\t\t\tSign in\n\t\t\t\t\t\t\t&amp;apos;)]&amp;apos; in &amp;apos;10&amp;apos; second(s)</message>
  <nestedLevel>3</nestedLevel>
</record>
<record>
  <date>2018-09-25T15:00:24</date>
  <millis>1537880424143</millis>
  <sequence>118</sequence>
  <level>INFO</level>
  <class>com.kms.katalon.core.logging.KeywordLogger</class>
  <method>logMessage</method>
  <thread>1</thread>
  <message>Found 1 web elements with id: &amp;apos;Object Repository/Login/span_Sign in&amp;apos; located by &amp;apos;By.xpath: //span[(text() = &amp;apos;\n\t\t\t\t\t\t\t\t\n\t\t\t\t\t\t\t\tSign in\n\t\t\t\t\t\t\t&amp;apos; or . = &amp;apos;\n\t\t\t\t\t\t\t\t\n\t\t\t\t\t\t\t\tSign in\n\t\t\t\t\t\t\t&amp;apos;)]&amp;apos; in &amp;apos;10&amp;apos; second(s)</message>
  <nestedLevel>3</nestedLevel>
</record>
<record>
  <date>2018-09-25T15:00:24</date>
  <millis>1537880424143</millis>
  <sequence>119</sequence>
  <level>INFO</level>
  <class>com.kms.katalon.core.logging.KeywordLogger</class>
  <method>logMessage</method>
  <thread>1</thread>
  <message>Clicking on object: &amp;apos;Object Repository/Login/span_Sign in&amp;apos;</message>
  <nestedLevel>3</nestedLevel>
</record>
<record>
  <date>2018-09-25T15:00:25</date>
  <millis>1537880425985</millis>
  <sequence>120</sequence>
  <level>PASSED</level>
  <class>com.kms.katalon.core.logging.KeywordLogger</class>
  <method>logMessage</method>
  <thread>1</thread>
  <message>Object: &amp;apos;Object Repository/Login/span_Sign in&amp;apos; is clicked on</message>
  <nestedLevel>3</nestedLevel>
</record>
<record>
  <date>2018-09-25T15:00:25</date>
  <millis>1537880425986</millis>
  <sequence>121</sequence>
  <level>END</level>
  <class>com.kms.katalon.core.logging.KeywordLogger</class>
  <method>endKeyword</method>
  <thread>1</thread>
  <message>End action : click</message>
  <nestedLevel>2</nestedLevel>
</record>
<record>
  <date>2018-09-25T15:00:25</date>
  <millis>1537880425986</millis>
  <sequence>122</sequence>
  <level>START</level>
  <class>com.kms.katalon.core.logging.KeywordLogger</class>
  <method>startKeyword</method>
  <thread>1</thread>
  <message>Start action : navigateToUrl</message>
  <nestedLevel>2</nestedLevel>
  <property name="startLine">48</property>
  <property name="stepIndex">6</property>
</record>
<record>
  <date>2018-09-25T15:00:25</date>
  <millis>1537880425991</millis>
  <sequence>123</sequence>
  <level>INFO</level>
  <class>com.kms.katalon.core.logging.KeywordLogger</class>
  <method>logMessage</method>
  <thread>1</thread>
  <message>Checking url</message>
  <nestedLevel>3</nestedLevel>
</record>
<record>
  <date>2018-09-25T15:00:25</date>
  <millis>1537880425992</millis>
  <sequence>124</sequence>
  <level>INFO</level>
  <class>com.kms.katalon.core.logging.KeywordLogger</class>
  <method>logMessage</method>
  <thread>1</thread>
  <message>Navigating to &amp;apos;http://automationpractice.com/index.php?controller=addresses&amp;apos;</message>
  <nestedLevel>3</nestedLevel>
</record>
<record>
  <date>2018-09-25T15:00:26</date>
  <millis>1537880426649</millis>
  <sequence>125</sequence>
  <level>PASSED</level>
  <class>com.kms.katalon.core.logging.KeywordLogger</class>
  <method>logMessage</method>
  <thread>1</thread>
  <message>Navigate to &amp;apos;http://automationpractice.com/index.php?controller=addresses&amp;apos; successfully</message>
  <nestedLevel>3</nestedLevel>
</record>
<record>
  <date>2018-09-25T15:00:26</date>
  <millis>1537880426650</millis>
  <sequence>126</sequence>
  <level>END</level>
  <class>com.kms.katalon.core.logging.KeywordLogger</class>
  <method>endKeyword</method>
  <thread>1</thread>
  <message>End action : navigateToUrl</message>
  <nestedLevel>2</nestedLevel>
</record>
<record>
  <date>2018-09-25T15:00:26</date>
  <millis>1537880426650</millis>
  <sequence>127</sequence>
  <level>START</level>
  <class>com.kms.katalon.core.logging.KeywordLogger</class>
  <method>startKeyword</method>
  <thread>1</thread>
  <message>Start action : waitForPageLoad</message>
  <nestedLevel>2</nestedLevel>
  <property name="startLine">50</property>
  <property name="stepIndex">7</property>
</record>
<record>
  <date>2018-09-25T15:00:26</date>
  <millis>1537880426655</millis>
  <sequence>128</sequence>
  <level>INFO</level>
  <class>com.kms.katalon.core.logging.KeywordLogger</class>
  <method>logMessage</method>
  <thread>1</thread>
  <message>Checking timeout</message>
  <nestedLevel>3</nestedLevel>
</record>
<record>
  <date>2018-09-25T15:00:26</date>
  <millis>1537880426662</millis>
  <sequence>129</sequence>
  <level>PASSED</level>
  <class>com.kms.katalon.core.logging.KeywordLogger</class>
  <method>logMessage</method>
  <thread>1</thread>
  <message>Wait for page load successfully</message>
  <nestedLevel>3</nestedLevel>
</record>
<record>
  <date>2018-09-25T15:00:26</date>
  <millis>1537880426662</millis>
  <sequence>130</sequence>
  <level>END</level>
  <class>com.kms.katalon.core.logging.KeywordLogger</class>
  <method>endKeyword</method>
  <thread>1</thread>
  <message>End action : waitForPageLoad</message>
  <nestedLevel>2</nestedLevel>
</record>
<record>
  <date>2018-09-25T15:00:26</date>
  <millis>1537880426662</millis>
  <sequence>131</sequence>
  <level>END</level>
  <class>com.kms.katalon.core.logging.KeywordLogger</class>
  <method>endKeyword</method>
  <thread>1</thread>
  <message>End action : Statement - Try</message>
  <nestedLevel>1</nestedLevel>
</record>
<record>
  <date>2018-09-25T15:00:26</date>
  <millis>1537880426662</millis>
  <sequence>132</sequence>
  <level>START</level>
  <class>com.kms.katalon.core.logging.KeywordLogger</class>
  <method>startKeyword</method>
  <thread>1</thread>
  <message>Start action : verifyTextPresent</message>
  <nestedLevel>1</nestedLevel>
  <property name="startLine">55</property>
  <property name="stepIndex">9</property>
</record>
<record>
  <date>2018-09-25T15:00:26</date>
  <millis>1537880426667</millis>
  <sequence>133</sequence>
  <level>INFO</level>
  <class>com.kms.katalon.core.logging.KeywordLogger</class>
  <method>logMessage</method>
  <thread>1</thread>
  <message>Checking text present </message>
  <nestedLevel>3</nestedLevel>
</record>
<record>
  <date>2018-09-25T15:00:26</date>
  <millis>1537880426758</millis>
  <sequence>134</sequence>
  <level>INFO</level>
  <class>com.kms.katalon.core.logging.KeywordLogger</class>
  <method>logMessage</method>
  <thread>1</thread>
  <message>Finding text &amp;apos;Sign out&amp;apos; on page </message>
  <nestedLevel>3</nestedLevel>
</record>
<record>
  <date>2018-09-25T15:00:26</date>
  <millis>1537880426758</millis>
  <sequence>135</sequence>
  <level>PASSED</level>
  <class>com.kms.katalon.core.logging.KeywordLogger</class>
  <method>logMessage</method>
  <thread>1</thread>
  <message>Text &amp;apos;Sign out&amp;apos; is present on page </message>
  <nestedLevel>3</nestedLevel>
</record>
<record>
  <date>2018-09-25T15:00:26</date>
  <millis>1537880426759</millis>
  <sequence>136</sequence>
  <level>END</level>
  <class>com.kms.katalon.core.logging.KeywordLogger</class>
  <method>endKeyword</method>
  <thread>1</thread>
  <message>End action : verifyTextPresent</message>
  <nestedLevel>1</nestedLevel>
</record>
<record>
  <date>2018-09-25T15:00:26</date>
  <millis>1537880426759</millis>
  <sequence>137</sequence>
  <level>PASSED</level>
  <class>com.kms.katalon.core.logging.KeywordLogger</class>
  <method>logMessage</method>
  <thread>1</thread>
  <message>Test Cases/Common/GoToUrl</message>
  <nestedLevel>3</nestedLevel>
</record>
<record>
  <date>2018-09-25T15:00:26</date>
  <millis>1537880426759</millis>
  <sequence>138</sequence>
  <level>END</level>
  <class>com.kms.katalon.core.logging.KeywordLogger</class>
  <method>endTest</method>
  <thread>1</thread>
  <message>End Test Case : Test Cases/Common/GoToUrl</message>
  <nestedLevel>2</nestedLevel>
</record>
<record>
  <date>2018-09-25T15:00:26</date>
  <millis>1537880426762</millis>
  <sequence>139</sequence>
  <level>PASSED</level>
  <class>com.kms.katalon.core.logging.KeywordLogger</class>
  <method>logMessage</method>
  <thread>1</thread>
  <message>Call Test Case &amp;apos;Test Cases/Common/GoToUrl&amp;apos; successfully</message>
  <nestedLevel>2</nestedLevel>
</record>
<record>
  <date>2018-09-25T15:00:26</date>
  <millis>1537880426762</millis>
  <sequence>140</sequence>
  <level>END</level>
  <class>com.kms.katalon.core.logging.KeywordLogger</class>
  <method>endKeyword</method>
  <thread>1</thread>
  <message>End action : callTestCase</message>
  <nestedLevel>1</nestedLevel>
</record>
<record>
  <date>2018-09-25T15:00:26</date>
  <millis>1537880426762</millis>
  <sequence>141</sequence>
  <level>START</level>
  <class>com.kms.katalon.core.logging.KeywordLogger</class>
  <method>startKeyword</method>
  <thread>1</thread>
  <message>Start action : Statement - deleteButton = com.kms.katalon.core.webui.keyword.WebUiBuiltInKeywords.modifyObjectProperty(com.kms.katalon.core.testobject.ObjectRepository.findTestObject(Object Repository/Page_Addresses - My Store/span_Delete), \&amp;quot;xpath\&amp;quot;, \&amp;quot;equals\&amp;quot;, \&amp;quot;//a[@title=&amp;apos;Delete&amp;apos; and ../../li[1]/h3/text()=&amp;apos;\&amp;quot; + alias + \&amp;quot;&amp;apos;]\&amp;quot;, true)</message>
  <nestedLevel>1</nestedLevel>
  <property name="startLine">24</property>
  <property name="stepIndex">2</property>
</record>
<record>
  <date>2018-09-25T15:00:26</date>
  <millis>1537880426767</millis>
  <sequence>142</sequence>
  <level>INFO</level>
  <class>com.kms.katalon.core.logging.KeywordLogger</class>
  <method>logMessage</method>
  <thread>1</thread>
  <message>Finding Test Object with id &amp;apos;Object Repository/Page_Addresses - My Store/span_Delete&amp;apos;</message>
  <nestedLevel>2</nestedLevel>
</record>
<record>
  <date>2018-09-25T15:00:26</date>
  <millis>1537880426775</millis>
  <sequence>143</sequence>
  <level>INFO</level>
  <class>com.kms.katalon.core.logging.KeywordLogger</class>
  <method>logMessage</method>
  <thread>1</thread>
  <message>Check Test Object</message>
  <nestedLevel>2</nestedLevel>
</record>
<record>
  <date>2018-09-25T15:00:26</date>
  <millis>1537880426775</millis>
  <sequence>144</sequence>
  <level>INFO</level>
  <class>com.kms.katalon.core.logging.KeywordLogger</class>
  <method>logMessage</method>
  <thread>1</thread>
  <message>Check property name</message>
  <nestedLevel>2</nestedLevel>
</record>
<record>
  <date>2018-09-25T15:00:26</date>
  <millis>1537880426776</millis>
  <sequence>145</sequence>
  <level>INFO</level>
  <class>com.kms.katalon.core.logging.KeywordLogger</class>
  <method>logMessage</method>
  <thread>1</thread>
  <message>Check modify value</message>
  <nestedLevel>2</nestedLevel>
</record>
<record>
  <date>2018-09-25T15:00:26</date>
  <millis>1537880426776</millis>
  <sequence>146</sequence>
  <level>INFO</level>
  <class>com.kms.katalon.core.logging.KeywordLogger</class>
  <method>logMessage</method>
  <thread>1</thread>
  <message>Check match condition</message>
  <nestedLevel>2</nestedLevel>
</record>
<record>
  <date>2018-09-25T15:00:26</date>
  <millis>1537880426776</millis>
  <sequence>147</sequence>
  <level>PASSED</level>
  <class>com.kms.katalon.core.logging.KeywordLogger</class>
  <method>logMessage</method>
  <thread>1</thread>
  <message>Modify property of object successfully</message>
  <nestedLevel>2</nestedLevel>
</record>
<record>
  <date>2018-09-25T15:00:26</date>
  <millis>1537880426776</millis>
  <sequence>148</sequence>
  <level>END</level>
  <class>com.kms.katalon.core.logging.KeywordLogger</class>
  <method>endKeyword</method>
  <thread>1</thread>
  <message>End action : Statement - deleteButton = com.kms.katalon.core.webui.keyword.WebUiBuiltInKeywords.modifyObjectProperty(com.kms.katalon.core.testobject.ObjectRepository.findTestObject(Object Repository/Page_Addresses - My Store/span_Delete), \&amp;quot;xpath\&amp;quot;, \&amp;quot;equals\&amp;quot;, \&amp;quot;//a[@title=&amp;apos;Delete&amp;apos; and ../../li[1]/h3/text()=&amp;apos;\&amp;quot; + alias + \&amp;quot;&amp;apos;]\&amp;quot;, true)</message>
  <nestedLevel>1</nestedLevel>
</record>
<record>
  <date>2018-09-25T15:00:26</date>
  <millis>1537880426777</millis>
  <sequence>149</sequence>
  <level>START</level>
  <class>com.kms.katalon.core.logging.KeywordLogger</class>
  <method>startKeyword</method>
  <thread>1</thread>
  <message>Start action : Statement - If (com.kms.katalon.core.webui.keyword.WebUiBuiltInKeywords.waitForElementPresent(deleteButton, 1))</message>
  <nestedLevel>1</nestedLevel>
  <property name="startLine">27</property>
  <property name="stepIndex">3</property>
</record>
<record>
  <date>2018-09-25T15:00:26</date>
  <millis>1537880426786</millis>
  <sequence>150</sequence>
  <level>INFO</level>
  <class>com.kms.katalon.core.logging.KeywordLogger</class>
  <method>logMessage</method>
  <thread>1</thread>
  <message>Checking object</message>
  <nestedLevel>2</nestedLevel>
</record>
<record>
  <date>2018-09-25T15:00:26</date>
  <millis>1537880426787</millis>
  <sequence>151</sequence>
  <level>INFO</level>
  <class>com.kms.katalon.core.logging.KeywordLogger</class>
  <method>logMessage</method>
  <thread>1</thread>
  <message>Checking timeout</message>
  <nestedLevel>2</nestedLevel>
</record>
<record>
  <date>2018-09-25T15:00:26</date>
  <millis>1537880426787</millis>
  <sequence>152</sequence>
  <level>INFO</level>
  <class>com.kms.katalon.core.logging.KeywordLogger</class>
  <method>logMessage</method>
  <thread>1</thread>
  <message>Finding web element with id: &amp;apos;Object Repository/Page_Addresses - My Store/span_Delete&amp;apos; located by &amp;apos;By.xpath: //a[@title=&amp;apos;Delete&amp;apos; and ../../li[1]/h3/text()=&amp;apos;Home&amp;apos;]&amp;apos; in &amp;apos;1&amp;apos; second(s)</message>
  <nestedLevel>2</nestedLevel>
</record>
<record>
  <date>2018-09-25T15:00:26</date>
  <millis>1537880426803</millis>
  <sequence>153</sequence>
  <level>INFO</level>
  <class>com.kms.katalon.core.logging.KeywordLogger</class>
  <method>logMessage</method>
  <thread>1</thread>
  <message>Found 1 web elements with id: &amp;apos;Object Repository/Page_Addresses - My Store/span_Delete&amp;apos; located by &amp;apos;By.xpath: //a[@title=&amp;apos;Delete&amp;apos; and ../../li[1]/h3/text()=&amp;apos;Home&amp;apos;]&amp;apos; in &amp;apos;1&amp;apos; second(s)</message>
  <nestedLevel>2</nestedLevel>
</record>
<record>
  <date>2018-09-25T15:00:26</date>
  <millis>1537880426803</millis>
  <sequence>154</sequence>
  <level>PASSED</level>
  <class>com.kms.katalon.core.logging.KeywordLogger</class>
  <method>logMessage</method>
  <thread>1</thread>
  <message>Object &amp;apos;Object Repository/Page_Addresses - My Store/span_Delete&amp;apos; is present</message>
  <nestedLevel>2</nestedLevel>
</record>
<record>
  <date>2018-09-25T15:00:26</date>
  <millis>1537880426803</millis>
  <sequence>155</sequence>
  <level>START</level>
  <class>com.kms.katalon.core.logging.KeywordLogger</class>
  <method>startKeyword</method>
  <thread>1</thread>
  <message>Start action : Statement - return deleteButton</message>
  <nestedLevel>2</nestedLevel>
  <property name="startLine">28</property>
  <property name="stepIndex">1</property>
</record>
<record>
  <date>2018-09-25T15:00:26</date>
  <millis>1537880426808</millis>
  <sequence>156</sequence>
  <level>END</level>
  <class>com.kms.katalon.core.logging.KeywordLogger</class>
  <method>endKeyword</method>
  <thread>1</thread>
  <message>End action : Statement - return deleteButton</message>
  <nestedLevel>2</nestedLevel>
</record>
<record>
  <date>2018-09-25T15:00:26</date>
  <millis>1537880426808</millis>
  <sequence>157</sequence>
  <level>END</level>
  <class>com.kms.katalon.core.logging.KeywordLogger</class>
  <method>endKeyword</method>
  <thread>1</thread>
  <message>End action : Statement - If (com.kms.katalon.core.webui.keyword.WebUiBuiltInKeywords.waitForElementPresent(deleteButton, 1))</message>
  <nestedLevel>1</nestedLevel>
</record>
<record>
  <date>2018-09-25T15:00:26</date>
  <millis>1537880426808</millis>
  <sequence>158</sequence>
  <level>PASSED</level>
  <class>com.kms.katalon.core.logging.KeywordLogger</class>
  <method>logMessage</method>
  <thread>1</thread>
  <message>Test Cases/Common/FindAddress</message>
  <nestedLevel>2</nestedLevel>
</record>
<record>
  <date>2018-09-25T15:00:26</date>
  <millis>1537880426808</millis>
  <sequence>159</sequence>
  <level>END</level>
  <class>com.kms.katalon.core.logging.KeywordLogger</class>
  <method>endTest</method>
  <thread>1</thread>
  <message>End Test Case : Test Cases/Common/FindAddress</message>
  <nestedLevel>1</nestedLevel>
</record>
<record>
  <date>2018-09-25T15:00:26</date>
  <millis>1537880426808</millis>
  <sequence>160</sequence>
  <level>PASSED</level>
  <class>com.kms.katalon.core.logging.KeywordLogger</class>
  <method>logMessage</method>
  <thread>1</thread>
  <message>Call Test Case &amp;apos;Test Cases/Common/FindAddress&amp;apos; successfully</message>
  <nestedLevel>1</nestedLevel>
</record>
<record>
  <date>2018-09-25T15:00:26</date>
  <millis>1537880426812</millis>
  <sequence>161</sequence>
  <level>END</level>
  <class>com.kms.katalon.core.logging.KeywordLogger</class>
  <method>endKeyword</method>
  <thread>1</thread>
  <message>End action : Statement - If (!(com.kms.katalon.core.webui.keyword.WebUiBuiltInKeywords.callTestCase(com.kms.katalon.core.testcase.TestCaseFactory.findTestCase(Common/FindAddress), [\&amp;quot;alias\&amp;quot;:alias])))</message>
  <nestedLevel>1</nestedLevel>
</record>
<record>
  <date>2018-09-25T15:00:26</date>
  <millis>1537880426812</millis>
  <sequence>162</sequence>
  <level>PASSED</level>
  <class>com.kms.katalon.core.logging.KeywordLogger</class>
  <method>logMessage</method>
  <thread>1</thread>
  <message>Test Cases/Home/Add address</message>
  <nestedLevel>1</nestedLevel>
</record>
<record>
  <date>2018-09-25T15:00:28</date>
  <millis>1537880428834</millis>
  <sequence>163</sequence>
  <level>END</level>
  <class>com.kms.katalon.core.logging.KeywordLogger</class>
  <method>endTest</method>
  <thread>1</thread>
  <message>End Test Case : Test Cases/Home/Add address</message>
  <nestedLevel>0</nestedLevel>
</record>
<record>
  <date>2018-09-25T15:00:28</date>
  <millis>1537880428838</millis>
  <sequence>164</sequence>
  <level>START</level>
  <class>com.kms.katalon.core.logging.KeywordLogger</class>
  <method>startTest</method>
  <thread>1</thread>
  <message>Start Test Case : Test Cases/Home/Add address</message>
  <nestedLevel>1</nestedLevel>
  <property name="name">Test Cases/Home/Add address</property>
  <property name="description">Add an address. It uses the common function GoToUrl to go to the page you want in an efficient way.</property>
  <property name="id">Test Cases/Home/Add address</property>
  <property name="source">C:\\Users\\stagiaire\\git\\katalon-exam-answers\\Test Cases\\Home\\Add address.tc</property>
  <property name="isOptional">false</property>
</record>
<record>
  <date>2018-09-25T15:00:28</date>
  <millis>1537880428844</millis>
  <sequence>165</sequence>
  <level>INFO</level>
  <class>com.kms.katalon.core.logging.KeywordLogger</class>
  <method>logMessage</method>
  <thread>1</thread>
  <message>Evaluating variables for test case</message>
  <nestedLevel>1</nestedLevel>
</record>
<record>
  <date>2018-09-25T15:00:28</date>
  <millis>1537880428844</millis>
  <sequence>166</sequence>
  <level>INFO</level>
  <class>com.kms.katalon.core.logging.KeywordLogger</class>
  <method>logMessage</method>
  <thread>1</thread>
  <message>Variable &amp;apos;firstName&amp;apos; is set to Gert-Jan </message>
  <nestedLevel>1</nestedLevel>
</record>
<record>
  <date>2018-09-25T15:00:28</date>
  <millis>1537880428845</millis>
  <sequence>167</sequence>
  <level>INFO</level>
  <class>com.kms.katalon.core.logging.KeywordLogger</class>
  <method>logMessage</method>
  <thread>1</thread>
  <message>Variable &amp;apos;lastName&amp;apos; is set to Paulissen</message>
  <nestedLevel>1</nestedLevel>
</record>
<record>
  <date>2018-09-25T15:00:28</date>
  <millis>1537880428845</millis>
  <sequence>168</sequence>
  <level>INFO</level>
  <class>com.kms.katalon.core.logging.KeywordLogger</class>
  <method>logMessage</method>
  <thread>1</thread>
  <message>Variable &amp;apos;address1&amp;apos; is set to 31 Rue Thomas Edison</message>
  <nestedLevel>1</nestedLevel>
</record>
<record>
  <date>2018-09-25T15:00:28</date>
  <millis>1537880428845</millis>
  <sequence>169</sequence>
  <level>INFO</level>
  <class>com.kms.katalon.core.logging.KeywordLogger</class>
  <method>logMessage</method>
  <thread>1</thread>
  <message>Variable &amp;apos;city&amp;apos; is set to Canejan</message>
  <nestedLevel>1</nestedLevel>
</record>
<record>
  <date>2018-09-25T15:00:28</date>
  <millis>1537880428845</millis>
  <sequence>170</sequence>
  <level>INFO</level>
  <class>com.kms.katalon.core.logging.KeywordLogger</class>
  <method>logMessage</method>
  <thread>1</thread>
  <message>Variable &amp;apos;state&amp;apos; is set to Hawaii</message>
  <nestedLevel>1</nestedLevel>
</record>
<record>
  <date>2018-09-25T15:00:28</date>
  <millis>1537880428846</millis>
  <sequence>171</sequence>
  <level>INFO</level>
  <class>com.kms.katalon.core.logging.KeywordLogger</class>
  <method>logMessage</method>
  <thread>1</thread>
  <message>Variable &amp;apos;postCode&amp;apos; is set to 33160</message>
  <nestedLevel>1</nestedLevel>
</record>
<record>
  <date>2018-09-25T15:00:28</date>
  <millis>1537880428846</millis>
  <sequence>172</sequence>
  <level>INFO</level>
  <class>com.kms.katalon.core.logging.KeywordLogger</class>
  <method>logMessage</method>
  <thread>1</thread>
  <message>Variable &amp;apos;phone&amp;apos; is set to +0123456789</message>
  <nestedLevel>1</nestedLevel>
</record>
<record>
  <date>2018-09-25T15:00:28</date>
  <millis>1537880428846</millis>
  <sequence>173</sequence>
  <level>INFO</level>
  <class>com.kms.katalon.core.logging.KeywordLogger</class>
  <method>logMessage</method>
  <thread>1</thread>
  <message>Variable &amp;apos;alias&amp;apos; is set to Work</message>
  <nestedLevel>1</nestedLevel>
</record>
<record>
  <date>2018-09-25T15:00:28</date>
  <millis>1537880428848</millis>
  <sequence>174</sequence>
  <level>START</level>
  <class>com.kms.katalon.core.logging.KeywordLogger</class>
  <method>startKeyword</method>
  <thread>1</thread>
  <message>Start action : Statement - If (!(com.kms.katalon.core.webui.keyword.WebUiBuiltInKeywords.callTestCase(com.kms.katalon.core.testcase.TestCaseFactory.findTestCase(Common/FindAddress), [\&amp;quot;alias\&amp;quot;:alias])))</message>
  <nestedLevel>1</nestedLevel>
  <property name="startLine">22</property>
  <property name="stepIndex">1</property>
</record>
<record>
  <date>2018-09-25T15:00:28</date>
  <millis>1537880428852</millis>
  <sequence>175</sequence>
  <level>INFO</level>
  <class>com.kms.katalon.core.logging.KeywordLogger</class>
  <method>logMessage</method>
  <thread>1</thread>
  <message>Checking called Test Case</message>
  <nestedLevel>1</nestedLevel>
</record>
<record>
  <date>2018-09-25T15:00:28</date>
  <millis>1537880428853</millis>
  <sequence>176</sequence>
  <level>INFO</level>
  <class>com.kms.katalon.core.logging.KeywordLogger</class>
  <method>logMessage</method>
  <thread>1</thread>
  <message>Starting to call Test Case &amp;apos;Test Cases/Common/FindAddress&amp;apos;</message>
  <nestedLevel>1</nestedLevel>
</record>
<record>
  <date>2018-09-25T15:00:28</date>
  <millis>1537880428904</millis>
  <sequence>177</sequence>
  <level>START</level>
  <class>com.kms.katalon.core.logging.KeywordLogger</class>
  <method>startTest</method>
  <thread>1</thread>
  <message>Start Test Case : Test Cases/Common/FindAddress</message>
  <nestedLevel>2</nestedLevel>
  <property name="name">Test Cases/Common/FindAddress</property>
  <property name="description">Add an address. It uses the common function GoToUrl to go to the page you want in an efficient way.</property>
  <property name="id">Test Cases/Common/FindAddress</property>
  <property name="source">C:\\Users\\stagiaire\\git\\katalon-exam-answers\\Test Cases\\Common\\FindAddress.tc</property>
  <property name="isOptional">false</property>
</record>
<record>
  <date>2018-09-25T15:00:28</date>
  <millis>1537880428909</millis>
  <sequence>178</sequence>
  <level>INFO</level>
  <class>com.kms.katalon.core.logging.KeywordLogger</class>
  <method>logMessage</method>
  <thread>1</thread>
  <message>Evaluating variables for test case</message>
  <nestedLevel>2</nestedLevel>
</record>
<record>
  <date>2018-09-25T15:00:28</date>
  <millis>1537880428909</millis>
  <sequence>179</sequence>
  <level>INFO</level>
  <class>com.kms.katalon.core.logging.KeywordLogger</class>
  <method>logMessage</method>
  <thread>1</thread>
  <message>Variable &amp;apos;alias&amp;apos; is set to Work</message>
  <nestedLevel>2</nestedLevel>
</record>
<record>
  <date>2018-09-25T15:00:28</date>
  <millis>1537880428910</millis>
  <sequence>180</sequence>
  <level>START</level>
  <class>com.kms.katalon.core.logging.KeywordLogger</class>
  <method>startKeyword</method>
  <thread>1</thread>
  <message>Start action : callTestCase</message>
  <nestedLevel>1</nestedLevel>
  <property name="startLine">22</property>
  <property name="stepIndex">1</property>
</record>
<record>
  <date>2018-09-25T15:00:28</date>
  <millis>1537880428918</millis>
  <sequence>181</sequence>
  <level>INFO</level>
  <class>com.kms.katalon.core.logging.KeywordLogger</class>
  <method>logMessage</method>
  <thread>1</thread>
  <message>Checking called Test Case</message>
  <nestedLevel>2</nestedLevel>
</record>
<record>
  <date>2018-09-25T15:00:28</date>
  <millis>1537880428919</millis>
  <sequence>182</sequence>
  <level>INFO</level>
  <class>com.kms.katalon.core.logging.KeywordLogger</class>
  <method>logMessage</method>
  <thread>1</thread>
  <message>Starting to call Test Case &amp;apos;Test Cases/Common/GoToUrl&amp;apos;</message>
  <nestedLevel>2</nestedLevel>
</record>
<record>
  <date>2018-09-25T15:00:28</date>
  <millis>1537880428971</millis>
  <sequence>183</sequence>
  <level>START</level>
  <class>com.kms.katalon.core.logging.KeywordLogger</class>
  <method>startTest</method>
  <thread>1</thread>
  <message>Start Test Case : Test Cases/Common/GoToUrl</message>
  <nestedLevel>3</nestedLevel>
  <property name="name">Test Cases/Common/GoToUrl</property>
  <property name="description">Go to an URL. This test case is actually just a function that will open the browser only once, when needed. It also checks whether you have signed in and if not, it will sign in. Finally it wil go to the url supplied as a parameter.</property>
  <property name="id">Test Cases/Common/GoToUrl</property>
  <property name="source">C:\\Users\\stagiaire\\git\\katalon-exam-answers\\Test Cases\\Common\\GoToUrl.tc</property>
  <property name="isOptional">false</property>
</record>
<record>
  <date>2018-09-25T15:00:28</date>
  <millis>1537880428978</millis>
  <sequence>184</sequence>
  <level>INFO</level>
  <class>com.kms.katalon.core.logging.KeywordLogger</class>
  <method>logMessage</method>
  <thread>1</thread>
  <message>Evaluating variables for test case</message>
  <nestedLevel>3</nestedLevel>
</record>
<record>
  <date>2018-09-25T15:00:28</date>
  <millis>1537880428978</millis>
  <sequence>185</sequence>
  <level>INFO</level>
  <class>com.kms.katalon.core.logging.KeywordLogger</class>
  <method>logMessage</method>
  <thread>1</thread>
  <message>Variable &amp;apos;url&amp;apos; is set to http://automationpractice.com/index.php?controller=addresses</message>
  <nestedLevel>3</nestedLevel>
</record>
<record>
  <date>2018-09-25T15:00:28</date>
  <millis>1537880428979</millis>
  <sequence>186</sequence>
  <level>START</level>
  <class>com.kms.katalon.core.logging.KeywordLogger</class>
  <method>startKeyword</method>
  <thread>1</thread>
  <message>Start action : Statement - currentUrl = \&amp;quot;\&amp;quot;</message>
  <nestedLevel>1</nestedLevel>
  <property name="startLine">16</property>
  <property name="stepIndex">1</property>
</record>
<record>
  <date>2018-09-25T15:00:28</date>
  <millis>1537880428985</millis>
  <sequence>187</sequence>
  <level>END</level>
  <class>com.kms.katalon.core.logging.KeywordLogger</class>
  <method>endKeyword</method>
  <thread>1</thread>
  <message>End action : Statement - currentUrl = \&amp;quot;\&amp;quot;</message>
  <nestedLevel>1</nestedLevel>
</record>
<record>
  <date>2018-09-25T15:00:28</date>
  <millis>1537880428986</millis>
  <sequence>188</sequence>
  <level>START</level>
  <class>com.kms.katalon.core.logging.KeywordLogger</class>
  <method>startKeyword</method>
  <thread>1</thread>
  <message>Start action : Statement - Try</message>
  <nestedLevel>1</nestedLevel>
  <property name="startLine">18</property>
  <property name="stepIndex">2</property>
</record>
<record>
  <date>2018-09-25T15:00:28</date>
  <millis>1537880428991</millis>
  <sequence>189</sequence>
  <level>START</level>
  <class>com.kms.katalon.core.logging.KeywordLogger</class>
  <method>startKeyword</method>
  <thread>1</thread>
  <message>Start action : Statement - currentUrl = com.kms.katalon.core.webui.keyword.WebUiBuiltInKeywords.getUrl()</message>
  <nestedLevel>2</nestedLevel>
  <property name="startLine">19</property>
  <property name="stepIndex">1</property>
</record>
<record>
  <date>2018-09-25T15:00:28</date>
  <millis>1537880428996</millis>
  <sequence>190</sequence>
  <level>INFO</level>
  <class>com.kms.katalon.core.logging.KeywordLogger</class>
  <method>logMessage</method>
  <thread>1</thread>
  <message>Getting current window&amp;apos;s url</message>
  <nestedLevel>3</nestedLevel>
</record>
<record>
  <date>2018-09-25T15:00:29</date>
  <millis>1537880429003</millis>
  <sequence>191</sequence>
  <level>PASSED</level>
  <class>com.kms.katalon.core.logging.KeywordLogger</class>
  <method>logMessage</method>
  <thread>1</thread>
  <message>Current window&amp;apos;s url is: &amp;apos;http://automationpractice.com/index.php?controller=addresses&amp;apos;</message>
  <nestedLevel>3</nestedLevel>
</record>
<record>
  <date>2018-09-25T15:00:29</date>
  <millis>1537880429004</millis>
  <sequence>192</sequence>
  <level>END</level>
  <class>com.kms.katalon.core.logging.KeywordLogger</class>
  <method>endKeyword</method>
  <thread>1</thread>
  <message>End action : Statement - currentUrl = com.kms.katalon.core.webui.keyword.WebUiBuiltInKeywords.getUrl()</message>
  <nestedLevel>2</nestedLevel>
</record>
<record>
  <date>2018-09-25T15:00:29</date>
  <millis>1537880429004</millis>
  <sequence>193</sequence>
  <level>END</level>
  <class>com.kms.katalon.core.logging.KeywordLogger</class>
  <method>endKeyword</method>
  <thread>1</thread>
  <message>End action : Statement - Try</message>
  <nestedLevel>1</nestedLevel>
</record>
<record>
  <date>2018-09-25T15:00:29</date>
  <millis>1537880429004</millis>
  <sequence>194</sequence>
  <level>START</level>
  <class>com.kms.katalon.core.logging.KeywordLogger</class>
  <method>startKeyword</method>
  <thread>1</thread>
  <message>Start action : Statement - If (!(currentUrl.equals(url)))</message>
  <nestedLevel>1</nestedLevel>
  <property name="startLine">30</property>
  <property name="stepIndex">5</property>
</record>
<record>
  <date>2018-09-25T15:00:29</date>
  <millis>1537880429009</millis>
  <sequence>195</sequence>
  <level>END</level>
  <class>com.kms.katalon.core.logging.KeywordLogger</class>
  <method>endKeyword</method>
  <thread>1</thread>
  <message>End action : Statement - If (!(currentUrl.equals(url)))</message>
  <nestedLevel>1</nestedLevel>
</record>
<record>
  <date>2018-09-25T15:00:29</date>
  <millis>1537880429009</millis>
  <sequence>196</sequence>
  <level>START</level>
  <class>com.kms.katalon.core.logging.KeywordLogger</class>
  <method>startKeyword</method>
  <thread>1</thread>
  <message>Start action : Statement - Try</message>
  <nestedLevel>1</nestedLevel>
  <property name="startLine">36</property>
  <property name="stepIndex">6</property>
</record>
<record>
  <date>2018-09-25T15:00:29</date>
  <millis>1537880429014</millis>
  <sequence>197</sequence>
  <level>START</level>
  <class>com.kms.katalon.core.logging.KeywordLogger</class>
  <method>startKeyword</method>
  <thread>1</thread>
  <message>Start action : verifyTextPresent</message>
  <nestedLevel>2</nestedLevel>
  <property name="startLine">38</property>
  <property name="stepIndex">1</property>
</record>
<record>
  <date>2018-09-25T15:00:29</date>
  <millis>1537880429018</millis>
  <sequence>198</sequence>
  <level>INFO</level>
  <class>com.kms.katalon.core.logging.KeywordLogger</class>
  <method>logMessage</method>
  <thread>1</thread>
  <message>Checking text present </message>
  <nestedLevel>3</nestedLevel>
</record>
<record>
  <date>2018-09-25T15:00:29</date>
  <millis>1537880429094</millis>
  <sequence>199</sequence>
  <level>INFO</level>
  <class>com.kms.katalon.core.logging.KeywordLogger</class>
  <method>logMessage</method>
  <thread>1</thread>
  <message>Finding text &amp;apos;Sign in&amp;apos; on page </message>
  <nestedLevel>3</nestedLevel>
</record>
<record>
  <date>2018-09-25T15:00:29</date>
  <millis>1537880429095</millis>
  <sequence>200</sequence>
  <level>FAILED</level>
  <class>com.kms.katalon.core.logging.KeywordLogger</class>
  <method>logMessage</method>
  <thread>1</thread>
  <message>Text &amp;apos;Sign in&amp;apos; is not present on page </message>
  <nestedLevel>3</nestedLevel>
</record>
<record>
  <date>2018-09-25T15:00:29</date>
  <millis>1537880429346</millis>
  <sequence>201</sequence>
  <level>FAILED</level>
  <class>com.kms.katalon.core.logging.KeywordLogger</class>
  <method>logMessage</method>
  <thread>1</thread>
  <message>Unable to verify text &amp;apos;Sign in&amp;apos; is present  (Root cause: Text &amp;apos;Sign in&amp;apos; is not present on page )</message>
  <nestedLevel>3</nestedLevel>
  <property name="attachment">1537880429095.png</property>
</record>
<record>
  <date>2018-09-25T15:00:29</date>
  <millis>1537880429347</millis>
  <sequence>202</sequence>
  <level>END</level>
  <class>com.kms.katalon.core.logging.KeywordLogger</class>
  <method>endKeyword</method>
  <thread>1</thread>
  <message>End action : verifyTextPresent</message>
  <nestedLevel>2</nestedLevel>
</record>
<record>
  <date>2018-09-25T15:00:29</date>
  <millis>1537880429347</millis>
  <sequence>203</sequence>
  <level>END</level>
  <class>com.kms.katalon.core.logging.KeywordLogger</class>
  <method>endKeyword</method>
  <thread>1</thread>
  <message>End action : Statement - Try</message>
  <nestedLevel>1</nestedLevel>
</record>
<record>
  <date>2018-09-25T15:00:29</date>
  <millis>1537880429347</millis>
  <sequence>204</sequence>
  <level>START</level>
  <class>com.kms.katalon.core.logging.KeywordLogger</class>
  <method>startKeyword</method>
  <thread>1</thread>
  <message>Start action : Statement - Catch (Exception e)</message>
  <nestedLevel>1</nestedLevel>
  <property name="startLine">51</property>
  <property name="stepIndex">7</property>
</record>
<record>
  <date>2018-09-25T15:00:29</date>
  <millis>1537880429347</millis>
  <sequence>205</sequence>
  <level>END</level>
  <class>com.kms.katalon.core.logging.KeywordLogger</class>
  <method>endKeyword</method>
  <thread>1</thread>
  <message>End action : Statement - Catch (Exception e)</message>
  <nestedLevel>1</nestedLevel>
</record>
<record>
  <date>2018-09-25T15:00:29</date>
  <millis>1537880429348</millis>
  <sequence>206</sequence>
  <level>START</level>
  <class>com.kms.katalon.core.logging.KeywordLogger</class>
  <method>startKeyword</method>
  <thread>1</thread>
  <message>Start action : verifyTextPresent</message>
  <nestedLevel>1</nestedLevel>
  <property name="startLine">55</property>
  <property name="stepIndex">9</property>
</record>
<record>
  <date>2018-09-25T15:00:29</date>
  <millis>1537880429354</millis>
  <sequence>207</sequence>
  <level>INFO</level>
  <class>com.kms.katalon.core.logging.KeywordLogger</class>
  <method>logMessage</method>
  <thread>1</thread>
  <message>Checking text present </message>
  <nestedLevel>3</nestedLevel>
</record>
<record>
  <date>2018-09-25T15:00:29</date>
  <millis>1537880429432</millis>
  <sequence>208</sequence>
  <level>INFO</level>
  <class>com.kms.katalon.core.logging.KeywordLogger</class>
  <method>logMessage</method>
  <thread>1</thread>
  <message>Finding text &amp;apos;Sign out&amp;apos; on page </message>
  <nestedLevel>3</nestedLevel>
</record>
<record>
  <date>2018-09-25T15:00:29</date>
  <millis>1537880429432</millis>
  <sequence>209</sequence>
  <level>PASSED</level>
  <class>com.kms.katalon.core.logging.KeywordLogger</class>
  <method>logMessage</method>
  <thread>1</thread>
  <message>Text &amp;apos;Sign out&amp;apos; is present on page </message>
  <nestedLevel>3</nestedLevel>
</record>
<record>
  <date>2018-09-25T15:00:29</date>
  <millis>1537880429432</millis>
  <sequence>210</sequence>
  <level>END</level>
  <class>com.kms.katalon.core.logging.KeywordLogger</class>
  <method>endKeyword</method>
  <thread>1</thread>
  <message>End action : verifyTextPresent</message>
  <nestedLevel>1</nestedLevel>
</record>
<record>
  <date>2018-09-25T15:00:29</date>
  <millis>1537880429433</millis>
  <sequence>211</sequence>
  <level>PASSED</level>
  <class>com.kms.katalon.core.logging.KeywordLogger</class>
  <method>logMessage</method>
  <thread>1</thread>
  <message>Test Cases/Common/GoToUrl</message>
  <nestedLevel>3</nestedLevel>
</record>
<record>
  <date>2018-09-25T15:00:29</date>
  <millis>1537880429433</millis>
  <sequence>212</sequence>
  <level>END</level>
  <class>com.kms.katalon.core.logging.KeywordLogger</class>
  <method>endTest</method>
  <thread>1</thread>
  <message>End Test Case : Test Cases/Common/GoToUrl</message>
  <nestedLevel>2</nestedLevel>
</record>
<record>
  <date>2018-09-25T15:00:29</date>
  <millis>1537880429433</millis>
  <sequence>213</sequence>
  <level>PASSED</level>
  <class>com.kms.katalon.core.logging.KeywordLogger</class>
  <method>logMessage</method>
  <thread>1</thread>
  <message>Call Test Case &amp;apos;Test Cases/Common/GoToUrl&amp;apos; successfully</message>
  <nestedLevel>2</nestedLevel>
</record>
<record>
  <date>2018-09-25T15:00:29</date>
  <millis>1537880429433</millis>
  <sequence>214</sequence>
  <level>END</level>
  <class>com.kms.katalon.core.logging.KeywordLogger</class>
  <method>endKeyword</method>
  <thread>1</thread>
  <message>End action : callTestCase</message>
  <nestedLevel>1</nestedLevel>
</record>
<record>
  <date>2018-09-25T15:00:29</date>
  <millis>1537880429433</millis>
  <sequence>215</sequence>
  <level>START</level>
  <class>com.kms.katalon.core.logging.KeywordLogger</class>
  <method>startKeyword</method>
  <thread>1</thread>
  <message>Start action : Statement - deleteButton = com.kms.katalon.core.webui.keyword.WebUiBuiltInKeywords.modifyObjectProperty(com.kms.katalon.core.testobject.ObjectRepository.findTestObject(Object Repository/Page_Addresses - My Store/span_Delete), \&amp;quot;xpath\&amp;quot;, \&amp;quot;equals\&amp;quot;, \&amp;quot;//a[@title=&amp;apos;Delete&amp;apos; and ../../li[1]/h3/text()=&amp;apos;\&amp;quot; + alias + \&amp;quot;&amp;apos;]\&amp;quot;, true)</message>
  <nestedLevel>1</nestedLevel>
  <property name="startLine">24</property>
  <property name="stepIndex">2</property>
</record>
<record>
  <date>2018-09-25T15:00:29</date>
  <millis>1537880429438</millis>
  <sequence>216</sequence>
  <level>INFO</level>
  <class>com.kms.katalon.core.logging.KeywordLogger</class>
  <method>logMessage</method>
  <thread>1</thread>
  <message>Finding Test Object with id &amp;apos;Object Repository/Page_Addresses - My Store/span_Delete&amp;apos;</message>
  <nestedLevel>2</nestedLevel>
</record>
<record>
  <date>2018-09-25T15:00:29</date>
  <millis>1537880429441</millis>
  <sequence>217</sequence>
  <level>INFO</level>
  <class>com.kms.katalon.core.logging.KeywordLogger</class>
  <method>logMessage</method>
  <thread>1</thread>
  <message>Check Test Object</message>
  <nestedLevel>2</nestedLevel>
</record>
<record>
  <date>2018-09-25T15:00:29</date>
  <millis>1537880429441</millis>
  <sequence>218</sequence>
  <level>INFO</level>
  <class>com.kms.katalon.core.logging.KeywordLogger</class>
  <method>logMessage</method>
  <thread>1</thread>
  <message>Check property name</message>
  <nestedLevel>2</nestedLevel>
</record>
<record>
  <date>2018-09-25T15:00:29</date>
  <millis>1537880429441</millis>
  <sequence>219</sequence>
  <level>INFO</level>
  <class>com.kms.katalon.core.logging.KeywordLogger</class>
  <method>logMessage</method>
  <thread>1</thread>
  <message>Check modify value</message>
  <nestedLevel>2</nestedLevel>
</record>
<record>
  <date>2018-09-25T15:00:29</date>
  <millis>1537880429441</millis>
  <sequence>220</sequence>
  <level>INFO</level>
  <class>com.kms.katalon.core.logging.KeywordLogger</class>
  <method>logMessage</method>
  <thread>1</thread>
  <message>Check match condition</message>
  <nestedLevel>2</nestedLevel>
</record>
<record>
  <date>2018-09-25T15:00:29</date>
  <millis>1537880429441</millis>
  <sequence>221</sequence>
  <level>PASSED</level>
  <class>com.kms.katalon.core.logging.KeywordLogger</class>
  <method>logMessage</method>
  <thread>1</thread>
  <message>Modify property of object successfully</message>
  <nestedLevel>2</nestedLevel>
</record>
<record>
  <date>2018-09-25T15:00:29</date>
  <millis>1537880429442</millis>
  <sequence>222</sequence>
  <level>END</level>
  <class>com.kms.katalon.core.logging.KeywordLogger</class>
  <method>endKeyword</method>
  <thread>1</thread>
  <message>End action : Statement - deleteButton = com.kms.katalon.core.webui.keyword.WebUiBuiltInKeywords.modifyObjectProperty(com.kms.katalon.core.testobject.ObjectRepository.findTestObject(Object Repository/Page_Addresses - My Store/span_Delete), \&amp;quot;xpath\&amp;quot;, \&amp;quot;equals\&amp;quot;, \&amp;quot;//a[@title=&amp;apos;Delete&amp;apos; and ../../li[1]/h3/text()=&amp;apos;\&amp;quot; + alias + \&amp;quot;&amp;apos;]\&amp;quot;, true)</message>
  <nestedLevel>1</nestedLevel>
</record>
<record>
  <date>2018-09-25T15:00:29</date>
  <millis>1537880429442</millis>
  <sequence>223</sequence>
  <level>START</level>
  <class>com.kms.katalon.core.logging.KeywordLogger</class>
  <method>startKeyword</method>
  <thread>1</thread>
  <message>Start action : Statement - If (com.kms.katalon.core.webui.keyword.WebUiBuiltInKeywords.waitForElementPresent(deleteButton, 1))</message>
  <nestedLevel>1</nestedLevel>
  <property name="startLine">27</property>
  <property name="stepIndex">3</property>
</record>
<record>
  <date>2018-09-25T15:00:29</date>
  <millis>1537880429446</millis>
  <sequence>224</sequence>
  <level>INFO</level>
  <class>com.kms.katalon.core.logging.KeywordLogger</class>
  <method>logMessage</method>
  <thread>1</thread>
  <message>Checking object</message>
  <nestedLevel>2</nestedLevel>
</record>
<record>
  <date>2018-09-25T15:00:29</date>
  <millis>1537880429447</millis>
  <sequence>225</sequence>
  <level>INFO</level>
  <class>com.kms.katalon.core.logging.KeywordLogger</class>
  <method>logMessage</method>
  <thread>1</thread>
  <message>Checking timeout</message>
  <nestedLevel>2</nestedLevel>
</record>
<record>
  <date>2018-09-25T15:00:29</date>
  <millis>1537880429447</millis>
  <sequence>226</sequence>
  <level>INFO</level>
  <class>com.kms.katalon.core.logging.KeywordLogger</class>
  <method>logMessage</method>
  <thread>1</thread>
  <message>Finding web element with id: &amp;apos;Object Repository/Page_Addresses - My Store/span_Delete&amp;apos; located by &amp;apos;By.xpath: //a[@title=&amp;apos;Delete&amp;apos; and ../../li[1]/h3/text()=&amp;apos;Work&amp;apos;]&amp;apos; in &amp;apos;1&amp;apos; second(s)</message>
  <nestedLevel>2</nestedLevel>
</record>
<record>
  <date>2018-09-25T15:00:29</date>
  <millis>1537880429462</millis>
  <sequence>227</sequence>
  <level>INFO</level>
  <class>com.kms.katalon.core.logging.KeywordLogger</class>
  <method>logMessage</method>
  <thread>1</thread>
  <message>Found 1 web elements with id: &amp;apos;Object Repository/Page_Addresses - My Store/span_Delete&amp;apos; located by &amp;apos;By.xpath: //a[@title=&amp;apos;Delete&amp;apos; and ../../li[1]/h3/text()=&amp;apos;Work&amp;apos;]&amp;apos; in &amp;apos;1&amp;apos; second(s)</message>
  <nestedLevel>2</nestedLevel>
</record>
<record>
  <date>2018-09-25T15:00:29</date>
  <millis>1537880429462</millis>
  <sequence>228</sequence>
  <level>PASSED</level>
  <class>com.kms.katalon.core.logging.KeywordLogger</class>
  <method>logMessage</method>
  <thread>1</thread>
  <message>Object &amp;apos;Object Repository/Page_Addresses - My Store/span_Delete&amp;apos; is present</message>
  <nestedLevel>2</nestedLevel>
</record>
<record>
  <date>2018-09-25T15:00:29</date>
  <millis>1537880429462</millis>
  <sequence>229</sequence>
  <level>START</level>
  <class>com.kms.katalon.core.logging.KeywordLogger</class>
  <method>startKeyword</method>
  <thread>1</thread>
  <message>Start action : Statement - return deleteButton</message>
  <nestedLevel>2</nestedLevel>
  <property name="startLine">28</property>
  <property name="stepIndex">1</property>
</record>
<record>
  <date>2018-09-25T15:00:29</date>
  <millis>1537880429466</millis>
  <sequence>230</sequence>
  <level>END</level>
  <class>com.kms.katalon.core.logging.KeywordLogger</class>
  <method>endKeyword</method>
  <thread>1</thread>
  <message>End action : Statement - return deleteButton</message>
  <nestedLevel>2</nestedLevel>
</record>
<record>
  <date>2018-09-25T15:00:29</date>
  <millis>1537880429467</millis>
  <sequence>231</sequence>
  <level>END</level>
  <class>com.kms.katalon.core.logging.KeywordLogger</class>
  <method>endKeyword</method>
  <thread>1</thread>
  <message>End action : Statement - If (com.kms.katalon.core.webui.keyword.WebUiBuiltInKeywords.waitForElementPresent(deleteButton, 1))</message>
  <nestedLevel>1</nestedLevel>
</record>
<record>
  <date>2018-09-25T15:00:29</date>
  <millis>1537880429467</millis>
  <sequence>232</sequence>
  <level>PASSED</level>
  <class>com.kms.katalon.core.logging.KeywordLogger</class>
  <method>logMessage</method>
  <thread>1</thread>
  <message>Test Cases/Common/FindAddress</message>
  <nestedLevel>2</nestedLevel>
</record>
<record>
  <date>2018-09-25T15:00:29</date>
  <millis>1537880429467</millis>
  <sequence>233</sequence>
  <level>END</level>
  <class>com.kms.katalon.core.logging.KeywordLogger</class>
  <method>endTest</method>
  <thread>1</thread>
  <message>End Test Case : Test Cases/Common/FindAddress</message>
  <nestedLevel>1</nestedLevel>
</record>
<record>
  <date>2018-09-25T15:00:29</date>
  <millis>1537880429467</millis>
  <sequence>234</sequence>
  <level>PASSED</level>
  <class>com.kms.katalon.core.logging.KeywordLogger</class>
  <method>logMessage</method>
  <thread>1</thread>
  <message>Call Test Case &amp;apos;Test Cases/Common/FindAddress&amp;apos; successfully</message>
  <nestedLevel>1</nestedLevel>
</record>
<record>
  <date>2018-09-25T15:00:29</date>
  <millis>1537880429467</millis>
  <sequence>235</sequence>
  <level>END</level>
  <class>com.kms.katalon.core.logging.KeywordLogger</class>
  <method>endKeyword</method>
  <thread>1</thread>
  <message>End action : Statement - If (!(com.kms.katalon.core.webui.keyword.WebUiBuiltInKeywords.callTestCase(com.kms.katalon.core.testcase.TestCaseFactory.findTestCase(Common/FindAddress), [\&amp;quot;alias\&amp;quot;:alias])))</message>
  <nestedLevel>1</nestedLevel>
</record>
<record>
  <date>2018-09-25T15:00:29</date>
  <millis>1537880429468</millis>
  <sequence>236</sequence>
  <level>PASSED</level>
  <class>com.kms.katalon.core.logging.KeywordLogger</class>
  <method>logMessage</method>
  <thread>1</thread>
  <message>Test Cases/Home/Add address</message>
  <nestedLevel>1</nestedLevel>
</record>
<record>
  <date>2018-09-25T15:00:31</date>
  <millis>1537880431480</millis>
  <sequence>237</sequence>
  <level>END</level>
  <class>com.kms.katalon.core.logging.KeywordLogger</class>
  <method>endTest</method>
  <thread>1</thread>
  <message>End Test Case : Test Cases/Home/Add address</message>
  <nestedLevel>0</nestedLevel>
</record>
<record>
  <date>2018-09-25T15:00:32</date>
  <millis>1537880432132</millis>
  <sequence>238</sequence>
  <level>END</level>
  <class>com.kms.katalon.core.logging.KeywordLogger</class>
  <method>endSuite</method>
  <thread>1</thread>
  <message>End Test Suite : Test Suites/Home/Add addresses</message>
  <nestedLevel>0</nestedLevel>
</record>
</log>